#
# A fatal error has been detected by the Java Runtime Environment:
#
#  SIGILL (0x4) at pc=0x00007fff201968c1, pid=1165, tid=0x0000000000000307
#
# JRE version: Java(TM) SE Runtime Environment (8.0_111-b14) (build 1.8.0_111-b14)
# Java VM: Java HotSpot(TM) 64-Bit Server VM (25.111-b14 mixed mode bsd-amd64 compressed oops)
# Problematic frame:
# C  [libdispatch.dylib+0x108c1]  __DISPATCH_WAIT_FOR_QUEUE__+0x186
#
# Failed to write core dump. Core dumps have been disabled. To enable core dumping, try "ulimit -c unlimited" before starting Java again
#
# If you would like to submit a bug report, please visit:
#   http://bugreport.java.com/bugreport/crash.jsp
# The crash happened outside the Java Virtual Machine in native code.
# See problematic frame for where to report the bug.
#

---------------  T H R E A D  ---------------

Current thread (0x00007fcd708a1000):  JavaThread "JavaFX Application Thread" [_thread_in_native, id=775, stack(0x00007ffee2922000,0x00007ffee3122000)]

siginfo: si_signo: 4 (SIGILL), si_code: 1 (ILL_ILLOPC), si_addr: 0x00007fff201968c1

Registers:
RAX=0x001ffe9000000304, RBX=0x00007ffee3119a70, RCX=0x001ffe9000000304, RDX=0x00007fff201be787
RSP=0x00007ffee3119a40, RBP=0x00007ffee3119a60, RSI=0xff80002000000002, RDI=0x0000002000000002
R8 =0x00007fff88aa9c00, R9 =0x0000000000000013, R10=0x0000003000000000, R11=0x0060000000000002
R12=0x00007ffee3119b28, R13=0x00007fff88aa9c00, R14=0x00007fff88aa9c00, R15=0x000000012dd56deb
RIP=0x00007fff201968c1, EFLAGS=0x0000000000010246, ERR=0x0000000000000000
  TRAPNO=0x0000000000000006

Top of Stack: (sp=0x00007ffee3119a40)
0x00007ffee3119a40:   0000000000000307 00007ffee3119a70
0x00007ffee3119a50:   0000000000000000 000000012dd56deb
0x00007ffee3119a60:   00007ffee3119b10 00007fff201964ac
0x00007ffee3119a70:   0000000000000013 00000000100020ff
0x00007ffee3119a80:   0000000000000000 0000000000000000
0x00007ffee3119a90:   00007fff2019666d 00007ffee3119a70
0x00007ffee3119aa0:   0000000000000000 00007fff88aa9c00
0x00007ffee3119ab0:   000000012dd56deb 00007ffee3119b28
0x00007ffee3119ac0:   0000000000000000 0000000000000000
0x00007ffee3119ad0:   0000030700000000 00007ffee3000000
0x00007ffee3119ae0:   0000000000000002 00007ffee3119b88
0x00007ffee3119af0:   0000000000000000 000000012d18ee98
0x00007ffee3119b00:   000000012dd634be 00007fcd6f98d980
0x00007ffee3119b10:   00007ffee3119b70 000000012dd56db1
0x00007ffee3119b20:   0000000000000003 00007fff88aacdc0
0x00007ffee3119b30:   00000000c2000000 000000012dd56deb
0x00007ffee3119b40:   000000012dd6b360 00007fcd6f98d980
0x00007ffee3119b50:   00007ffee3119b88 00007fcd708a11f8
0x00007ffee3119b60:   00007ffee3119b88 00007fff88aafaf0
0x00007ffee3119b70:   00007ffee311a6f0 000000012dd583fb
0x00007ffee3119b80:   000000000000009a 000000012dd6b460
0x00007ffee3119b90:   000000000bc1aa01 000000000bc2bb02
0x00007ffee3119ba0:   000000012dd63700 00007f0000000000
0x00007ffee3119bb0:   00007fcd7520f770 0000000000000000
0x00007ffee3119bc0:   0000000000000000 0000000000000001
0x00007ffee3119bd0:   0000003000000010 00007ffee311a3e0
0x00007ffee3119be0:   00007ffee3119b10 00007ffee311a3f0
0x00007ffee3119bf0:   00007ffee311a380 00007fcd708a1000
0x00007ffee3119c00:   0000000000000033 0000000000000001
0x00007ffee3119c10:   0000003000000010 00007ffee311a420
0x00007ffee3119c20:   00007ffee3119b50 00007ffee311a430
0x00007ffee3119c30:   00007ffee3119b60 000000012d18e270 

Instructions: (pc=0x00007fff201968c1)
0x00007fff201968a1:   48 89 c1 e9 dd fe ff ff 48 8d 15 d7 7e 02 00 48
0x00007fff201968b1:   89 c8 48 89 15 ce 5b 93 68 48 89 05 f7 5b 93 68
0x00007fff201968c1:   0f 0b 55 48 89 e5 41 56 53 49 89 f6 48 89 fb 83
0x00007fff201968d1:   e2 02 d1 ea 4c 39 f3 74 34 f6 c2 01 74 12 48 8b 

Register to memory mapping:

RAX=0x001ffe9000000304 is an unknown value
RBX=0x00007ffee3119a70 is pointing into the stack for thread: 0x00007fcd708a1000
RCX=0x001ffe9000000304 is an unknown value
RDX=0x00007fff201be787: base64_decode_table+0x1fa7 in /usr/lib/system/libdispatch.dylib at 0x00007fff20186000
RSP=0x00007ffee3119a40 is pointing into the stack for thread: 0x00007fcd708a1000
RBP=0x00007ffee3119a60 is pointing into the stack for thread: 0x00007fcd708a1000
RSI=0xff80002000000002 is an unknown value
RDI=0x0000002000000002 is an unknown value
R8 =0x00007fff88aa9c00: _dispatch_main_q+0 in /usr/lib/system/libdispatch.dylib at 0x00007fff20186000
R9 =0x0000000000000013 is an unknown value
R10=0x0000003000000000 is an unknown value
R11=0x0060000000000002 is an unknown value
R12=0x00007ffee3119b28 is pointing into the stack for thread: 0x00007fcd708a1000
R13=0x00007fff88aa9c00: _dispatch_main_q+0 in /usr/lib/system/libdispatch.dylib at 0x00007fff20186000
R14=0x00007fff88aa9c00: _dispatch_main_q+0 in /usr/lib/system/libdispatch.dylib at 0x00007fff20186000
R15=0x000000012dd56deb: ___Z22synchronousBTOperationP8Runnable_block_invoke+0 in /private/var/folders/th/b7cvx2bj3ng352d8ll3vk7nr0000gn/T/bluecove_AdriCortellucci_0/libbluecove.jnilib at 0x000000012dd53000


Stack: [0x00007ffee2922000,0x00007ffee3122000],  sp=0x00007ffee3119a40,  free space=8158k
Native frames: (J=compiled Java code, j=interpreted, Vv=VM code, C=native code)
C  [libdispatch.dylib+0x108c1]  __DISPATCH_WAIT_FOR_QUEUE__+0x186
C  [libdispatch.dylib+0x104ac]  _dispatch_sync_f_slow+0xab
C  [libbluecove.jnilib+0x3db1]  synchronousBTOperation(Runnable*)+0x8b
C  [libbluecove.jnilib+0x53fb]  Java_com_intel_bluetooth_BluetoothStackOSX_getLocalDeviceSupportedSoftwareVersion+0xdd
j  com.intel.bluetooth.BluetoothStackOSX.getLocalDeviceSupportedSoftwareVersion()I+0
j  com.intel.bluetooth.BluetoothStackOSX.initialize()V+101
j  com.intel.bluetooth.BlueCoveImpl.setBluetoothStack(Ljava/lang/String;Lcom/intel/bluetooth/BluetoothStack;)Lcom/intel/bluetooth/BluetoothStack;+290
j  com.intel.bluetooth.BlueCoveImpl.detectStack()Lcom/intel/bluetooth/BluetoothStack;+455
j  com.intel.bluetooth.BlueCoveImpl.access$500(Lcom/intel/bluetooth/BlueCoveImpl;)Lcom/intel/bluetooth/BluetoothStack;+1
j  com.intel.bluetooth.BlueCoveImpl$1.run()Ljava/lang/Object;+4
v  ~StubRoutines::call_stub
V  [libjvm.dylib+0x2ecf8a]  JavaCalls::call_helper(JavaValue*, methodHandle*, JavaCallArguments*, Thread*)+0x6ae
V  [libjvm.dylib+0x34d6c8]  JVM_DoPrivileged+0x4b8
J 486  java.security.AccessController.doPrivileged(Ljava/security/PrivilegedExceptionAction;Ljava/security/AccessControlContext;)Ljava/lang/Object; (0 bytes) @ 0x0000000116a550d5 [0x0000000116a55000+0xd5]
j  com.intel.bluetooth.BlueCoveImpl.detectStackPrivileged()Lcom/intel/bluetooth/BluetoothStack;+15
j  com.intel.bluetooth.BlueCoveImpl.getBluetoothStack()Lcom/intel/bluetooth/BluetoothStack;+63
j  com.intel.bluetooth.MicroeditionConnector.openImpl(Ljava/lang/String;IZZ)Ljavax/microedition/io/Connection;+140
j  com.intel.bluetooth.MicroeditionConnector.open(Ljava/lang/String;I)Ljavax/microedition/io/Connection;+4
j  javax.microedition.io.Connector.open(Ljava/lang/String;I)Ljavax/microedition/io/Connection;+2
j  BITalino.BITalino.open(Ljava/lang/String;I)V+66
j  BITalino.BitalinoDemo.startECGvalues()V+19
j  Client.BitalinoRecordingDataController.displayValue(Ljavafx/event/ActionEvent;)V+40
v  ~StubRoutines::call_stub
V  [libjvm.dylib+0x2ecf8a]  JavaCalls::call_helper(JavaValue*, methodHandle*, JavaCallArguments*, Thread*)+0x6ae
V  [libjvm.dylib+0x4d1bb4]  Reflection::invoke(instanceKlassHandle, methodHandle, Handle, bool, objArrayHandle, BasicType, objArrayHandle, bool, Thread*)+0xe12
V  [libjvm.dylib+0x4d20e8]  Reflection::invoke_method(oopDesc*, Handle, objArrayHandle, Thread*)+0x16c
V  [libjvm.dylib+0x345394]  JVM_InvokeMethod+0x166
J 2270  sun.reflect.NativeMethodAccessorImpl.invoke0(Ljava/lang/reflect/Method;Ljava/lang/Object;[Ljava/lang/Object;)Ljava/lang/Object; (0 bytes) @ 0x0000000116eb416d [0x0000000116eb4080+0xed]
J 2269 C1 sun.reflect.NativeMethodAccessorImpl.invoke(Ljava/lang/Object;[Ljava/lang/Object;)Ljava/lang/Object; (104 bytes) @ 0x0000000116eb7d94 [0x0000000116eb6bc0+0x11d4]
J 1046 C1 sun.reflect.DelegatingMethodAccessorImpl.invoke(Ljava/lang/Object;[Ljava/lang/Object;)Ljava/lang/Object; (10 bytes) @ 0x0000000116bc1a8c [0x0000000116bc1980+0x10c]
J 1045 C1 java.lang.reflect.Method.invoke(Ljava/lang/Object;[Ljava/lang/Object;)Ljava/lang/Object; (62 bytes) @ 0x0000000116bc149c [0x0000000116bc10a0+0x3fc]
J 2281 C1 sun.reflect.GeneratedMethodAccessor1.invoke(Ljava/lang/Object;[Ljava/lang/Object;)Ljava/lang/Object; (65 bytes) @ 0x0000000116ed5dfc [0x0000000116ed5a40+0x3bc]
J 1046 C1 sun.reflect.DelegatingMethodAccessorImpl.invoke(Ljava/lang/Object;[Ljava/lang/Object;)Ljava/lang/Object; (10 bytes) @ 0x0000000116bc1a8c [0x0000000116bc1980+0x10c]
J 1045 C1 java.lang.reflect.Method.invoke(Ljava/lang/Object;[Ljava/lang/Object;)Ljava/lang/Object; (62 bytes) @ 0x0000000116bc149c [0x0000000116bc10a0+0x3fc]
J 2278 C1 sun.reflect.misc.MethodUtil.invoke(Ljava/lang/reflect/Method;Ljava/lang/Object;[Ljava/lang/Object;)Ljava/lang/Object; (111 bytes) @ 0x0000000116ebd7cc [0x0000000116ebd300+0x4cc]
j  javafx.fxml.FXMLLoader$MethodHandler.invoke([Ljava/lang/Object;)V+19
j  javafx.fxml.FXMLLoader$ControllerMethodEventHandler.handle(Ljavafx/event/Event;)V+12
J 2060 C1 com.sun.javafx.event.CompositeEventHandler.dispatchBubblingEvent(Ljavafx/event/Event;)V (57 bytes) @ 0x0000000116e06d54 [0x0000000116e06980+0x3d4]
J 1743 C1 com.sun.javafx.event.EventHandlerManager.dispatchBubblingEvent(Ljavafx/event/Event;)Ljavafx/event/Event; (23 bytes) @ 0x0000000116d3701c [0x0000000116d369a0+0x67c]
J 1742 C1 com.sun.javafx.event.CompositeEventDispatcher.dispatchBubblingEvent(Ljavafx/event/Event;)Ljavafx/event/Event; (35 bytes) @ 0x0000000116d3631c [0x0000000116d36160+0x1bc]
J 1675 C1 com.sun.javafx.event.BasicEventDispatcher.dispatchEvent(Ljavafx/event/Event;Ljavafx/event/EventDispatchChain;)Ljavafx/event/Event; (44 bytes) @ 0x0000000116d1a5bc [0x0000000116d1a280+0x33c]
J 1180 C1 com.sun.javafx.event.EventDispatchChainImpl.dispatchEvent(Ljavafx/event/Event;)Ljavafx/event/Event; (101 bytes) @ 0x0000000116c2e0d4 [0x0000000116c2df20+0x1b4]
J 1675 C1 com.sun.javafx.event.BasicEventDispatcher.dispatchEvent(Ljavafx/event/Event;Ljavafx/event/EventDispatchChain;)Ljavafx/event/Event; (44 bytes) @ 0x0000000116d1a4d4 [0x0000000116d1a280+0x254]
J 1180 C1 com.sun.javafx.event.EventDispatchChainImpl.dispatchEvent(Ljavafx/event/Event;)Ljavafx/event/Event; (101 bytes) @ 0x0000000116c2e0d4 [0x0000000116c2df20+0x1b4]
J 1675 C1 com.sun.javafx.event.BasicEventDispatcher.dispatchEvent(Ljavafx/event/Event;Ljavafx/event/EventDispatchChain;)Ljavafx/event/Event; (44 bytes) @ 0x0000000116d1a4d4 [0x0000000116d1a280+0x254]
J 1180 C1 com.sun.javafx.event.EventDispatchChainImpl.dispatchEvent(Ljavafx/event/Event;)Ljavafx/event/Event; (101 bytes) @ 0x0000000116c2e0d4 [0x0000000116c2df20+0x1b4]
J 1899 C1 com.sun.javafx.event.EventUtil.fireEvent(Ljavafx/event/EventTarget;Ljavafx/event/Event;)Ljavafx/event/Event; (81 bytes) @ 0x0000000116d7f71c [0x0000000116d7eb40+0xbdc]
J 1898 C1 javafx.event.Event.fireEvent(Ljavafx/event/EventTarget;Ljavafx/event/Event;)V (35 bytes) @ 0x0000000116d7e4ec [0x0000000116d7e420+0xcc]
j  javafx.scene.Node.fireEvent(Ljavafx/event/Event;)V+86
j  javafx.scene.control.Button.fire()V+15
j  com.sun.javafx.scene.control.behavior.ButtonBehavior.mouseReleased(Ljavafx/scene/input/MouseEvent;)V+23
j  com.sun.javafx.scene.control.skin.BehaviorSkinBase$1.handle(Ljavafx/scene/input/MouseEvent;)V+83
j  com.sun.javafx.scene.control.skin.BehaviorSkinBase$1.handle(Ljavafx/event/Event;)V+5
J 2051 C1 com.sun.javafx.event.CompositeEventHandler$NormalEventHandlerRecord.handleBubblingEvent(Ljavafx/event/Event;)V (11 bytes) @ 0x0000000116df4a8c [0x0000000116df4980+0x10c]
J 2060 C1 com.sun.javafx.event.CompositeEventHandler.dispatchBubblingEvent(Ljavafx/event/Event;)V (57 bytes) @ 0x0000000116e06bc4 [0x0000000116e06980+0x244]
J 1743 C1 com.sun.javafx.event.EventHandlerManager.dispatchBubblingEvent(Ljavafx/event/Event;)Ljavafx/event/Event; (23 bytes) @ 0x0000000116d3701c [0x0000000116d369a0+0x67c]
J 1742 C1 com.sun.javafx.event.CompositeEventDispatcher.dispatchBubblingEvent(Ljavafx/event/Event;)Ljavafx/event/Event; (35 bytes) @ 0x0000000116d3631c [0x0000000116d36160+0x1bc]
J 1675 C1 com.sun.javafx.event.BasicEventDispatcher.dispatchEvent(Ljavafx/event/Event;Ljavafx/event/EventDispatchChain;)Ljavafx/event/Event; (44 bytes) @ 0x0000000116d1a5bc [0x0000000116d1a280+0x33c]
J 1180 C1 com.sun.javafx.event.EventDispatchChainImpl.dispatchEvent(Ljavafx/event/Event;)Ljavafx/event/Event; (101 bytes) @ 0x0000000116c2e0d4 [0x0000000116c2df20+0x1b4]
J 1675 C1 com.sun.javafx.event.BasicEventDispatcher.dispatchEvent(Ljavafx/event/Event;Ljavafx/event/EventDispatchChain;)Ljavafx/event/Event; (44 bytes) @ 0x0000000116d1a4d4 [0x0000000116d1a280+0x254]
J 1180 C1 com.sun.javafx.event.EventDispatchChainImpl.dispatchEvent(Ljavafx/event/Event;)Ljavafx/event/Event; (101 bytes) @ 0x0000000116c2e0d4 [0x0000000116c2df20+0x1b4]
J 1675 C1 com.sun.javafx.event.BasicEventDispatcher.dispatchEvent(Ljavafx/event/Event;Ljavafx/event/EventDispatchChain;)Ljavafx/event/Event; (44 bytes) @ 0x0000000116d1a4d4 [0x0000000116d1a280+0x254]
J 1180 C1 com.sun.javafx.event.EventDispatchChainImpl.dispatchEvent(Ljavafx/event/Event;)Ljavafx/event/Event; (101 bytes) @ 0x0000000116c2e0d4 [0x0000000116c2df20+0x1b4]
J 1899 C1 com.sun.javafx.event.EventUtil.fireEvent(Ljavafx/event/EventTarget;Ljavafx/event/Event;)Ljavafx/event/Event; (81 bytes) @ 0x0000000116d7f26c [0x0000000116d7eb40+0x72c]
J 1928 C1 javafx.scene.Scene$MouseHandler.process(Ljavafx/scene/input/MouseEvent;Z)V (735 bytes) @ 0x0000000116da077c [0x0000000116d9dc60+0x2b1c]
J 2755 C1 javafx.scene.Scene$ScenePeerListener.mouseEvent(Ljavafx/event/EventType;DDDDLjavafx/scene/input/MouseButton;ZZZZZZZZZ)V (50 bytes) @ 0x00000001170976b4 [0x00000001170973e0+0x2d4]
J 2750 C1 com.sun.javafx.tk.quantum.GlassViewEventHandler$MouseEventNotification.run()Ljava/lang/Void; (567 bytes) @ 0x000000011709b29c [0x000000011709a4c0+0xddc]
J 2749 C1 com.sun.javafx.tk.quantum.GlassViewEventHandler$MouseEventNotification.run()Ljava/lang/Object; (5 bytes) @ 0x0000000117098d8c [0x0000000117098d00+0x8c]
v  ~StubRoutines::call_stub
V  [libjvm.dylib+0x2ecf8a]  JavaCalls::call_helper(JavaValue*, methodHandle*, JavaCallArguments*, Thread*)+0x6ae
V  [libjvm.dylib+0x34d6c8]  JVM_DoPrivileged+0x4b8
J 1151  java.security.AccessController.doPrivileged(Ljava/security/PrivilegedAction;Ljava/security/AccessControlContext;)Ljava/lang/Object; (0 bytes) @ 0x0000000116c1d495 [0x0000000116c1d3c0+0xd5]
J 2388 C1 com.sun.javafx.tk.quantum.GlassViewEventHandler$$Lambda$152.get()Ljava/lang/Object; (8 bytes) @ 0x0000000116f37124 [0x0000000116f36f40+0x1e4]
J 1174 C1 com.sun.javafx.tk.quantum.QuantumToolkit.runWithoutRenderLock(Ljava/util/function/Supplier;)Ljava/lang/Object; (49 bytes) @ 0x0000000116c2b0b4 [0x0000000116c2ab80+0x534]
J 2385 C1 com.sun.javafx.tk.quantum.GlassViewEventHandler.handleMouseEvent(Lcom/sun/glass/ui/View;JIIIIIIIZZ)V (108 bytes) @ 0x0000000116f36424 [0x0000000116f36000+0x424]
J 1957 C1 com.sun.glass.ui.View.notifyMouse(IIIIIIIZZ)V (221 bytes) @ 0x0000000116db1c7c [0x0000000116db0ba0+0x10dc]
v  ~StubRoutines::call_stub
V  [libjvm.dylib+0x2ecf8a]  JavaCalls::call_helper(JavaValue*, methodHandle*, JavaCallArguments*, Thread*)+0x6ae
V  [libjvm.dylib+0x324119]  jni_invoke_nonstatic(JNIEnv_*, JavaValue*, _jobject*, JNICallType, _jmethodID*, JNI_ArgumentPusher*, Thread*)+0x2ec
V  [libjvm.dylib+0x3168e7]  jni_CallVoidMethod+0x16b
C  [libglass.dylib+0x2058c]  -[GlassViewDelegate sendJavaMouseEvent:]+0x86c
C  [AppKit+0x1c9801]  -[NSWindow(NSEventRouting) _reallySendEvent:isDelayedEvent:]+0xa9f
C  [AppKit+0x1c8b46]  -[NSWindow(NSEventRouting) sendEvent:]+0x15b
C  [libglass.dylib+0x25964]  -[GlassWindow_Normal sendEvent:]+0x74
C  [AppKit+0x1c6f2c]  -[NSApplication(NSEvent) sendEvent:]+0x160
C  [AppKit+0x49e02e]  -[NSApplication _handleEvent:]+0x41
C  [AppKit+0x2fbff]  -[NSApplication run]+0x26f
C  [libglass.dylib+0x654c]  -[GlassApplication runLoop:]+0x72c
C  [Foundation+0x804d9]  __NSThreadPerformPerform+0xcc
C  [CoreFoundation+0x819fc]  __CFRUNLOOP_IS_CALLING_OUT_TO_A_SOURCE0_PERFORM_FUNCTION__+0x11
C  [CoreFoundation+0x81964]  __CFRunLoopDoSource0+0xb4
C  [CoreFoundation+0x816df]  __CFRunLoopDoSources0+0xf8
C  [CoreFoundation+0x80111]  __CFRunLoopRun+0x37a
C  [CoreFoundation+0x7f6be]  CFRunLoopRunSpecific+0x233
C  [java+0x6465]  CreateExecutionEnvironment+0x367
C  [java+0x218c]  JLI_Launch+0x7a0
C  [java+0x84c2]  main+0x65
C  [java+0x19e4]  start+0x34
C  0x0000000000000005

Java frames: (J=compiled Java code, j=interpreted, Vv=VM code)
j  com.intel.bluetooth.BluetoothStackOSX.getLocalDeviceSupportedSoftwareVersion()I+0
j  com.intel.bluetooth.BluetoothStackOSX.initialize()V+101
j  com.intel.bluetooth.BlueCoveImpl.setBluetoothStack(Ljava/lang/String;Lcom/intel/bluetooth/BluetoothStack;)Lcom/intel/bluetooth/BluetoothStack;+290
j  com.intel.bluetooth.BlueCoveImpl.detectStack()Lcom/intel/bluetooth/BluetoothStack;+455
j  com.intel.bluetooth.BlueCoveImpl.access$500(Lcom/intel/bluetooth/BlueCoveImpl;)Lcom/intel/bluetooth/BluetoothStack;+1
j  com.intel.bluetooth.BlueCoveImpl$1.run()Ljava/lang/Object;+4
v  ~StubRoutines::call_stub
J 486  java.security.AccessController.doPrivileged(Ljava/security/PrivilegedExceptionAction;Ljava/security/AccessControlContext;)Ljava/lang/Object; (0 bytes) @ 0x0000000116a55063 [0x0000000116a55000+0x63]
j  com.intel.bluetooth.BlueCoveImpl.detectStackPrivileged()Lcom/intel/bluetooth/BluetoothStack;+15
j  com.intel.bluetooth.BlueCoveImpl.getBluetoothStack()Lcom/intel/bluetooth/BluetoothStack;+63
j  com.intel.bluetooth.MicroeditionConnector.openImpl(Ljava/lang/String;IZZ)Ljavax/microedition/io/Connection;+140
j  com.intel.bluetooth.MicroeditionConnector.open(Ljava/lang/String;I)Ljavax/microedition/io/Connection;+4
j  javax.microedition.io.Connector.open(Ljava/lang/String;I)Ljavax/microedition/io/Connection;+2
j  BITalino.BITalino.open(Ljava/lang/String;I)V+66
j  BITalino.BitalinoDemo.startECGvalues()V+19
j  Client.BitalinoRecordingDataController.displayValue(Ljavafx/event/ActionEvent;)V+40
v  ~StubRoutines::call_stub
J 2270  sun.reflect.NativeMethodAccessorImpl.invoke0(Ljava/lang/reflect/Method;Ljava/lang/Object;[Ljava/lang/Object;)Ljava/lang/Object; (0 bytes) @ 0x0000000116eb40f7 [0x0000000116eb4080+0x77]
J 2269 C1 sun.reflect.NativeMethodAccessorImpl.invoke(Ljava/lang/Object;[Ljava/lang/Object;)Ljava/lang/Object; (104 bytes) @ 0x0000000116eb7d94 [0x0000000116eb6bc0+0x11d4]
J 1046 C1 sun.reflect.DelegatingMethodAccessorImpl.invoke(Ljava/lang/Object;[Ljava/lang/Object;)Ljava/lang/Object; (10 bytes) @ 0x0000000116bc1a8c [0x0000000116bc1980+0x10c]
J 1045 C1 java.lang.reflect.Method.invoke(Ljava/lang/Object;[Ljava/lang/Object;)Ljava/lang/Object; (62 bytes) @ 0x0000000116bc149c [0x0000000116bc10a0+0x3fc]
J 2281 C1 sun.reflect.GeneratedMethodAccessor1.invoke(Ljava/lang/Object;[Ljava/lang/Object;)Ljava/lang/Object; (65 bytes) @ 0x0000000116ed5dfc [0x0000000116ed5a40+0x3bc]
J 1046 C1 sun.reflect.DelegatingMethodAccessorImpl.invoke(Ljava/lang/Object;[Ljava/lang/Object;)Ljava/lang/Object; (10 bytes) @ 0x0000000116bc1a8c [0x0000000116bc1980+0x10c]
J 1045 C1 java.lang.reflect.Method.invoke(Ljava/lang/Object;[Ljava/lang/Object;)Ljava/lang/Object; (62 bytes) @ 0x0000000116bc149c [0x0000000116bc10a0+0x3fc]
J 2278 C1 sun.reflect.misc.MethodUtil.invoke(Ljava/lang/reflect/Method;Ljava/lang/Object;[Ljava/lang/Object;)Ljava/lang/Object; (111 bytes) @ 0x0000000116ebd7cc [0x0000000116ebd300+0x4cc]
j  javafx.fxml.FXMLLoader$MethodHandler.invoke([Ljava/lang/Object;)V+19
j  javafx.fxml.FXMLLoader$ControllerMethodEventHandler.handle(Ljavafx/event/Event;)V+12
J 2060 C1 com.sun.javafx.event.CompositeEventHandler.dispatchBubblingEvent(Ljavafx/event/Event;)V (57 bytes) @ 0x0000000116e06d54 [0x0000000116e06980+0x3d4]
J 1743 C1 com.sun.javafx.event.EventHandlerManager.dispatchBubblingEvent(Ljavafx/event/Event;)Ljavafx/event/Event; (23 bytes) @ 0x0000000116d3701c [0x0000000116d369a0+0x67c]
J 1742 C1 com.sun.javafx.event.CompositeEventDispatcher.dispatchBubblingEvent(Ljavafx/event/Event;)Ljavafx/event/Event; (35 bytes) @ 0x0000000116d3631c [0x0000000116d36160+0x1bc]
J 1675 C1 com.sun.javafx.event.BasicEventDispatcher.dispatchEvent(Ljavafx/event/Event;Ljavafx/event/EventDispatchChain;)Ljavafx/event/Event; (44 bytes) @ 0x0000000116d1a5bc [0x0000000116d1a280+0x33c]
J 1180 C1 com.sun.javafx.event.EventDispatchChainImpl.dispatchEvent(Ljavafx/event/Event;)Ljavafx/event/Event; (101 bytes) @ 0x0000000116c2e0d4 [0x0000000116c2df20+0x1b4]
J 1675 C1 com.sun.javafx.event.BasicEventDispatcher.dispatchEvent(Ljavafx/event/Event;Ljavafx/event/EventDispatchChain;)Ljavafx/event/Event; (44 bytes) @ 0x0000000116d1a4d4 [0x0000000116d1a280+0x254]
J 1180 C1 com.sun.javafx.event.EventDispatchChainImpl.dispatchEvent(Ljavafx/event/Event;)Ljavafx/event/Event; (101 bytes) @ 0x0000000116c2e0d4 [0x0000000116c2df20+0x1b4]
J 1675 C1 com.sun.javafx.event.BasicEventDispatcher.dispatchEvent(Ljavafx/event/Event;Ljavafx/event/EventDispatchChain;)Ljavafx/event/Event; (44 bytes) @ 0x0000000116d1a4d4 [0x0000000116d1a280+0x254]
J 1180 C1 com.sun.javafx.event.EventDispatchChainImpl.dispatchEvent(Ljavafx/event/Event;)Ljavafx/event/Event; (101 bytes) @ 0x0000000116c2e0d4 [0x0000000116c2df20+0x1b4]
J 1899 C1 com.sun.javafx.event.EventUtil.fireEvent(Ljavafx/event/EventTarget;Ljavafx/event/Event;)Ljavafx/event/Event; (81 bytes) @ 0x0000000116d7f71c [0x0000000116d7eb40+0xbdc]
J 1898 C1 javafx.event.Event.fireEvent(Ljavafx/event/EventTarget;Ljavafx/event/Event;)V (35 bytes) @ 0x0000000116d7e4ec [0x0000000116d7e420+0xcc]
j  javafx.scene.Node.fireEvent(Ljavafx/event/Event;)V+86
j  javafx.scene.control.Button.fire()V+15
j  com.sun.javafx.scene.control.behavior.ButtonBehavior.mouseReleased(Ljavafx/scene/input/MouseEvent;)V+23
j  com.sun.javafx.scene.control.skin.BehaviorSkinBase$1.handle(Ljavafx/scene/input/MouseEvent;)V+83
j  com.sun.javafx.scene.control.skin.BehaviorSkinBase$1.handle(Ljavafx/event/Event;)V+5
J 2051 C1 com.sun.javafx.event.CompositeEventHandler$NormalEventHandlerRecord.handleBubblingEvent(Ljavafx/event/Event;)V (11 bytes) @ 0x0000000116df4a8c [0x0000000116df4980+0x10c]
J 2060 C1 com.sun.javafx.event.CompositeEventHandler.dispatchBubblingEvent(Ljavafx/event/Event;)V (57 bytes) @ 0x0000000116e06bc4 [0x0000000116e06980+0x244]
J 1743 C1 com.sun.javafx.event.EventHandlerManager.dispatchBubblingEvent(Ljavafx/event/Event;)Ljavafx/event/Event; (23 bytes) @ 0x0000000116d3701c [0x0000000116d369a0+0x67c]
J 1742 C1 com.sun.javafx.event.CompositeEventDispatcher.dispatchBubblingEvent(Ljavafx/event/Event;)Ljavafx/event/Event; (35 bytes) @ 0x0000000116d3631c [0x0000000116d36160+0x1bc]
J 1675 C1 com.sun.javafx.event.BasicEventDispatcher.dispatchEvent(Ljavafx/event/Event;Ljavafx/event/EventDispatchChain;)Ljavafx/event/Event; (44 bytes) @ 0x0000000116d1a5bc [0x0000000116d1a280+0x33c]
J 1180 C1 com.sun.javafx.event.EventDispatchChainImpl.dispatchEvent(Ljavafx/event/Event;)Ljavafx/event/Event; (101 bytes) @ 0x0000000116c2e0d4 [0x0000000116c2df20+0x1b4]
J 1675 C1 com.sun.javafx.event.BasicEventDispatcher.dispatchEvent(Ljavafx/event/Event;Ljavafx/event/EventDispatchChain;)Ljavafx/event/Event; (44 bytes) @ 0x0000000116d1a4d4 [0x0000000116d1a280+0x254]
J 1180 C1 com.sun.javafx.event.EventDispatchChainImpl.dispatchEvent(Ljavafx/event/Event;)Ljavafx/event/Event; (101 bytes) @ 0x0000000116c2e0d4 [0x0000000116c2df20+0x1b4]
J 1675 C1 com.sun.javafx.event.BasicEventDispatcher.dispatchEvent(Ljavafx/event/Event;Ljavafx/event/EventDispatchChain;)Ljavafx/event/Event; (44 bytes) @ 0x0000000116d1a4d4 [0x0000000116d1a280+0x254]
J 1180 C1 com.sun.javafx.event.EventDispatchChainImpl.dispatchEvent(Ljavafx/event/Event;)Ljavafx/event/Event; (101 bytes) @ 0x0000000116c2e0d4 [0x0000000116c2df20+0x1b4]
J 1899 C1 com.sun.javafx.event.EventUtil.fireEvent(Ljavafx/event/EventTarget;Ljavafx/event/Event;)Ljavafx/event/Event; (81 bytes) @ 0x0000000116d7f26c [0x0000000116d7eb40+0x72c]
J 1928 C1 javafx.scene.Scene$MouseHandler.process(Ljavafx/scene/input/MouseEvent;Z)V (735 bytes) @ 0x0000000116da077c [0x0000000116d9dc60+0x2b1c]
J 2755 C1 javafx.scene.Scene$ScenePeerListener.mouseEvent(Ljavafx/event/EventType;DDDDLjavafx/scene/input/MouseButton;ZZZZZZZZZ)V (50 bytes) @ 0x00000001170976b4 [0x00000001170973e0+0x2d4]
J 2750 C1 com.sun.javafx.tk.quantum.GlassViewEventHandler$MouseEventNotification.run()Ljava/lang/Void; (567 bytes) @ 0x000000011709b29c [0x000000011709a4c0+0xddc]
J 2749 C1 com.sun.javafx.tk.quantum.GlassViewEventHandler$MouseEventNotification.run()Ljava/lang/Object; (5 bytes) @ 0x0000000117098d8c [0x0000000117098d00+0x8c]
v  ~StubRoutines::call_stub
J 1151  java.security.AccessController.doPrivileged(Ljava/security/PrivilegedAction;Ljava/security/AccessControlContext;)Ljava/lang/Object; (0 bytes) @ 0x0000000116c1d423 [0x0000000116c1d3c0+0x63]
J 2388 C1 com.sun.javafx.tk.quantum.GlassViewEventHandler$$Lambda$152.get()Ljava/lang/Object; (8 bytes) @ 0x0000000116f37124 [0x0000000116f36f40+0x1e4]
J 1174 C1 com.sun.javafx.tk.quantum.QuantumToolkit.runWithoutRenderLock(Ljava/util/function/Supplier;)Ljava/lang/Object; (49 bytes) @ 0x0000000116c2b0b4 [0x0000000116c2ab80+0x534]
J 2385 C1 com.sun.javafx.tk.quantum.GlassViewEventHandler.handleMouseEvent(Lcom/sun/glass/ui/View;JIIIIIIIZZ)V (108 bytes) @ 0x0000000116f36424 [0x0000000116f36000+0x424]
J 1957 C1 com.sun.glass.ui.View.notifyMouse(IIIIIIIZZ)V (221 bytes) @ 0x0000000116db1c7c [0x0000000116db0ba0+0x10dc]
v  ~StubRoutines::call_stub

---------------  P R O C E S S  ---------------

Java Threads: ( => current thread )
  0x00007fcd6f165800 JavaThread "Prism Font Disposer" daemon [_thread_blocked, id=78215, stack(0x0000700003620000,0x0000700003720000)]
  0x00007fcd71934800 JavaThread "JavaFX-Launcher" [_thread_blocked, id=49675, stack(0x000070000351d000,0x000070000361d000)]
  0x00007fcd708c1000 JavaThread "Thread-3" daemon [_thread_in_native, id=33283, stack(0x0000700003394000,0x0000700003414000)]
=>0x00007fcd708a1000 JavaThread "JavaFX Application Thread" [_thread_in_native, id=775, stack(0x00007ffee2922000,0x00007ffee3122000)]
  0x00007fcd6e9d2800 JavaThread "Thread-1" daemon [_thread_blocked, id=39179, stack(0x0000700003291000,0x0000700003391000)]
  0x00007fcd6e880000 JavaThread "QuantumRenderer-0" daemon [_thread_blocked, id=42499, stack(0x000070000318e000,0x000070000328e000)]
  0x00007fcd6f019000 JavaThread "Service Thread" daemon [_thread_blocked, id=43267, stack(0x0000700002f88000,0x0000700003088000)]
  0x00007fcd6e00d800 JavaThread "C1 CompilerThread3" daemon [_thread_blocked, id=15107, stack(0x0000700002e85000,0x0000700002f85000)]
  0x00007fcd6e82c000 JavaThread "C2 CompilerThread2" daemon [_thread_blocked, id=14851, stack(0x0000700002d82000,0x0000700002e82000)]
  0x00007fcd6e82b000 JavaThread "C2 CompilerThread1" daemon [_thread_blocked, id=14595, stack(0x0000700002c7f000,0x0000700002d7f000)]
  0x00007fcd6f018000 JavaThread "C2 CompilerThread0" daemon [_thread_blocked, id=16131, stack(0x0000700002b7c000,0x0000700002c7c000)]
  0x00007fcd6e809000 JavaThread "Signal Dispatcher" daemon [_thread_blocked, id=14087, stack(0x0000700002a79000,0x0000700002b79000)]
  0x00007fcd71823000 JavaThread "Finalizer" daemon [_thread_blocked, id=19715, stack(0x00007000027ed000,0x00007000028ed000)]
  0x00007fcd71820000 JavaThread "Reference Handler" daemon [_thread_blocked, id=19971, stack(0x00007000026ea000,0x00007000027ea000)]
  0x00007fcd70809800 JavaThread "main" [_thread_blocked, id=3075, stack(0x0000700001ccc000,0x0000700001dcc000)]

Other Threads:
  0x00007fcd6e008800 VMThread [stack: 0x00007000025e7000,0x00007000026e7000] [id=20227]
  0x00007fcd6e81b000 WatcherThread [stack: 0x000070000308b000,0x000070000318b000] [id=43011]

VM state:not at safepoint (normal execution)

VM Mutex/Monitor currently owned by a thread: None

Heap:
 PSYoungGen      total 38400K, used 31612K [0x0000000795580000, 0x0000000798000000, 0x00000007c0000000)
  eden space 33280K, 79% used [0x0000000795580000,0x0000000796f64640,0x0000000797600000)
  from space 5120K, 99% used [0x0000000797b00000,0x0000000797ffac90,0x0000000798000000)
  to   space 5120K, 0% used [0x0000000797600000,0x0000000797600000,0x0000000797b00000)
 ParOldGen       total 87552K, used 8224K [0x0000000740000000, 0x0000000745580000, 0x0000000795580000)
  object space 87552K, 9% used [0x0000000740000000,0x00000007408080b0,0x0000000745580000)
 Metaspace       used 19057K, capacity 19890K, committed 20096K, reserved 1067008K
  class space    used 2593K, capacity 2818K, committed 2944K, reserved 1048576K

Card table byte_map: [0x0000000111fa1000,0x00000001123a2000] byte_map_base: 0x000000010e5a1000

Marking Bits: (ParMarkBitMap*) 0x00000001118efd20
 Begin Bits: [0x000000011264d000, 0x000000011464d000)
 End Bits:   [0x000000011464d000, 0x000000011664d000)

Polling page: 0x000000010cb54000

CodeCache: size=245760Kb used=11321Kb max_used=11331Kb free=234438Kb
 bounds [0x000000011682d000, 0x000000011734d000, 0x000000012582d000]
 total_blobs=4138 nmethods=3457 adapters=594
 compilation: enabled

Compilation events (10 events):
Event: 23.346 Thread 0x00007fcd6e00d800 3458       3       sun.misc.ASCIICaseInsensitiveComparator::isUpper (18 bytes)
Event: 23.346 Thread 0x00007fcd6e00d800 nmethod 3458 0x000000011732a8d0 code [0x000000011732aa40, 0x000000011732abf0]
Event: 23.350 Thread 0x00007fcd6e00d800 3459   !   3       java.util.Collections$SynchronizedCollection::add (25 bytes)
Event: 23.350 Thread 0x00007fcd6e00d800 nmethod 3459 0x000000011732a250 code [0x000000011732a3c0, 0x000000011732a788]
Event: 23.352 Thread 0x00007fcd6e00d800 3460       3       sun.misc.Launcher$AppClassLoader::loadClass (85 bytes)
Event: 23.353 Thread 0x00007fcd6e00d800 nmethod 3460 0x000000011733f8d0 code [0x000000011733fb00, 0x0000000117340828]
Event: 23.353 Thread 0x00007fcd6e00d800 3461  s    3       sun.misc.URLClassPath::knownToNotExist (24 bytes)
Event: 23.353 Thread 0x00007fcd6e00d800 nmethod 3461 0x0000000117329c50 code [0x0000000117329dc0, 0x000000011732a188]
Event: 23.361 Thread 0x00007fcd6e82c000 3462       4       java.lang.String::indexOf (25 bytes)
Event: 23.368 Thread 0x00007fcd6e82c000 nmethod 3462 0x00000001173292d0 code [0x0000000117329440, 0x00000001173298f8]

GC Heap History (4 events):
Event: 2.616 GC heap before
{Heap before GC invocations=1 (full 0):
 PSYoungGen      total 38400K, used 33280K [0x0000000795580000, 0x0000000798000000, 0x00000007c0000000)
  eden space 33280K, 100% used [0x0000000795580000,0x0000000797600000,0x0000000797600000)
  from space 5120K, 0% used [0x0000000797b00000,0x0000000797b00000,0x0000000798000000)
  to   space 5120K, 0% used [0x0000000797600000,0x0000000797600000,0x0000000797b00000)
 ParOldGen       total 87552K, used 0K [0x0000000740000000, 0x0000000745580000, 0x0000000795580000)
  object space 87552K, 0% used [0x0000000740000000,0x0000000740000000,0x0000000745580000)
 Metaspace       used 14352K, capacity 14854K, committed 14976K, reserved 1062912K
  class space    used 1939K, capacity 2105K, committed 2176K, reserved 1048576K
Event: 2.628 GC heap after
Heap after GC invocations=1 (full 0):
 PSYoungGen      total 38400K, used 5099K [0x0000000795580000, 0x0000000798000000, 0x00000007c0000000)
  eden space 33280K, 0% used [0x0000000795580000,0x0000000795580000,0x0000000797600000)
  from space 5120K, 99% used [0x0000000797600000,0x0000000797afacb0,0x0000000797b00000)
  to   space 5120K, 0% used [0x0000000797b00000,0x0000000797b00000,0x0000000798000000)
 ParOldGen       total 87552K, used 4648K [0x0000000740000000, 0x0000000745580000, 0x0000000795580000)
  object space 87552K, 5% used [0x0000000740000000,0x000000074048a020,0x0000000745580000)
 Metaspace       used 14352K, capacity 14854K, committed 14976K, reserved 1062912K
  class space    used 1939K, capacity 2105K, committed 2176K, reserved 1048576K
}
Event: 15.073 GC heap before
{Heap before GC invocations=2 (full 0):
 PSYoungGen      total 38400K, used 38379K [0x0000000795580000, 0x0000000798000000, 0x00000007c0000000)
  eden space 33280K, 100% used [0x0000000795580000,0x0000000797600000,0x0000000797600000)
  from space 5120K, 99% used [0x0000000797600000,0x0000000797afacb0,0x0000000797b00000)
  to   space 5120K, 0% used [0x0000000797b00000,0x0000000797b00000,0x0000000798000000)
 ParOldGen       total 87552K, used 4648K [0x0000000740000000, 0x0000000745580000, 0x0000000795580000)
  object space 87552K, 5% used [0x0000000740000000,0x000000074048a020,0x0000000745580000)
 Metaspace       used 18256K, capacity 19052K, committed 19200K, reserved 1064960K
  class space    used 2535K, capacity 2715K, committed 2816K, reserved 1048576K
Event: 15.088 GC heap after
Heap after GC invocations=2 (full 0):
 PSYoungGen      total 38400K, used 5099K [0x0000000795580000, 0x0000000798000000, 0x00000007c0000000)
  eden space 33280K, 0% used [0x0000000795580000,0x0000000795580000,0x0000000797600000)
  from space 5120K, 99% used [0x0000000797b00000,0x0000000797ffac90,0x0000000798000000)
  to   space 5120K, 0% used [0x0000000797600000,0x0000000797600000,0x0000000797b00000)
 ParOldGen       total 87552K, used 8224K [0x0000000740000000, 0x0000000745580000, 0x0000000795580000)
  object space 87552K, 9% used [0x0000000740000000,0x00000007408080b0,0x0000000745580000)
 Metaspace       used 18256K, capacity 19052K, committed 19200K, reserved 1064960K
  class space    used 2535K, capacity 2715K, committed 2816K, reserved 1048576K
}

Deoptimization events (10 events):
Event: 16.267 Thread 0x00007fcd708a1000 Uncommon trap: reason=class_check action=maybe_recompile pc=0x00000001171999d8 method=java.util.HashMap.putVal(ILjava/lang/Object;Ljava/lang/Object;ZZ)Ljava/lang/Object; @ 253
Event: 16.270 Thread 0x00007fcd708a1000 Uncommon trap: reason=class_check action=maybe_recompile pc=0x00000001171999d8 method=java.util.HashMap.putVal(ILjava/lang/Object;Ljava/lang/Object;ZZ)Ljava/lang/Object; @ 253
Event: 16.270 Thread 0x00007fcd708a1000 Uncommon trap: reason=class_check action=maybe_recompile pc=0x00000001171999d8 method=java.util.HashMap.putVal(ILjava/lang/Object;Ljava/lang/Object;ZZ)Ljava/lang/Object; @ 253
Event: 16.310 Thread 0x00007fcd708a1000 Uncommon trap: reason=bimorphic action=maybe_recompile pc=0x0000000117054fa0 method=javafx.scene.CssStyleHelper.resolveRef(Ljavafx/css/Styleable;Ljava/lang/String;Lcom/sun/javafx/css/StyleMap;Ljava/util/Set;)Lcom/sun/javafx/css/CascadingStyle; @ 91
Event: 16.310 Thread 0x00007fcd708a1000 Uncommon trap: reason=bimorphic action=maybe_recompile pc=0x0000000117054fa0 method=javafx.scene.CssStyleHelper.resolveRef(Ljavafx/css/Styleable;Ljava/lang/String;Lcom/sun/javafx/css/StyleMap;Ljava/util/Set;)Lcom/sun/javafx/css/CascadingStyle; @ 91
Event: 16.310 Thread 0x00007fcd708a1000 Uncommon trap: reason=bimorphic action=maybe_recompile pc=0x0000000117054fa0 method=javafx.scene.CssStyleHelper.resolveRef(Ljavafx/css/Styleable;Ljava/lang/String;Lcom/sun/javafx/css/StyleMap;Ljava/util/Set;)Lcom/sun/javafx/css/CascadingStyle; @ 91
Event: 16.310 Thread 0x00007fcd708a1000 Uncommon trap: reason=bimorphic action=maybe_recompile pc=0x0000000117054fa0 method=javafx.scene.CssStyleHelper.resolveRef(Ljavafx/css/Styleable;Ljava/lang/String;Lcom/sun/javafx/css/StyleMap;Ljava/util/Set;)Lcom/sun/javafx/css/CascadingStyle; @ 91
Event: 23.361 Thread 0x00007fcd708a1000 Uncommon trap: reason=bimorphic action=maybe_recompile pc=0x000000011722bf78 method=java.lang.Throwable.<init>(Ljava/lang/String;)V @ 24
Event: 23.370 Thread 0x00007fcd708a1000 Uncommon trap: reason=bimorphic action=maybe_recompile pc=0x000000011722bf78 method=java.lang.Throwable.<init>(Ljava/lang/String;)V @ 24
Event: 23.371 Thread 0x00007fcd708a1000 Uncommon trap: reason=null_assert action=make_not_entrant pc=0x0000000116bbd340 method=java.util.zip.ZipEntry.<init>(Ljava/util/zip/ZipEntry;)V @ 70

Internal exceptions (10 events):
Event: 1.248 Thread 0x00007fcd708a1000 Exception <a 'java/io/FileNotFoundException'> (0x00000007968b89c8) thrown at [/Users/java_re/workspace/8-2-build-macosx-x86_64/jdk8u111/7883/hotspot/src/share/vm/prims/jni.cpp, line 709]
Event: 1.264 Thread 0x00007fcd708a1000 Exception <a 'java/io/FileNotFoundException'> (0x0000000796956948) thrown at [/Users/java_re/workspace/8-2-build-macosx-x86_64/jdk8u111/7883/hotspot/src/share/vm/prims/jni.cpp, line 709]
Event: 1.276 Thread 0x00007fcd708a1000 Exception <a 'java/io/FileNotFoundException'> (0x00000007969f2680) thrown at [/Users/java_re/workspace/8-2-build-macosx-x86_64/jdk8u111/7883/hotspot/src/share/vm/prims/jni.cpp, line 709]
Event: 1.291 Thread 0x00007fcd708a1000 Exception <a 'java/io/FileNotFoundException'> (0x0000000796a8c358) thrown at [/Users/java_re/workspace/8-2-build-macosx-x86_64/jdk8u111/7883/hotspot/src/share/vm/prims/jni.cpp, line 709]
Event: 1.372 Thread 0x00007fcd708a1000 Implicit null exception at 0x0000000116af04f5 to 0x0000000116af0731
Event: 11.906 Thread 0x00007fcd708a1000 Exception <a 'java/lang/ArrayIndexOutOfBoundsException'> (0x0000000795fd8798) thrown at [/Users/java_re/workspace/8-2-build-macosx-x86_64/jdk8u111/7883/hotspot/src/share/vm/runtime/sharedRuntime.cpp, line 605]
Event: 11.910 Thread 0x00007fcd708a1000 Exception <a 'java/lang/ArrayIndexOutOfBoundsException'> (0x0000000795ffb4d0) thrown at [/Users/java_re/workspace/8-2-build-macosx-x86_64/jdk8u111/7883/hotspot/src/share/vm/runtime/sharedRuntime.cpp, line 605]
Event: 17.781 Thread 0x00007fcd708a1000 Exception <a 'java/io/FileNotFoundException'> (0x00000007968a87a8) thrown at [/Users/java_re/workspace/8-2-build-macosx-x86_64/jdk8u111/7883/hotspot/src/share/vm/prims/jni.cpp, line 709]
Event: 23.361 Thread 0x00007fcd708a1000 Exception <a 'java/lang/NoClassDefFoundError': org/apache/log4j/Category> (0x0000000796e906d8) thrown at [/Users/java_re/workspace/8-2-build-macosx-x86_64/jdk8u111/7883/hotspot/src/share/vm/classfile/systemDictionary.cpp, line 199]
Event: 23.370 Thread 0x00007fcd708a1000 Exception <a 'java/lang/UnsatisfiedLinkError': com.intel.bluetooth.BluetoothStackOSX.isNativeCodeLoaded()Z> (0x0000000796ecde98) thrown at [/Users/java_re/workspace/8-2-build-macosx-x86_64/jdk8u111/7883/hotspot/src/share/vm/prims/nativeLookup.cpp, line 37

Events (10 events):
Event: 23.371 Thread 0x00007fcd708a1000 DEOPT PACKING pc=0x0000000116bbd340 sp=0x00007ffee3119850
Event: 23.371 Thread 0x00007fcd708a1000 DEOPT UNPACKING pc=0x0000000116832229 sp=0x00007ffee3119660 mode 2
Event: 23.372 loading class java/io/DeleteOnExitHook
Event: 23.372 loading class java/io/DeleteOnExitHook done
Event: 23.372 loading class java/util/LinkedHashSet
Event: 23.372 loading class java/util/LinkedHashSet done
Event: 23.372 Executing VM operation: Deoptimize
Event: 23.373 Executing VM operation: Deoptimize done
Event: 23.373 loading class java/io/DeleteOnExitHook$1
Event: 23.373 loading class java/io/DeleteOnExitHook$1 done


Dynamic libraries:
0x0000000000027000 	/System/Library/Frameworks/Cocoa.framework/Versions/A/Cocoa
0x0000000000027000 	/System/Library/Frameworks/Security.framework/Versions/A/Security
0x0000000000027000 	/System/Library/Frameworks/ApplicationServices.framework/Versions/A/ApplicationServices
0x0000000000027000 	/usr/lib/libz.1.dylib
0x0000000000027000 	/usr/lib/libSystem.B.dylib
0x0000000000027000 	/usr/lib/libobjc.A.dylib
0x0000000000027000 	/System/Library/Frameworks/CoreFoundation.framework/Versions/A/CoreFoundation
0x0000000000027000 	/System/Library/Frameworks/Foundation.framework/Versions/C/Foundation
0x0000000000027000 	/System/Library/Frameworks/AppKit.framework/Versions/C/AppKit
0x0000000000027000 	/System/Library/Frameworks/CoreData.framework/Versions/A/CoreData
0x0000000000027000 	/System/Library/PrivateFrameworks/UIFoundation.framework/Versions/A/UIFoundation
0x0000000000027000 	/System/Library/PrivateFrameworks/RemoteViewServices.framework/Versions/A/RemoteViewServices
0x0000000000027000 	/System/Library/PrivateFrameworks/XCTTargetBootstrap.framework/Versions/A/XCTTargetBootstrap
0x0000000000027000 	/usr/lib/libspindump.dylib
0x0000000000027000 	/System/Library/Frameworks/UniformTypeIdentifiers.framework/Versions/A/UniformTypeIdentifiers
0x0000000000027000 	/usr/lib/libapp_launch_measurement.dylib
0x0000000000027000 	/System/Library/PrivateFrameworks/CoreAutoLayout.framework/Versions/A/CoreAutoLayout
0x0000000000027000 	/System/Library/Frameworks/Metal.framework/Versions/A/Metal
0x0000000000027000 	/usr/lib/liblangid.dylib
0x0000000000027000 	/System/Library/PrivateFrameworks/CoreSVG.framework/Versions/A/CoreSVG
0x0000000000027000 	/System/Library/PrivateFrameworks/SkyLight.framework/Versions/A/SkyLight
0x0000000000027000 	/System/Library/Frameworks/CoreGraphics.framework/Versions/A/CoreGraphics
0x0000000000027000 	/System/Library/Frameworks/Accelerate.framework/Versions/A/Accelerate
0x0000000000027000 	/System/Library/PrivateFrameworks/IconServices.framework/Versions/A/IconServices
0x0000000000027000 	/System/Library/Frameworks/IOSurface.framework/Versions/A/IOSurface
0x0000000000027000 	/usr/lib/libDiagnosticMessagesClient.dylib
0x0000000000027000 	/System/Library/PrivateFrameworks/DFRFoundation.framework/Versions/A/DFRFoundation
0x0000000000027000 	/usr/lib/libicucore.A.dylib
0x0000000000027000 	/System/Library/Frameworks/AudioToolbox.framework/Versions/A/AudioToolbox
0x0000000000027000 	/System/Library/PrivateFrameworks/DataDetectorsCore.framework/Versions/A/DataDetectorsCore
0x0000000000027000 	/System/Library/Frameworks/Carbon.framework/Versions/A/Frameworks/HIToolbox.framework/Versions/A/HIToolbox
0x0000000000027000 	/System/Library/Frameworks/QuartzCore.framework/Versions/A/QuartzCore
0x0000000000027000 	/System/Library/Frameworks/Carbon.framework/Versions/A/Frameworks/SpeechRecognition.framework/Versions/A/SpeechRecognition
0x0000000000027000 	/System/Library/PrivateFrameworks/CoreUI.framework/Versions/A/CoreUI
0x0000000000027000 	/System/Library/Frameworks/CoreAudio.framework/Versions/A/CoreAudio
0x0000000000027000 	/System/Library/Frameworks/DiskArbitration.framework/Versions/A/DiskArbitration
0x0000000000027000 	/System/Library/PrivateFrameworks/MultitouchSupport.framework/Versions/A/MultitouchSupport
0x0000000000027000 	/System/Library/PrivateFrameworks/InternationalSupport.framework/Versions/A/InternationalSupport
0x0000000000027000 	/usr/lib/libenergytrace.dylib
0x0000000000027000 	/System/Library/Frameworks/IOKit.framework/Versions/A/IOKit
0x0000000000027000 	/System/Library/Frameworks/CoreServices.framework/Versions/A/CoreServices
0x0000000000027000 	/System/Library/PrivateFrameworks/PerformanceAnalysis.framework/Versions/A/PerformanceAnalysis
0x0000000000027000 	/System/Library/Frameworks/OpenGL.framework/Versions/A/OpenGL
0x0000000000027000 	/System/Library/PrivateFrameworks/UserActivity.framework/Versions/A/UserActivity
0x0000000000027000 	/System/Library/Frameworks/ColorSync.framework/Versions/A/ColorSync
0x0000000000027000 	/System/Library/Frameworks/CoreImage.framework/Versions/A/CoreImage
0x0000000000027000 	/System/Library/Frameworks/CoreText.framework/Versions/A/CoreText
0x0000000000027000 	/System/Library/Frameworks/ImageIO.framework/Versions/A/ImageIO
0x0000000000027000 	/System/Library/PrivateFrameworks/SoftLinking.framework/Versions/A/SoftLinking
0x0000000000027000 	/usr/lib/libxml2.2.dylib
0x0000000000027000 	/usr/lib/libc++.1.dylib
0x0000000000027000 	/usr/lib/libcompression.dylib
0x0000000000027000 	/usr/lib/libMobileGestalt.dylib
0x0000000000027000 	/System/Library/PrivateFrameworks/TextureIO.framework/Versions/A/TextureIO
0x0000000000027000 	/usr/lib/libate.dylib
0x0000000000027000 	/usr/lib/system/libcache.dylib
0x0000000000027000 	/usr/lib/system/libcommonCrypto.dylib
0x0000000000027000 	/usr/lib/system/libcompiler_rt.dylib
0x0000000000027000 	/usr/lib/system/libcopyfile.dylib
0x0000000000027000 	/usr/lib/system/libcorecrypto.dylib
0x0000000000027000 	/usr/lib/system/libdispatch.dylib
0x0000000000027000 	/usr/lib/system/libdyld.dylib
0x0000000000027000 	/usr/lib/system/libkeymgr.dylib
0x0000000000027000 	/usr/lib/system/liblaunch.dylib
0x0000000000027000 	/usr/lib/system/libmacho.dylib
0x0000000000027000 	/usr/lib/system/libquarantine.dylib
0x0000000000027000 	/usr/lib/system/libremovefile.dylib
0x0000000000027000 	/usr/lib/system/libsystem_asl.dylib
0x0000000000027000 	/usr/lib/system/libsystem_blocks.dylib
0x0000000000027000 	/usr/lib/system/libsystem_c.dylib
0x0000000000027000 	/usr/lib/system/libsystem_collections.dylib
0x0000000000027000 	/usr/lib/system/libsystem_configuration.dylib
0x0000000000027000 	/usr/lib/system/libsystem_containermanager.dylib
0x0000000000027000 	/usr/lib/system/libsystem_coreservices.dylib
0x0000000000027000 	/usr/lib/system/libsystem_darwin.dylib
0x0000000000027000 	/usr/lib/system/libsystem_dnssd.dylib
0x0000000000027000 	/usr/lib/system/libsystem_featureflags.dylib
0x0000000000027000 	/usr/lib/system/libsystem_info.dylib
0x0000000000027000 	/usr/lib/system/libsystem_m.dylib
0x0000000000027000 	/usr/lib/system/libsystem_malloc.dylib
0x0000000000027000 	/usr/lib/system/libsystem_networkextension.dylib
0x0000000000027000 	/usr/lib/system/libsystem_notify.dylib
0x0000000000027000 	/usr/lib/system/libsystem_product_info_filter.dylib
0x0000000000027000 	/usr/lib/system/libsystem_sandbox.dylib
0x0000000000027000 	/usr/lib/system/libsystem_secinit.dylib
0x0000000000027000 	/usr/lib/system/libsystem_kernel.dylib
0x0000000000027000 	/usr/lib/system/libsystem_platform.dylib
0x0000000000027000 	/usr/lib/system/libsystem_pthread.dylib
0x0000000000027000 	/usr/lib/system/libsystem_symptoms.dylib
0x0000000000027000 	/usr/lib/system/libsystem_trace.dylib
0x0000000000027000 	/usr/lib/system/libunwind.dylib
0x0000000000027000 	/usr/lib/system/libxpc.dylib
0x0000000000027000 	/usr/lib/libc++abi.dylib
0x0000000000027000 	/usr/lib/liboah.dylib
0x0000000000027000 	/usr/lib/liblzma.5.dylib
0x0000000000027000 	/System/Library/Frameworks/SystemConfiguration.framework/Versions/A/SystemConfiguration
0x0000000000027000 	/usr/lib/libfakelink.dylib
0x0000000000027000 	/System/Library/Frameworks/CFNetwork.framework/Versions/A/CFNetwork
0x0000000000027000 	/usr/lib/libarchive.2.dylib
0x0000000000027000 	/usr/lib/libCRFSuite.dylib
0x0000000000027000 	/usr/lib/libbsm.0.dylib
0x0000000000027000 	/usr/lib/libnetwork.dylib
0x0000000000027000 	/usr/lib/libpcap.A.dylib
0x0000000000027000 	/usr/lib/libdns_services.dylib
0x0000000000027000 	/usr/lib/libcoretls_cfhelpers.dylib
0x0000000000027000 	/usr/lib/libapple_nghttp2.dylib
0x0000000000027000 	/usr/lib/system/libkxld.dylib
0x0000000000027000 	/usr/lib/libsqlite3.dylib
0x0000000000027000 	/System/Library/PrivateFrameworks/AppleFSCompression.framework/Versions/A/AppleFSCompression
0x0000000000027000 	/usr/lib/libcoretls.dylib
0x0000000000027000 	/usr/lib/libpam.2.dylib
0x0000000000027000 	/usr/lib/libxar.1.dylib
0x0000000000027000 	/System/Library/PrivateFrameworks/AppleSystemInfo.framework/Versions/A/AppleSystemInfo
0x0000000000027000 	/System/Library/PrivateFrameworks/IOMobileFramebuffer.framework/Versions/A/IOMobileFramebuffer
0x0000000000027000 	/usr/lib/libbz2.1.0.dylib
0x0000000000027000 	/usr/lib/libiconv.2.dylib
0x0000000000027000 	/usr/lib/libcharset.1.dylib
0x0000000000027000 	/System/Library/Frameworks/CoreServices.framework/Versions/A/Frameworks/FSEvents.framework/Versions/A/FSEvents
0x0000000000027000 	/System/Library/Frameworks/CoreServices.framework/Versions/A/Frameworks/CarbonCore.framework/Versions/A/CarbonCore
0x0000000000027000 	/System/Library/Frameworks/CoreServices.framework/Versions/A/Frameworks/Metadata.framework/Versions/A/Metadata
0x0000000000027000 	/System/Library/Frameworks/CoreServices.framework/Versions/A/Frameworks/OSServices.framework/Versions/A/OSServices
0x0000000000027000 	/System/Library/Frameworks/CoreServices.framework/Versions/A/Frameworks/SearchKit.framework/Versions/A/SearchKit
0x0000000000027000 	/System/Library/Frameworks/CoreServices.framework/Versions/A/Frameworks/AE.framework/Versions/A/AE
0x0000000000027000 	/System/Library/Frameworks/CoreServices.framework/Versions/A/Frameworks/LaunchServices.framework/Versions/A/LaunchServices
0x0000000000027000 	/System/Library/Frameworks/CoreServices.framework/Versions/A/Frameworks/DictionaryServices.framework/Versions/A/DictionaryServices
0x0000000000027000 	/System/Library/Frameworks/CoreServices.framework/Versions/A/Frameworks/SharedFileList.framework/Versions/A/SharedFileList
0x0000000000027000 	/usr/lib/libCheckFix.dylib
0x0000000000027000 	/System/Library/PrivateFrameworks/TCC.framework/Versions/A/TCC
0x0000000000027000 	/System/Library/PrivateFrameworks/CoreNLP.framework/Versions/A/CoreNLP
0x0000000000027000 	/System/Library/PrivateFrameworks/MetadataUtilities.framework/Versions/A/MetadataUtilities
0x0000000000027000 	/usr/lib/libmecabra.dylib
0x0000000000027000 	/System/Library/Frameworks/MLCompute.framework/Versions/A/MLCompute
0x0000000000027000 	/usr/lib/libmecab.dylib
0x0000000000027000 	/usr/lib/libgermantok.dylib
0x0000000000027000 	/usr/lib/libThaiTokenizer.dylib
0x0000000000027000 	/usr/lib/libChineseTokenizer.dylib
0x0000000000027000 	/System/Library/Frameworks/MetalPerformanceShaders.framework/Versions/A/MetalPerformanceShaders
0x0000000000027000 	/System/Library/Frameworks/Accelerate.framework/Versions/A/Frameworks/vImage.framework/Versions/A/vImage
0x0000000000027000 	/System/Library/Frameworks/Accelerate.framework/Versions/A/Frameworks/vecLib.framework/Versions/A/vecLib
0x0000000000027000 	/System/Library/Frameworks/Accelerate.framework/Versions/A/Frameworks/vecLib.framework/Versions/A/libvMisc.dylib
0x0000000000027000 	/System/Library/Frameworks/Accelerate.framework/Versions/A/Frameworks/vecLib.framework/Versions/A/libvDSP.dylib
0x0000000000027000 	/System/Library/Frameworks/Accelerate.framework/Versions/A/Frameworks/vecLib.framework/Versions/A/libBLAS.dylib
0x0000000000027000 	/System/Library/Frameworks/Accelerate.framework/Versions/A/Frameworks/vecLib.framework/Versions/A/libLAPACK.dylib
0x0000000000027000 	/System/Library/Frameworks/Accelerate.framework/Versions/A/Frameworks/vecLib.framework/Versions/A/libLinearAlgebra.dylib
0x0000000000027000 	/System/Library/Frameworks/Accelerate.framework/Versions/A/Frameworks/vecLib.framework/Versions/A/libSparseBLAS.dylib
0x0000000000027000 	/System/Library/Frameworks/Accelerate.framework/Versions/A/Frameworks/vecLib.framework/Versions/A/libQuadrature.dylib
0x0000000000027000 	/System/Library/Frameworks/Accelerate.framework/Versions/A/Frameworks/vecLib.framework/Versions/A/libBNNS.dylib
0x0000000000027000 	/System/Library/Frameworks/Accelerate.framework/Versions/A/Frameworks/vecLib.framework/Versions/A/libSparse.dylib
0x0000000000027000 	/System/Library/Frameworks/MetalPerformanceShaders.framework/Versions/A/Frameworks/MPSCore.framework/Versions/A/MPSCore
0x0000000000027000 	/System/Library/Frameworks/MetalPerformanceShaders.framework/Versions/A/Frameworks/MPSImage.framework/Versions/A/MPSImage
0x0000000000027000 	/System/Library/Frameworks/MetalPerformanceShaders.framework/Versions/A/Frameworks/MPSNeuralNetwork.framework/Versions/A/MPSNeuralNetwork
0x0000000000027000 	/System/Library/Frameworks/MetalPerformanceShaders.framework/Versions/A/Frameworks/MPSMatrix.framework/Versions/A/MPSMatrix
0x0000000000027000 	/System/Library/Frameworks/MetalPerformanceShaders.framework/Versions/A/Frameworks/MPSRayIntersector.framework/Versions/A/MPSRayIntersector
0x0000000000027000 	/System/Library/Frameworks/MetalPerformanceShaders.framework/Versions/A/Frameworks/MPSNDArray.framework/Versions/A/MPSNDArray
0x0000000000027000 	/System/Library/PrivateFrameworks/MetalTools.framework/Versions/A/MetalTools
0x0000000000027000 	/System/Library/PrivateFrameworks/AggregateDictionary.framework/Versions/A/AggregateDictionary
0x0000000000027000 	/System/Library/PrivateFrameworks/CoreAnalytics.framework/Versions/A/CoreAnalytics
0x0000000000027000 	/System/Library/PrivateFrameworks/AppleSauce.framework/Versions/A/AppleSauce
0x0000000000027000 	/System/Library/PrivateFrameworks/IOAccelerator.framework/Versions/A/IOAccelerator
0x0000000000027000 	/System/Library/Frameworks/OpenGL.framework/Versions/A/Libraries/libCoreFSCache.dylib
0x0000000000027000 	/System/Library/PrivateFrameworks/LanguageModeling.framework/Versions/A/LanguageModeling
0x0000000000027000 	/System/Library/PrivateFrameworks/CoreEmoji.framework/Versions/A/CoreEmoji
0x0000000000027000 	/System/Library/PrivateFrameworks/LinguisticData.framework/Versions/A/LinguisticData
0x0000000000027000 	/System/Library/PrivateFrameworks/Lexicon.framework/Versions/A/Lexicon
0x0000000000027000 	/usr/lib/libcmph.dylib
0x0000000000027000 	/System/Library/Frameworks/OpenDirectory.framework/Versions/A/Frameworks/CFOpenDirectory.framework/Versions/A/CFOpenDirectory
0x0000000000027000 	/System/Library/Frameworks/OpenDirectory.framework/Versions/A/OpenDirectory
0x0000000000027000 	/System/Library/PrivateFrameworks/APFS.framework/Versions/A/APFS
0x0000000000027000 	/System/Library/Frameworks/SecurityFoundation.framework/Versions/A/SecurityFoundation
0x0000000000027000 	/usr/lib/libutil.dylib
0x0000000000027000 	/System/Library/PrivateFrameworks/CoreServicesStore.framework/Versions/A/CoreServicesStore
0x0000000000027000 	/System/Library/Frameworks/ServiceManagement.framework/Versions/A/ServiceManagement
0x0000000000027000 	/usr/lib/libxslt.1.dylib
0x0000000000027000 	/System/Library/PrivateFrameworks/BackgroundTaskManagement.framework/Versions/A/BackgroundTaskManagement
0x0000000000027000 	/System/Library/Frameworks/ImageIO.framework/Versions/A/Resources/libRadiance.dylib
0x0000000000027000 	/System/Library/Frameworks/ImageIO.framework/Versions/A/Resources/libJPEG.dylib
0x0000000000027000 	/System/Library/Frameworks/ImageIO.framework/Versions/A/Resources/libPng.dylib
0x0000000000027000 	/System/Library/Frameworks/ImageIO.framework/Versions/A/Resources/libTIFF.dylib
0x0000000000027000 	/System/Library/Frameworks/ImageIO.framework/Versions/A/Resources/libGIF.dylib
0x0000000000027000 	/System/Library/Frameworks/ImageIO.framework/Versions/A/Resources/libJP2.dylib
0x0000000000027000 	/usr/lib/libexpat.1.dylib
0x0000000000027000 	/System/Library/PrivateFrameworks/AppleJPEG.framework/Versions/A/AppleJPEG
0x0000000000027000 	/System/Library/PrivateFrameworks/FontServices.framework/libFontParser.dylib
0x0000000000027000 	/System/Library/PrivateFrameworks/RunningBoardServices.framework/Versions/A/RunningBoardServices
0x0000000000027000 	/System/Library/PrivateFrameworks/WatchdogClient.framework/Versions/A/WatchdogClient
0x0000000000027000 	/System/Library/Frameworks/CoreDisplay.framework/Versions/A/CoreDisplay
0x0000000000027000 	/System/Library/Frameworks/CoreMedia.framework/Versions/A/CoreMedia
0x0000000000027000 	/System/Library/Frameworks/CoreVideo.framework/Versions/A/CoreVideo
0x0000000000027000 	/System/Library/Frameworks/VideoToolbox.framework/Versions/A/VideoToolbox
0x0000000000027000 	/System/Library/PrivateFrameworks/BaseBoard.framework/Versions/A/BaseBoard
0x0000000000027000 	/System/Library/PrivateFrameworks/PersistentConnection.framework/Versions/A/PersistentConnection
0x0000000000027000 	/System/Library/PrivateFrameworks/ProtocolBuffer.framework/Versions/A/ProtocolBuffer
0x0000000000027000 	/System/Library/PrivateFrameworks/CommonUtilities.framework/Versions/A/CommonUtilities
0x0000000000027000 	/System/Library/PrivateFrameworks/Bom.framework/Versions/A/Bom
0x0000000000027000 	/System/Library/PrivateFrameworks/GPUWrangler.framework/Versions/A/GPUWrangler
0x0000000000027000 	/System/Library/PrivateFrameworks/IOPresentment.framework/Versions/A/IOPresentment
0x0000000000027000 	/System/Library/PrivateFrameworks/DSExternalDisplay.framework/Versions/A/DSExternalDisplay
0x0000000000027000 	/System/Library/PrivateFrameworks/CMCaptureCore.framework/Versions/A/CMCaptureCore
0x0000000000027000 	/System/Library/PrivateFrameworks/AppServerSupport.framework/Versions/A/AppServerSupport
0x0000000000027000 	/System/Library/PrivateFrameworks/perfdata.framework/Versions/A/perfdata
0x0000000000027000 	/System/Library/PrivateFrameworks/AssertionServices.framework/Versions/A/AssertionServices
0x0000000000027000 	/System/Library/PrivateFrameworks/AudioToolboxCore.framework/Versions/A/AudioToolboxCore
0x0000000000027000 	/System/Library/PrivateFrameworks/caulk.framework/Versions/A/caulk
0x0000000000027000 	/System/Library/PrivateFrameworks/SystemPolicy.framework/Versions/A/SystemPolicy
0x0000000000027000 	/usr/lib/libIOReport.dylib
0x0000000000027000 	/usr/lib/libSMC.dylib
0x0000000000027000 	/usr/lib/libAudioToolboxUtility.dylib
0x0000000000027000 	/usr/lib/libmis.dylib
0x0000000000027000 	/System/Library/Frameworks/OpenGL.framework/Versions/A/Libraries/libGLU.dylib
0x0000000000027000 	/System/Library/Frameworks/OpenGL.framework/Versions/A/Libraries/libGFXShared.dylib
0x0000000000027000 	/System/Library/Frameworks/OpenGL.framework/Versions/A/Libraries/libGL.dylib
0x0000000000027000 	/System/Library/Frameworks/OpenGL.framework/Versions/A/Libraries/libGLImage.dylib
0x0000000000027000 	/System/Library/Frameworks/OpenGL.framework/Versions/A/Libraries/libCVMSPluginSupport.dylib
0x0000000000027000 	/System/Library/Frameworks/OpenGL.framework/Versions/A/Libraries/libCoreVMClient.dylib
0x0000000000027000 	/System/Library/Frameworks/OpenCL.framework/Versions/A/OpenCL
0x0000000000027000 	/System/Library/PrivateFrameworks/GraphVisualizer.framework/Versions/A/GraphVisualizer
0x0000000000027000 	/System/Library/PrivateFrameworks/FaceCore.framework/Versions/A/FaceCore
0x0000000000027000 	/System/Library/PrivateFrameworks/OTSVG.framework/Versions/A/OTSVG
0x0000000000027000 	/System/Library/Frameworks/ApplicationServices.framework/Versions/A/Frameworks/ATS.framework/Versions/A/Resources/libFontRegistry.dylib
0x0000000000027000 	/System/Library/PrivateFrameworks/FontServices.framework/libhvf.dylib
0x0000000000027000 	/System/Library/PrivateFrameworks/AppleVA.framework/Versions/A/AppleVA
0x0000000000027000 	/System/Library/Frameworks/ApplicationServices.framework/Versions/A/Frameworks/ATS.framework/Versions/A/ATS
0x0000000000027000 	/System/Library/Frameworks/ApplicationServices.framework/Versions/A/Frameworks/ColorSyncLegacy.framework/Versions/A/ColorSyncLegacy
0x0000000000027000 	/System/Library/Frameworks/ApplicationServices.framework/Versions/A/Frameworks/HIServices.framework/Versions/A/HIServices
0x0000000000027000 	/System/Library/Frameworks/ApplicationServices.framework/Versions/A/Frameworks/LangAnalysis.framework/Versions/A/LangAnalysis
0x0000000000027000 	/System/Library/Frameworks/ApplicationServices.framework/Versions/A/Frameworks/PrintCore.framework/Versions/A/PrintCore
0x0000000000027000 	/System/Library/Frameworks/ApplicationServices.framework/Versions/A/Frameworks/QD.framework/Versions/A/QD
0x0000000000027000 	/System/Library/Frameworks/ApplicationServices.framework/Versions/A/Frameworks/SpeechSynthesis.framework/Versions/A/SpeechSynthesis
0x0000000000027000 	/System/Library/Frameworks/ApplicationServices.framework/Versions/A/Frameworks/ATSUI.framework/Versions/A/ATSUI
0x0000000000027000 	/usr/lib/libcups.2.dylib
0x0000000000027000 	/System/Library/PrivateFrameworks/NetAuth.framework/Versions/A/NetAuth
0x0000000000027000 	/System/Library/Frameworks/Kerberos.framework/Versions/A/Kerberos
0x0000000000027000 	/System/Library/Frameworks/GSS.framework/Versions/A/GSS
0x0000000000027000 	/usr/lib/libresolv.9.dylib
0x0000000000027000 	/System/Library/PrivateFrameworks/Heimdal.framework/Versions/A/Heimdal
0x0000000000027000 	/System/Library/Frameworks/Kerberos.framework/Versions/A/Libraries/libHeimdalProxy.dylib
0x0000000000027000 	/System/Library/Frameworks/Network.framework/Versions/A/Network
0x0000000000027000 	/usr/lib/libheimdal-asn1.dylib
0x0000000000027000 	/System/Library/PrivateFrameworks/CommonAuth.framework/Versions/A/CommonAuth
0x0000000000027000 	/System/Library/PrivateFrameworks/login.framework/Versions/A/Frameworks/loginsupport.framework/Versions/A/loginsupport
0x0000000000027000 	/System/Library/PrivateFrameworks/AudioSession.framework/Versions/A/AudioSession
0x0000000000027000 	/usr/lib/libAudioStatistics.dylib
0x0000000000027000 	/System/Library/PrivateFrameworks/MediaExperience.framework/Versions/A/MediaExperience
0x0000000000027000 	/System/Library/PrivateFrameworks/AudioSession.framework/libSessionUtility.dylib
0x0000000000027000 	/usr/lib/libperfcheck.dylib
0x0000000000027000 	/System/Library/PrivateFrameworks/AudioResourceArbitration.framework/Versions/A/AudioResourceArbitration
0x0000000000027000 	/System/Library/PrivateFrameworks/IconFoundation.framework/Versions/A/IconFoundation
0x0000000000027000 	/System/Library/PrivateFrameworks/SpeechRecognitionCore.framework/Versions/A/SpeechRecognitionCore
0x0000000111000000 	/Library/Java/JavaVirtualMachines/jdk1.8.0_111.jdk/Contents/Home/jre/lib/server/libjvm.dylib
0x0000000000027000 	/usr/lib/libstdc++.6.dylib
0x000000010cb11000 	/Library/Java/JavaVirtualMachines/jdk1.8.0_111.jdk/Contents/Home/jre/lib/libverify.dylib
0x000000010cb1f000 	/Library/Java/JavaVirtualMachines/jdk1.8.0_111.jdk/Contents/Home/jre/lib/libjava.dylib
0x000000010cb9e000 	/Library/Java/JavaVirtualMachines/jdk1.8.0_111.jdk/Contents/Home/jre/lib/libzip.dylib
0x0000000000027000 	/System/Library/Frameworks/JavaRuntimeSupport.framework/Versions/A/JavaRuntimeSupport
0x0000000000027000 	/System/Library/Frameworks/Carbon.framework/Versions/A/Carbon
0x0000000000027000 	/System/Library/PrivateFrameworks/CoreSymbolication.framework/Versions/A/CoreSymbolication
0x0000000000027000 	/System/Library/Frameworks/Carbon.framework/Versions/A/Frameworks/CommonPanels.framework/Versions/A/CommonPanels
0x0000000000027000 	/System/Library/Frameworks/Carbon.framework/Versions/A/Frameworks/Help.framework/Versions/A/Help
0x0000000000027000 	/System/Library/Frameworks/Carbon.framework/Versions/A/Frameworks/ImageCapture.framework/Versions/A/ImageCapture
0x0000000000027000 	/System/Library/Frameworks/Carbon.framework/Versions/A/Frameworks/OpenScripting.framework/Versions/A/OpenScripting
0x0000000000027000 	/System/Library/Frameworks/Carbon.framework/Versions/A/Frameworks/Ink.framework/Versions/A/Ink
0x0000000000027000 	/System/Library/Frameworks/Carbon.framework/Versions/A/Frameworks/Print.framework/Versions/A/Print
0x0000000000027000 	/System/Library/Frameworks/Carbon.framework/Versions/A/Frameworks/SecurityHI.framework/Versions/A/SecurityHI
0x0000000000027000 	/System/Library/PrivateFrameworks/DebugSymbols.framework/Versions/A/DebugSymbols
0x000000010cfb5000 	/Library/Java/JavaVirtualMachines/jdk1.8.0_111.jdk/Contents/Home/jre/lib/libprism_es2.dylib
0x0000000000027000 	/System/Library/PrivateFrameworks/CoreServicesInternal.framework/Versions/A/CoreServicesInternal
0x0000000000027000 	/System/Library/Frameworks/OpenGL.framework/Versions/A/Resources/GLEngine.bundle/GLEngine
0x0000000000027000 	/System/Library/Frameworks/OpenGL.framework/Versions/A/Libraries/libGLProgrammability.dylib
0x0000000000027000 	/System/Library/Extensions/AppleIntelICLGraphicsGLDriver.bundle/Contents/MacOS/AppleIntelICLGraphicsGLDriver
0x0000000000027000 	/System/Library/PrivateFrameworks/GPUSupport.framework/Versions/A/Libraries/libGPUSupportMercury.dylib
0x0000000000027000 	/System/Library/Frameworks/OpenGL.framework/Versions/A/Resources/GLRendererFloat.bundle/GLRendererFloat
0x0000000128773000 	/Library/Java/JavaVirtualMachines/jdk1.8.0_111.jdk/Contents/Home/jre/lib/libglass.dylib
0x0000000000027000 	/System/Library/Frameworks/FileProvider.framework/Versions/A/FileProvider
0x0000000000027000 	/System/Library/Frameworks/Accounts.framework/Versions/A/Accounts
0x0000000000027000 	/System/Library/PrivateFrameworks/GenerationalStorage.framework/Versions/A/GenerationalStorage
0x0000000000027000 	/System/Library/PrivateFrameworks/SymptomDiagnosticReporter.framework/Versions/A/SymptomDiagnosticReporter
0x0000000000027000 	/System/Library/PrivateFrameworks/AppContainer.framework/Versions/A/AppContainer
0x0000000000027000 	/System/Library/PrivateFrameworks/DesktopServicesPriv.framework/Versions/A/DesktopServicesPriv
0x0000000000027000 	/usr/lib/libsandbox.1.dylib
0x0000000000027000 	/System/Library/PrivateFrameworks/UserManagement.framework/Versions/A/UserManagement
0x0000000000027000 	/System/Library/PrivateFrameworks/MobileKeyBag.framework/Versions/A/MobileKeyBag
0x0000000000027000 	/System/Library/PrivateFrameworks/ChunkingLibrary.framework/Versions/A/ChunkingLibrary
0x0000000000027000 	/System/Library/PrivateFrameworks/SecCodeWrapper.framework/Versions/A/SecCodeWrapper
0x0000000000027000 	/System/Library/PrivateFrameworks/CrashReporterSupport.framework/Versions/A/CrashReporterSupport
0x0000000000027000 	/System/Library/PrivateFrameworks/OSAnalytics.framework/Versions/A/OSAnalytics
0x0000000000027000 	/usr/lib/libRosetta.dylib
0x0000000000027000 	/System/Library/PrivateFrameworks/RemoteServiceDiscovery.framework/Versions/A/RemoteServiceDiscovery
0x0000000000027000 	/System/Library/PrivateFrameworks/Symbolication.framework/Versions/A/Symbolication
0x0000000000027000 	/System/Library/PrivateFrameworks/RemoteXPC.framework/Versions/A/RemoteXPC
0x0000000000027000 	/System/Library/PrivateFrameworks/OSAServicesClient.framework/Versions/A/OSAServicesClient
0x0000000000027000 	/System/Library/PrivateFrameworks/MallocStackLogging.framework/Versions/A/MallocStackLogging
0x0000000000027000 	/System/Library/PrivateFrameworks/Sharing.framework/Versions/A/Sharing
0x0000000000027000 	/System/Library/PrivateFrameworks/Apple80211.framework/Versions/A/Apple80211
0x0000000000027000 	/System/Library/PrivateFrameworks/AuthKit.framework/Versions/A/AuthKit
0x0000000000027000 	/System/Library/PrivateFrameworks/CoreUtils.framework/Versions/A/CoreUtils
0x0000000000027000 	/System/Library/Frameworks/CoreWLAN.framework/Versions/A/CoreWLAN
0x0000000000027000 	/System/Library/Frameworks/IOBluetooth.framework/Versions/A/IOBluetooth
0x0000000000027000 	/System/Library/PrivateFrameworks/CoreWiFi.framework/Versions/A/CoreWiFi
0x0000000000027000 	/System/Library/PrivateFrameworks/CorePhoneNumbers.framework/Versions/A/CorePhoneNumbers
0x0000000000027000 	/System/Library/PrivateFrameworks/DiskManagement.framework/Versions/A/DiskManagement
0x0000000000027000 	/System/Library/PrivateFrameworks/AppleIDAuthSupport.framework/Versions/A/AppleIDAuthSupport
0x0000000000027000 	/System/Library/PrivateFrameworks/KeychainCircle.framework/Versions/A/KeychainCircle
0x0000000000027000 	/System/Library/PrivateFrameworks/MediaKit.framework/Versions/A/MediaKit
0x0000000000027000 	/System/Library/Frameworks/DiscRecording.framework/Versions/A/DiscRecording
0x0000000000027000 	/usr/lib/libCoreStorage.dylib
0x0000000000027000 	/usr/lib/libcsfde.dylib
0x0000000000027000 	/System/Library/PrivateFrameworks/ProtectedCloudStorage.framework/Versions/A/ProtectedCloudStorage
0x0000000000027000 	/System/Library/PrivateFrameworks/EFILogin.framework/Versions/A/EFILogin
0x0000000000027000 	/System/Library/Frameworks/AudioUnit.framework/Versions/A/AudioUnit
0x0000000000027000 	/System/Library/Frameworks/CoreBluetooth.framework/Versions/A/CoreBluetooth
0x0000000000027000 	/usr/lib/libMatch.1.dylib
0x0000000129d53000 	/usr/lib/libobjc-trampolines.dylib
0x0000000000027000 	/System/Library/Frameworks/Accelerate.framework/Versions/A/Frameworks/vImage.framework/Versions/A/Libraries/libCGInterfaces.dylib
0x0000000000027000 	/System/Library/PrivateFrameworks/FamilyControls.framework/Versions/A/FamilyControls
0x0000000000027000 	/System/Library/PrivateFrameworks/CommerceKit.framework/Versions/A/Frameworks/CommerceCore.framework/Versions/A/CommerceCore
0x0000000000027000 	/System/Library/PrivateFrameworks/SystemAdministration.framework/Versions/A/SystemAdministration
0x0000000000027000 	/System/Library/Frameworks/MediaToolbox.framework/Versions/A/MediaToolbox
0x0000000000027000 	/System/Library/Frameworks/DirectoryService.framework/Versions/A/DirectoryService
0x0000000000027000 	/System/Library/PrivateFrameworks/DiskImages.framework/Versions/A/DiskImages
0x0000000000027000 	/System/Library/PrivateFrameworks/LoginUIKit.framework/Versions/A/Frameworks/LoginUICore.framework/Versions/A/LoginUICore
0x0000000000027000 	/usr/lib/libodfde.dylib
0x0000000000027000 	/System/Library/PrivateFrameworks/CoreAVCHD.framework/Versions/A/CoreAVCHD
0x0000000000027000 	/System/Library/Frameworks/MediaAccessibility.framework/Versions/A/MediaAccessibility
0x0000000000027000 	/System/Library/PrivateFrameworks/Mangrove.framework/Versions/A/Mangrove
0x0000000000027000 	/System/Library/PrivateFrameworks/AlgosScoreFramework.framework/Versions/A/AlgosScoreFramework
0x0000000000027000 	/System/Library/PrivateFrameworks/AppleVPA.framework/Versions/A/AppleVPA
0x0000000000027000 	/System/Library/PrivateFrameworks/CoreAUC.framework/Versions/A/CoreAUC
0x0000000000027000 	/usr/lib/libcurl.4.dylib
0x0000000000027000 	/usr/lib/libcrypto.44.dylib
0x0000000000027000 	/usr/lib/libssl.46.dylib
0x0000000000027000 	/System/Library/Frameworks/LDAP.framework/Versions/A/LDAP
0x0000000000027000 	/System/Library/PrivateFrameworks/TrustEvaluationAgent.framework/Versions/A/TrustEvaluationAgent
0x0000000000027000 	/usr/lib/libsasl2.2.dylib
0x0000000000027000 	/System/Library/PrivateFrameworks/CoreDaemon.framework/Versions/B/CoreDaemon
0x0000000000027000 	/System/Library/PrivateFrameworks/AppleSRP.framework/Versions/A/AppleSRP
0x0000000000027000 	/System/Library/PrivateFrameworks/ViewBridge.framework/Versions/A/ViewBridge
0x000000012c8c4000 	/Library/Java/JavaVirtualMachines/jdk1.8.0_111.jdk/Contents/Home/jre/lib/libjavafx_font.dylib
0x0000000000027000 	/System/Library/PrivateFrameworks/login.framework/Versions/A/login
0x000000012d5fb000 	/Library/Java/JavaVirtualMachines/jdk1.8.0_111.jdk/Contents/Home/jre/lib/libprism_common.dylib
0x000000012dd53000 	/private/var/folders/th/b7cvx2bj3ng352d8ll3vk7nr0000gn/T/bluecove_AdriCortellucci_0/libbluecove.jnilib
0x0000000000027000 	/System/Library/Frameworks/JavaVM.framework/Versions/A/JavaVM

VM Arguments:
jvm_args: -Dfile.encoding=UTF-8 
java_command: Client.Client
java_class_path (initial): /Users/AdriCortellucci/Documents/Ambulance_proyect/Telemedicine_ambulance_project_2/lib/bluecove-2.1.2.jar:/Users/AdriCortellucci/Documents/Ambulance_proyect/Telemedicine_ambulance_project_2/Documentacion:/Users/AdriCortellucci/Documents/Ambulance_proyect/Telemedicine_ambulance_project_2/build/classes
Launcher Type: SUN_STANDARD

Environment Variables:
PATH=/usr/bin:/bin:/usr/sbin:/sbin
LD_LIBRARY_PATH=/Library/Java/JavaVirtualMachines/jdk1.8.0_111.jdk/Contents/Home/jre/lib/amd64:/Library/Java/JavaVirtualMachines/jdk1.8.0_111.jdk/Contents/Home/jre/lib/i386:
SHELL=/bin/bash
DISPLAY=/private/tmp/com.apple.launchd.z16KxS8Fei/org.macosforge.xquartz:0

Signal Handlers:
SIGSEGV: [libjvm.dylib+0x5b03ed], sa_mask[0]=11111111011111110111111111111111, sa_flags=SA_ONSTACK|SA_RESTART|SA_SIGINFO
SIGBUS: [libjvm.dylib+0x5b03ed], sa_mask[0]=11111111011111110111111111111111, sa_flags=SA_RESTART|SA_SIGINFO
SIGFPE: [libjvm.dylib+0x48711c], sa_mask[0]=11111111011111110111111111111111, sa_flags=SA_RESTART|SA_SIGINFO
SIGPIPE: [libjvm.dylib+0x48711c], sa_mask[0]=11111111011111110111111111111111, sa_flags=SA_RESTART|SA_SIGINFO
SIGXFSZ: [libjvm.dylib+0x48711c], sa_mask[0]=11111111011111110111111111111111, sa_flags=SA_RESTART|SA_SIGINFO
SIGILL: [libjvm.dylib+0x48711c], sa_mask[0]=11111111011111110111111111111111, sa_flags=SA_RESTART|SA_SIGINFO
SIGUSR1: SIG_DFL, sa_mask[0]=00000000000000000000000000000000, sa_flags=none
SIGUSR2: [libjvm.dylib+0x486c3a], sa_mask[0]=00100000000000000000000000000000, sa_flags=SA_RESTART|SA_SIGINFO
SIGHUP: [libjvm.dylib+0x485211], sa_mask[0]=11111111011111110111111111111111, sa_flags=SA_RESTART|SA_SIGINFO
SIGINT: SIG_IGN, sa_mask[0]=00000000000000000000000000000000, sa_flags=none
SIGTERM: [libjvm.dylib+0x485211], sa_mask[0]=11111111011111110111111111111111, sa_flags=SA_RESTART|SA_SIGINFO
SIGQUIT: [libjvm.dylib+0x485211], sa_mask[0]=11111111011111110111111111111111, sa_flags=SA_RESTART|SA_SIGINFO


---------------  S Y S T E M  ---------------

OS:Bsduname:Darwin 20.1.0 Darwin Kernel Version 20.1.0: Sat Oct 31 00:07:11 PDT 2020; root:xnu-7195.50.7~2/RELEASE_X86_64 x86_64
rlimit: STACK 8192k, CORE 0k, NPROC 1392, NOFILE 10240, AS infinity
load average:2.86 2.54 2.94

CPU:total 8 (4 cores per cpu, 2 threads per core) family 6 model 126 stepping 5, cmov, cx8, fxsr, mmx, sse, sse2, sse3, ssse3, sse4.1, sse4.2, popcnt, avx, avx2, aes, clmul, erms, 3dnowpref, lzcnt, ht, tsc, tscinvbit, bmi1, bmi2, adx

Memory: 4k page, physical 8388608k(606108k free)

/proc/meminfo:


vm_info: Java HotSpot(TM) 64-Bit Server VM (25.111-b14) for bsd-amd64 JRE (1.8.0_111-b14), built on Sep 22 2016 15:31:41 by "java_re" with gcc 4.2.1 (Based on Apple Inc. build 5658) (LLVM build 2336.11.00)

time: Wed Jan  6 22:26:35 2021
elapsed time: 23 seconds (0d 0h 0m 23s)

