#
# A fatal error has been detected by the Java Runtime Environment:
#
#  SIGSEGV (0xb) at pc=0x00007fff201d1d1d, pid=30337, tid=0x0000000000000307
#
# JRE version: Java(TM) SE Runtime Environment (8.0_111-b14) (build 1.8.0_111-b14)
# Java VM: Java HotSpot(TM) 64-Bit Server VM (25.111-b14 mixed mode bsd-amd64 compressed oops)
# Problematic frame:
# C  [libobjc.A.dylib+0x5d1d]  objc_msgSend+0x1d
#
# Failed to write core dump. Core dumps have been disabled. To enable core dumping, try "ulimit -c unlimited" before starting Java again
#
# If you would like to submit a bug report, please visit:
#   http://bugreport.java.com/bugreport/crash.jsp
#

---------------  T H R E A D  ---------------

Current thread is native thread

siginfo: si_signo: 11 (SIGSEGV), si_code: 1 (SEGV_MAPERR), si_addr: 0x0000000000000018

Registers:
RAX=0x00007fc0cbd29740, RBX=0x0000700001c9ee28, RCX=0x0000000000000000, RDX=0x00007fc0cbc19230
RSP=0x00007ffeecb5e198, RBP=0x00007ffeecb5e1d0, RSI=0x00007fff2e385995, RDI=0x00007fc0cbd29740
R8 =0x0000000000000000, R9 =0x0000000000000000, R10=0x0000000000000000, R11=0x00007fff2e385995
R12=0x0000000000000000, R13=0x0000000000000000, R14=0x00000001078324be, R15=0x00007fff88aaac00
RIP=0x00007fff201d1d1d, EFLAGS=0x0000000000010246, ERR=0x0000000000000004
  TRAPNO=0x000000000000000e

Top of Stack: (sp=0x00007ffeecb5e198)
0x00007ffeecb5e198:   00007fff2e29b288 0000000000000000
0x00007ffeecb5e1a8:   0000000000000000 0000000000000000
0x00007ffeecb5e1b8:   00007fc0cbc19230 00007fff7c72b12b
0x00007ffeecb5e1c8:   00007fc0cbd29740 00007ffeecb5e340
0x00007ffeecb5e1d8:   00007fff2e29d849 00000001030c2a00
0x00007ffeecb5e1e8:   0000000000000003 00000001030c0080
0x00007ffeecb5e1f8:   00007fc0cbd00000 00007ffeecb5e270
0x00007ffeecb5e208:   00007fff201601f9 ffff803f00000000
0x00007ffeecb5e218:   00007fc0cbc2ca00 0000000000000000
0x00007ffeecb5e228:   0000000000000000 00007fc0cbc19230
0x00007ffeecb5e238:   e00002bdcbd20004 0000000000000000
0x00007ffeecb5e248:   0000000000000000 0000000000000000
0x00007ffeecb5e258:   0000000000000000 0000000000000000
0x00007ffeecb5e268:   0000000000000000 0000000000000000
0x00007ffeecb5e278:   0000000000000000 00007fff897efca8
0x00007ffeecb5e288:   00007fc0cbf09160 01007fc0cbf09160
0x00007ffeecb5e298:   00007fc0d11ce0b0 00007fff7df6dddf
0x00007ffeecb5e2a8:   00007fc0cbd29740 00007fc0cbd29740
0x00007ffeecb5e2b8:   00007fc0d11be000 00007fff88aaac00
0x00007ffeecb5e2c8:   0000000000000000 0000000000000000
0x00007ffeecb5e2d8:   0000000000000000 0000000000000000
0x00007ffeecb5e2e8:   0000000000000000 0000000000000000
0x00007ffeecb5e2f8:   0000000000000000 0000000000000000
0x00007ffeecb5e308:   0000000000000000 0000000000000000
0x00007ffeecb5e318:   0000000000000000 0000000000000000
0x00007ffeecb5e328:   0000000000000000 0000000000000000
0x00007ffeecb5e338:   5d3022a0f7c900e5 00007ffeecb5e360
0x00007ffeecb5e348:   000000010782aef0 000000010783a730
0x00007ffeecb5e358:   0000700001c9edb8 00007ffeecb5e380
0x00007ffeecb5e368:   0000000107825e56 0000700001c9ed00
0x00007ffeecb5e378:   0000000000000000 00007ffeecb5e3a0
0x00007ffeecb5e388:   00007fff2018a7c7 0000700001c9ed50 

Instructions: (pc=0x00007fff201d1d1d)
0x00007fff201d1cfd:   44 00 00 48 85 ff 2e 74 72 40 f6 c7 01 2e 75 76
0x00007fff201d1d0d:   49 ba f8 ff ff ff ff 7f 00 00 4c 23 17 49 89 f3
0x00007fff201d1d1d:   45 23 5a 18 49 c1 e3 04 4d 03 5a 10 49 3b 33 75
0x00007fff201d1d2d:   0a 4d 8b 5b 08 4d 31 d3 41 ff e3 49 83 3b 01 76 

Register to memory mapping:

RAX=0x00007fc0cbd29740 is an unknown value
RBX=0x0000700001c9ee28 is pointing into the stack for thread: 0x00007fc0ce00a800
RCX=0x0000000000000000 is an unknown value
RDX=0x00007fc0cbc19230 is an unknown value
RSP=0x00007ffeecb5e198 is an unknown value
RBP=0x00007ffeecb5e1d0 is an unknown value
RSI=0x00007fff2e385995: kBasic_Imaging_Image_Pull_Profile_UUID_Size+0x13ed5 in /System/Library/Frameworks/IOBluetooth.framework/Versions/A/IOBluetooth at 0x00007fff2e27b000
RDI=0x00007fc0cbd29740 is an unknown value
R8 =0x0000000000000000 is an unknown value
R9 =0x0000000000000000 is an unknown value
R10=0x0000000000000000 is an unknown value
R11=0x00007fff2e385995: kBasic_Imaging_Image_Pull_Profile_UUID_Size+0x13ed5 in /System/Library/Frameworks/IOBluetooth.framework/Versions/A/IOBluetooth at 0x00007fff2e27b000
R12=0x0000000000000000 is an unknown value
R13=0x0000000000000000 is an unknown value
R14=0x00000001078324be: GCC_except_table25+0x606 in /private/var/folders/th/b7cvx2bj3ng352d8ll3vk7nr0000gn/T/bluecove_AdriCortellucci_0/libbluecove.jnilib at 0x0000000107822000
R15=0x00007fff88aaac00: _dispatch_main_q+0 in /usr/lib/system/libdispatch.dylib at 0x00007fff20187000


Stack: [0x00007ffeec361000,0x00007ffeecb61000],  sp=0x00007ffeecb5e198,  free space=8180k
Native frames: (J=compiled Java code, j=interpreted, Vv=VM code, C=native code)
C  [libobjc.A.dylib+0x5d1d]  objc_msgSend+0x1d
C  [IOBluetooth+0x22849]  -[IOBluetoothDevice openRFCOMMChannelAsync:withChannelID:delegate:]+0x349
C  [libbluecove.jnilib+0x8ef0]  RFCOMMConnectionOpen::run()+0x44
C  [libbluecove.jnilib+0x3e56]  invocation function for block in synchronousBTOperation(Runnable*)+0x6b
C  [libdispatch.dylib+0x37c7]  _dispatch_client_callout+0x8
C  [libdispatch.dylib+0x106c4]  _dispatch_async_and_wait_invoke+0x57
C  [libdispatch.dylib+0x37c7]  _dispatch_client_callout+0x8
C  [libdispatch.dylib+0xfb86]  _dispatch_main_queue_callback_4CF+0x3ac
C  [CoreFoundation+0xbe960]  __CFRUNLOOP_IS_SERVICING_THE_MAIN_DISPATCH_QUEUE__+0x9
C  [CoreFoundation+0x80842]  __CFRunLoopRun+0xaab
C  [CoreFoundation+0x7f6be]  CFRunLoopRunSpecific+0x233
C  [java+0x6465]  CreateExecutionEnvironment+0x367
C  [java+0x218c]  JLI_Launch+0x7a0
C  [java+0x84c2]  main+0x65
C  [java+0x19e4]  start+0x34


---------------  P R O C E S S  ---------------

VM state:not at safepoint (normal execution)

VM Mutex/Monitor currently owned by a thread: None

Heap:
 PSYoungGen      total 38400K, used 2662K [0x0000000795580000, 0x0000000798000000, 0x00000007c0000000)
  eden space 33280K, 8% used [0x0000000795580000,0x00000007958199a8,0x0000000797600000)
  from space 5120K, 0% used [0x0000000797b00000,0x0000000797b00000,0x0000000798000000)
  to   space 5120K, 0% used [0x0000000797600000,0x0000000797600000,0x0000000797b00000)
 ParOldGen       total 87552K, used 0K [0x0000000740000000, 0x0000000745580000, 0x0000000795580000)
  object space 87552K, 0% used [0x0000000740000000,0x0000000740000000,0x0000000745580000)
 Metaspace       used 3383K, capacity 4792K, committed 5120K, reserved 1056768K
  class space    used 376K, capacity 424K, committed 512K, reserved 1048576K

Card table byte_map: [0x00000001179e8000,0x0000000117de9000] byte_map_base: 0x0000000113fe8000

Marking Bits: (ParMarkBitMap*) 0x0000000108336d20
 Begin Bits: [0x0000000117de9000, 0x0000000119de9000)
 End Bits:   [0x0000000119de9000, 0x000000011bde9000)

Polling page: 0x0000000103115000

CodeCache: size=245760Kb used=1235Kb max_used=1235Kb free=244525Kb
 bounds [0x00000001089e8000, 0x0000000108c58000, 0x00000001179e8000]
 total_blobs=332 nmethods=88 adapters=158
 compilation: enabled

Compilation events (10 events):
Event: 0.694 Thread 0x00007fc0ce80e800   84       3       java.util.HashMap::get (23 bytes)
Event: 0.694 Thread 0x00007fc0ce80e800 nmethod 84 0x0000000108b1b5d0 code [0x0000000108b1b760, 0x0000000108b1bb78]
Event: 0.695 Thread 0x00007fc0ce80e800   85       3       java.util.concurrent.ConcurrentHashMap::putIfAbsent (8 bytes)
Event: 0.695 Thread 0x00007fc0ce80e800 nmethod 85 0x0000000108b1bcd0 code [0x0000000108b1be40, 0x0000000108b1c048]
Event: 0.695 Thread 0x00007fc0ce80e800   86       3       java.nio.Buffer::checkIndex (22 bytes)
Event: 0.695 Thread 0x00007fc0ce80e800 nmethod 86 0x0000000108b1c0d0 code [0x0000000108b1c240, 0x0000000108b1c488]
Event: 0.695 Thread 0x00007fc0ce80e800   87       3       java.nio.DirectLongBufferU::ix (10 bytes)
Event: 0.695 Thread 0x00007fc0ce80e800 nmethod 87 0x0000000108b1c550 code [0x0000000108b1c6a0, 0x0000000108b1c810]
Event: 0.696 Thread 0x00007fc0ce80e800   88       3       java.util.concurrent.ConcurrentHashMap::casTabAt (20 bytes)
Event: 0.696 Thread 0x00007fc0ce80e800 nmethod 88 0x0000000108b1c890 code [0x0000000108b1c9e0, 0x0000000108b1cb70]

GC Heap History (0 events):
No events

Deoptimization events (0 events):
No events

Internal exceptions (8 events):
Event: 0.031 Thread 0x00007fc0ce00a800 Exception <a 'java/lang/NoSuchMethodError': Method sun.misc.Unsafe.defineClass(Ljava/lang/String;[BII)Ljava/lang/Class; name or signature does not match> (0x0000000795587c78) thrown at [/Users/java_re/workspace/8-2-build-macosx-x86_64/jdk8u111/7883/hotspo
Event: 0.031 Thread 0x00007fc0ce00a800 Exception <a 'java/lang/NoSuchMethodError': Method sun.misc.Unsafe.prefetchRead(Ljava/lang/Object;J)V name or signature does not match> (0x0000000795587f60) thrown at [/Users/java_re/workspace/8-2-build-macosx-x86_64/jdk8u111/7883/hotspot/src/share/vm/pri
Event: 0.112 Thread 0x00007fc0ce00a800 Exception <a 'java/security/PrivilegedActionException'> (0x000000079571fbf0) thrown at [/Users/java_re/workspace/8-2-build-macosx-x86_64/jdk8u111/7883/hotspot/src/share/vm/prims/jvm.cpp, line 1386]
Event: 0.112 Thread 0x00007fc0ce00a800 Exception <a 'java/security/PrivilegedActionException'> (0x000000079571fe00) thrown at [/Users/java_re/workspace/8-2-build-macosx-x86_64/jdk8u111/7883/hotspot/src/share/vm/prims/jvm.cpp, line 1386]
Event: 0.112 Thread 0x00007fc0ce00a800 Exception <a 'java/security/PrivilegedActionException'> (0x0000000795723108) thrown at [/Users/java_re/workspace/8-2-build-macosx-x86_64/jdk8u111/7883/hotspot/src/share/vm/prims/jvm.cpp, line 1386]
Event: 0.112 Thread 0x00007fc0ce00a800 Exception <a 'java/security/PrivilegedActionException'> (0x0000000795723318) thrown at [/Users/java_re/workspace/8-2-build-macosx-x86_64/jdk8u111/7883/hotspot/src/share/vm/prims/jvm.cpp, line 1386]
Event: 0.114 Thread 0x00007fc0ce00a800 Exception <a 'java/lang/NoClassDefFoundError': org/apache/log4j/Category> (0x000000079572cec8) thrown at [/Users/java_re/workspace/8-2-build-macosx-x86_64/jdk8u111/7883/hotspot/src/share/vm/classfile/systemDictionary.cpp, line 199]
Event: 0.125 Thread 0x00007fc0ce00a800 Exception <a 'java/lang/UnsatisfiedLinkError': com.intel.bluetooth.BluetoothStackOSX.isNativeCodeLoaded()Z> (0x0000000795760f78) thrown at [/Users/java_re/workspace/8-2-build-macosx-x86_64/jdk8u111/7883/hotspot/src/share/vm/prims/nativeLookup.cpp, line 37

Events (10 events):
Event: 0.694 loading class com/intel/bluetooth/BluetoothRFCommOutputStream
Event: 0.694 loading class com/intel/bluetooth/BluetoothRFCommOutputStream done
Event: 0.695 loading class com/intel/bluetooth/BluetoothRFCommInputStream
Event: 0.695 loading class com/intel/bluetooth/BluetoothRFCommInputStream done
Event: 0.696 loading class javax/bluetooth/LocalDevice
Event: 0.696 loading class javax/bluetooth/LocalDevice done
Event: 0.697 loading class javax/bluetooth/DiscoveryAgent
Event: 0.697 loading class javax/bluetooth/DiscoveryAgent done
Event: 4.100 Executing VM operation: EnableBiasedLocking
Event: 4.101 Executing VM operation: EnableBiasedLocking done


Dynamic libraries:
0x0000000000028000 	/System/Library/Frameworks/Cocoa.framework/Versions/A/Cocoa
0x0000000000028000 	/System/Library/Frameworks/Security.framework/Versions/A/Security
0x0000000000028000 	/System/Library/Frameworks/ApplicationServices.framework/Versions/A/ApplicationServices
0x0000000000028000 	/usr/lib/libz.1.dylib
0x0000000000028000 	/usr/lib/libSystem.B.dylib
0x0000000000028000 	/usr/lib/libobjc.A.dylib
0x0000000000028000 	/System/Library/Frameworks/CoreFoundation.framework/Versions/A/CoreFoundation
0x0000000000028000 	/System/Library/Frameworks/Foundation.framework/Versions/C/Foundation
0x0000000000028000 	/System/Library/Frameworks/AppKit.framework/Versions/C/AppKit
0x0000000000028000 	/System/Library/Frameworks/CoreData.framework/Versions/A/CoreData
0x0000000000028000 	/System/Library/PrivateFrameworks/UIFoundation.framework/Versions/A/UIFoundation
0x0000000000028000 	/System/Library/PrivateFrameworks/RemoteViewServices.framework/Versions/A/RemoteViewServices
0x0000000000028000 	/System/Library/PrivateFrameworks/XCTTargetBootstrap.framework/Versions/A/XCTTargetBootstrap
0x0000000000028000 	/usr/lib/libspindump.dylib
0x0000000000028000 	/System/Library/Frameworks/UniformTypeIdentifiers.framework/Versions/A/UniformTypeIdentifiers
0x0000000000028000 	/usr/lib/libapp_launch_measurement.dylib
0x0000000000028000 	/System/Library/PrivateFrameworks/CoreAutoLayout.framework/Versions/A/CoreAutoLayout
0x0000000000028000 	/System/Library/Frameworks/Metal.framework/Versions/A/Metal
0x0000000000028000 	/usr/lib/liblangid.dylib
0x0000000000028000 	/System/Library/PrivateFrameworks/CoreSVG.framework/Versions/A/CoreSVG
0x0000000000028000 	/System/Library/PrivateFrameworks/SkyLight.framework/Versions/A/SkyLight
0x0000000000028000 	/System/Library/Frameworks/CoreGraphics.framework/Versions/A/CoreGraphics
0x0000000000028000 	/System/Library/Frameworks/Accelerate.framework/Versions/A/Accelerate
0x0000000000028000 	/System/Library/PrivateFrameworks/IconServices.framework/Versions/A/IconServices
0x0000000000028000 	/System/Library/Frameworks/IOSurface.framework/Versions/A/IOSurface
0x0000000000028000 	/usr/lib/libDiagnosticMessagesClient.dylib
0x0000000000028000 	/System/Library/PrivateFrameworks/DFRFoundation.framework/Versions/A/DFRFoundation
0x0000000000028000 	/usr/lib/libicucore.A.dylib
0x0000000000028000 	/System/Library/Frameworks/AudioToolbox.framework/Versions/A/AudioToolbox
0x0000000000028000 	/System/Library/PrivateFrameworks/DataDetectorsCore.framework/Versions/A/DataDetectorsCore
0x0000000000028000 	/System/Library/Frameworks/Carbon.framework/Versions/A/Frameworks/HIToolbox.framework/Versions/A/HIToolbox
0x0000000000028000 	/System/Library/Frameworks/QuartzCore.framework/Versions/A/QuartzCore
0x0000000000028000 	/System/Library/Frameworks/Carbon.framework/Versions/A/Frameworks/SpeechRecognition.framework/Versions/A/SpeechRecognition
0x0000000000028000 	/System/Library/PrivateFrameworks/CoreUI.framework/Versions/A/CoreUI
0x0000000000028000 	/System/Library/Frameworks/CoreAudio.framework/Versions/A/CoreAudio
0x0000000000028000 	/System/Library/Frameworks/DiskArbitration.framework/Versions/A/DiskArbitration
0x0000000000028000 	/System/Library/PrivateFrameworks/MultitouchSupport.framework/Versions/A/MultitouchSupport
0x0000000000028000 	/System/Library/PrivateFrameworks/InternationalSupport.framework/Versions/A/InternationalSupport
0x0000000000028000 	/usr/lib/libenergytrace.dylib
0x0000000000028000 	/System/Library/Frameworks/IOKit.framework/Versions/A/IOKit
0x0000000000028000 	/System/Library/Frameworks/CoreServices.framework/Versions/A/CoreServices
0x0000000000028000 	/System/Library/PrivateFrameworks/PerformanceAnalysis.framework/Versions/A/PerformanceAnalysis
0x0000000000028000 	/System/Library/Frameworks/OpenGL.framework/Versions/A/OpenGL
0x0000000000028000 	/System/Library/PrivateFrameworks/UserActivity.framework/Versions/A/UserActivity
0x0000000000028000 	/System/Library/Frameworks/ColorSync.framework/Versions/A/ColorSync
0x0000000000028000 	/System/Library/Frameworks/CoreImage.framework/Versions/A/CoreImage
0x0000000000028000 	/System/Library/Frameworks/CoreText.framework/Versions/A/CoreText
0x0000000000028000 	/System/Library/Frameworks/ImageIO.framework/Versions/A/ImageIO
0x0000000000028000 	/System/Library/PrivateFrameworks/SoftLinking.framework/Versions/A/SoftLinking
0x0000000000028000 	/usr/lib/libxml2.2.dylib
0x0000000000028000 	/usr/lib/libc++.1.dylib
0x0000000000028000 	/usr/lib/libcompression.dylib
0x0000000000028000 	/usr/lib/libMobileGestalt.dylib
0x0000000000028000 	/System/Library/PrivateFrameworks/TextureIO.framework/Versions/A/TextureIO
0x0000000000028000 	/usr/lib/libate.dylib
0x0000000000028000 	/usr/lib/system/libcache.dylib
0x0000000000028000 	/usr/lib/system/libcommonCrypto.dylib
0x0000000000028000 	/usr/lib/system/libcompiler_rt.dylib
0x0000000000028000 	/usr/lib/system/libcopyfile.dylib
0x0000000000028000 	/usr/lib/system/libcorecrypto.dylib
0x0000000000028000 	/usr/lib/system/libdispatch.dylib
0x0000000000028000 	/usr/lib/system/libdyld.dylib
0x0000000000028000 	/usr/lib/system/libkeymgr.dylib
0x0000000000028000 	/usr/lib/system/liblaunch.dylib
0x0000000000028000 	/usr/lib/system/libmacho.dylib
0x0000000000028000 	/usr/lib/system/libquarantine.dylib
0x0000000000028000 	/usr/lib/system/libremovefile.dylib
0x0000000000028000 	/usr/lib/system/libsystem_asl.dylib
0x0000000000028000 	/usr/lib/system/libsystem_blocks.dylib
0x0000000000028000 	/usr/lib/system/libsystem_c.dylib
0x0000000000028000 	/usr/lib/system/libsystem_collections.dylib
0x0000000000028000 	/usr/lib/system/libsystem_configuration.dylib
0x0000000000028000 	/usr/lib/system/libsystem_containermanager.dylib
0x0000000000028000 	/usr/lib/system/libsystem_coreservices.dylib
0x0000000000028000 	/usr/lib/system/libsystem_darwin.dylib
0x0000000000028000 	/usr/lib/system/libsystem_dnssd.dylib
0x0000000000028000 	/usr/lib/system/libsystem_featureflags.dylib
0x0000000000028000 	/usr/lib/system/libsystem_info.dylib
0x0000000000028000 	/usr/lib/system/libsystem_m.dylib
0x0000000000028000 	/usr/lib/system/libsystem_malloc.dylib
0x0000000000028000 	/usr/lib/system/libsystem_networkextension.dylib
0x0000000000028000 	/usr/lib/system/libsystem_notify.dylib
0x0000000000028000 	/usr/lib/system/libsystem_product_info_filter.dylib
0x0000000000028000 	/usr/lib/system/libsystem_sandbox.dylib
0x0000000000028000 	/usr/lib/system/libsystem_secinit.dylib
0x0000000000028000 	/usr/lib/system/libsystem_kernel.dylib
0x0000000000028000 	/usr/lib/system/libsystem_platform.dylib
0x0000000000028000 	/usr/lib/system/libsystem_pthread.dylib
0x0000000000028000 	/usr/lib/system/libsystem_symptoms.dylib
0x0000000000028000 	/usr/lib/system/libsystem_trace.dylib
0x0000000000028000 	/usr/lib/system/libunwind.dylib
0x0000000000028000 	/usr/lib/system/libxpc.dylib
0x0000000000028000 	/usr/lib/libc++abi.dylib
0x0000000000028000 	/usr/lib/liboah.dylib
0x0000000000028000 	/usr/lib/liblzma.5.dylib
0x0000000000028000 	/System/Library/Frameworks/SystemConfiguration.framework/Versions/A/SystemConfiguration
0x0000000000028000 	/usr/lib/libfakelink.dylib
0x0000000000028000 	/System/Library/Frameworks/CFNetwork.framework/Versions/A/CFNetwork
0x0000000000028000 	/usr/lib/libarchive.2.dylib
0x0000000000028000 	/usr/lib/libCRFSuite.dylib
0x0000000000028000 	/usr/lib/libbsm.0.dylib
0x0000000000028000 	/usr/lib/libnetwork.dylib
0x0000000000028000 	/usr/lib/libpcap.A.dylib
0x0000000000028000 	/usr/lib/libdns_services.dylib
0x0000000000028000 	/usr/lib/libcoretls_cfhelpers.dylib
0x0000000000028000 	/usr/lib/libapple_nghttp2.dylib
0x0000000000028000 	/usr/lib/system/libkxld.dylib
0x0000000000028000 	/usr/lib/libsqlite3.dylib
0x0000000000028000 	/System/Library/PrivateFrameworks/AppleFSCompression.framework/Versions/A/AppleFSCompression
0x0000000000028000 	/usr/lib/libcoretls.dylib
0x0000000000028000 	/usr/lib/libpam.2.dylib
0x0000000000028000 	/usr/lib/libxar.1.dylib
0x0000000000028000 	/System/Library/PrivateFrameworks/AppleSystemInfo.framework/Versions/A/AppleSystemInfo
0x0000000000028000 	/System/Library/PrivateFrameworks/IOMobileFramebuffer.framework/Versions/A/IOMobileFramebuffer
0x0000000000028000 	/usr/lib/libbz2.1.0.dylib
0x0000000000028000 	/usr/lib/libiconv.2.dylib
0x0000000000028000 	/usr/lib/libcharset.1.dylib
0x0000000000028000 	/System/Library/Frameworks/CoreServices.framework/Versions/A/Frameworks/FSEvents.framework/Versions/A/FSEvents
0x0000000000028000 	/System/Library/Frameworks/CoreServices.framework/Versions/A/Frameworks/CarbonCore.framework/Versions/A/CarbonCore
0x0000000000028000 	/System/Library/Frameworks/CoreServices.framework/Versions/A/Frameworks/Metadata.framework/Versions/A/Metadata
0x0000000000028000 	/System/Library/Frameworks/CoreServices.framework/Versions/A/Frameworks/OSServices.framework/Versions/A/OSServices
0x0000000000028000 	/System/Library/Frameworks/CoreServices.framework/Versions/A/Frameworks/SearchKit.framework/Versions/A/SearchKit
0x0000000000028000 	/System/Library/Frameworks/CoreServices.framework/Versions/A/Frameworks/AE.framework/Versions/A/AE
0x0000000000028000 	/System/Library/Frameworks/CoreServices.framework/Versions/A/Frameworks/LaunchServices.framework/Versions/A/LaunchServices
0x0000000000028000 	/System/Library/Frameworks/CoreServices.framework/Versions/A/Frameworks/DictionaryServices.framework/Versions/A/DictionaryServices
0x0000000000028000 	/System/Library/Frameworks/CoreServices.framework/Versions/A/Frameworks/SharedFileList.framework/Versions/A/SharedFileList
0x0000000000028000 	/usr/lib/libCheckFix.dylib
0x0000000000028000 	/System/Library/PrivateFrameworks/TCC.framework/Versions/A/TCC
0x0000000000028000 	/System/Library/PrivateFrameworks/CoreNLP.framework/Versions/A/CoreNLP
0x0000000000028000 	/System/Library/PrivateFrameworks/MetadataUtilities.framework/Versions/A/MetadataUtilities
0x0000000000028000 	/usr/lib/libmecabra.dylib
0x0000000000028000 	/System/Library/Frameworks/MLCompute.framework/Versions/A/MLCompute
0x0000000000028000 	/usr/lib/libmecab.dylib
0x0000000000028000 	/usr/lib/libgermantok.dylib
0x0000000000028000 	/usr/lib/libThaiTokenizer.dylib
0x0000000000028000 	/usr/lib/libChineseTokenizer.dylib
0x0000000000028000 	/System/Library/Frameworks/MetalPerformanceShaders.framework/Versions/A/MetalPerformanceShaders
0x0000000000028000 	/System/Library/Frameworks/Accelerate.framework/Versions/A/Frameworks/vImage.framework/Versions/A/vImage
0x0000000000028000 	/System/Library/Frameworks/Accelerate.framework/Versions/A/Frameworks/vecLib.framework/Versions/A/vecLib
0x0000000000028000 	/System/Library/Frameworks/Accelerate.framework/Versions/A/Frameworks/vecLib.framework/Versions/A/libvMisc.dylib
0x0000000000028000 	/System/Library/Frameworks/Accelerate.framework/Versions/A/Frameworks/vecLib.framework/Versions/A/libvDSP.dylib
0x0000000000028000 	/System/Library/Frameworks/Accelerate.framework/Versions/A/Frameworks/vecLib.framework/Versions/A/libBLAS.dylib
0x0000000000028000 	/System/Library/Frameworks/Accelerate.framework/Versions/A/Frameworks/vecLib.framework/Versions/A/libLAPACK.dylib
0x0000000000028000 	/System/Library/Frameworks/Accelerate.framework/Versions/A/Frameworks/vecLib.framework/Versions/A/libLinearAlgebra.dylib
0x0000000000028000 	/System/Library/Frameworks/Accelerate.framework/Versions/A/Frameworks/vecLib.framework/Versions/A/libSparseBLAS.dylib
0x0000000000028000 	/System/Library/Frameworks/Accelerate.framework/Versions/A/Frameworks/vecLib.framework/Versions/A/libQuadrature.dylib
0x0000000000028000 	/System/Library/Frameworks/Accelerate.framework/Versions/A/Frameworks/vecLib.framework/Versions/A/libBNNS.dylib
0x0000000000028000 	/System/Library/Frameworks/Accelerate.framework/Versions/A/Frameworks/vecLib.framework/Versions/A/libSparse.dylib
0x0000000000028000 	/System/Library/Frameworks/MetalPerformanceShaders.framework/Versions/A/Frameworks/MPSCore.framework/Versions/A/MPSCore
0x0000000000028000 	/System/Library/Frameworks/MetalPerformanceShaders.framework/Versions/A/Frameworks/MPSImage.framework/Versions/A/MPSImage
0x0000000000028000 	/System/Library/Frameworks/MetalPerformanceShaders.framework/Versions/A/Frameworks/MPSNeuralNetwork.framework/Versions/A/MPSNeuralNetwork
0x0000000000028000 	/System/Library/Frameworks/MetalPerformanceShaders.framework/Versions/A/Frameworks/MPSMatrix.framework/Versions/A/MPSMatrix
0x0000000000028000 	/System/Library/Frameworks/MetalPerformanceShaders.framework/Versions/A/Frameworks/MPSRayIntersector.framework/Versions/A/MPSRayIntersector
0x0000000000028000 	/System/Library/Frameworks/MetalPerformanceShaders.framework/Versions/A/Frameworks/MPSNDArray.framework/Versions/A/MPSNDArray
0x0000000000028000 	/System/Library/PrivateFrameworks/MetalTools.framework/Versions/A/MetalTools
0x0000000000028000 	/System/Library/PrivateFrameworks/AggregateDictionary.framework/Versions/A/AggregateDictionary
0x0000000000028000 	/System/Library/PrivateFrameworks/CoreAnalytics.framework/Versions/A/CoreAnalytics
0x0000000000028000 	/System/Library/PrivateFrameworks/AppleSauce.framework/Versions/A/AppleSauce
0x0000000000028000 	/System/Library/PrivateFrameworks/IOAccelerator.framework/Versions/A/IOAccelerator
0x0000000000028000 	/System/Library/Frameworks/OpenGL.framework/Versions/A/Libraries/libCoreFSCache.dylib
0x0000000000028000 	/System/Library/PrivateFrameworks/LanguageModeling.framework/Versions/A/LanguageModeling
0x0000000000028000 	/System/Library/PrivateFrameworks/CoreEmoji.framework/Versions/A/CoreEmoji
0x0000000000028000 	/System/Library/PrivateFrameworks/LinguisticData.framework/Versions/A/LinguisticData
0x0000000000028000 	/System/Library/PrivateFrameworks/Lexicon.framework/Versions/A/Lexicon
0x0000000000028000 	/usr/lib/libcmph.dylib
0x0000000000028000 	/System/Library/Frameworks/OpenDirectory.framework/Versions/A/Frameworks/CFOpenDirectory.framework/Versions/A/CFOpenDirectory
0x0000000000028000 	/System/Library/Frameworks/OpenDirectory.framework/Versions/A/OpenDirectory
0x0000000000028000 	/System/Library/PrivateFrameworks/APFS.framework/Versions/A/APFS
0x0000000000028000 	/System/Library/Frameworks/SecurityFoundation.framework/Versions/A/SecurityFoundation
0x0000000000028000 	/usr/lib/libutil.dylib
0x0000000000028000 	/System/Library/PrivateFrameworks/CoreServicesStore.framework/Versions/A/CoreServicesStore
0x0000000000028000 	/System/Library/Frameworks/ServiceManagement.framework/Versions/A/ServiceManagement
0x0000000000028000 	/usr/lib/libxslt.1.dylib
0x0000000000028000 	/System/Library/PrivateFrameworks/BackgroundTaskManagement.framework/Versions/A/BackgroundTaskManagement
0x0000000000028000 	/System/Library/Frameworks/ImageIO.framework/Versions/A/Resources/libRadiance.dylib
0x0000000000028000 	/System/Library/Frameworks/ImageIO.framework/Versions/A/Resources/libJPEG.dylib
0x0000000000028000 	/System/Library/Frameworks/ImageIO.framework/Versions/A/Resources/libPng.dylib
0x0000000000028000 	/System/Library/Frameworks/ImageIO.framework/Versions/A/Resources/libTIFF.dylib
0x0000000000028000 	/System/Library/Frameworks/ImageIO.framework/Versions/A/Resources/libGIF.dylib
0x0000000000028000 	/System/Library/Frameworks/ImageIO.framework/Versions/A/Resources/libJP2.dylib
0x0000000000028000 	/usr/lib/libexpat.1.dylib
0x0000000000028000 	/System/Library/PrivateFrameworks/AppleJPEG.framework/Versions/A/AppleJPEG
0x0000000000028000 	/System/Library/PrivateFrameworks/FontServices.framework/libFontParser.dylib
0x0000000000028000 	/System/Library/PrivateFrameworks/RunningBoardServices.framework/Versions/A/RunningBoardServices
0x0000000000028000 	/System/Library/PrivateFrameworks/WatchdogClient.framework/Versions/A/WatchdogClient
0x0000000000028000 	/System/Library/Frameworks/CoreDisplay.framework/Versions/A/CoreDisplay
0x0000000000028000 	/System/Library/Frameworks/CoreMedia.framework/Versions/A/CoreMedia
0x0000000000028000 	/System/Library/Frameworks/CoreVideo.framework/Versions/A/CoreVideo
0x0000000000028000 	/System/Library/Frameworks/VideoToolbox.framework/Versions/A/VideoToolbox
0x0000000000028000 	/System/Library/PrivateFrameworks/BaseBoard.framework/Versions/A/BaseBoard
0x0000000000028000 	/System/Library/PrivateFrameworks/PersistentConnection.framework/Versions/A/PersistentConnection
0x0000000000028000 	/System/Library/PrivateFrameworks/ProtocolBuffer.framework/Versions/A/ProtocolBuffer
0x0000000000028000 	/System/Library/PrivateFrameworks/CommonUtilities.framework/Versions/A/CommonUtilities
0x0000000000028000 	/System/Library/PrivateFrameworks/Bom.framework/Versions/A/Bom
0x0000000000028000 	/System/Library/PrivateFrameworks/GPUWrangler.framework/Versions/A/GPUWrangler
0x0000000000028000 	/System/Library/PrivateFrameworks/IOPresentment.framework/Versions/A/IOPresentment
0x0000000000028000 	/System/Library/PrivateFrameworks/DSExternalDisplay.framework/Versions/A/DSExternalDisplay
0x0000000000028000 	/System/Library/PrivateFrameworks/CMCaptureCore.framework/Versions/A/CMCaptureCore
0x0000000000028000 	/System/Library/PrivateFrameworks/AppServerSupport.framework/Versions/A/AppServerSupport
0x0000000000028000 	/System/Library/PrivateFrameworks/perfdata.framework/Versions/A/perfdata
0x0000000000028000 	/System/Library/PrivateFrameworks/AssertionServices.framework/Versions/A/AssertionServices
0x0000000000028000 	/System/Library/PrivateFrameworks/AudioToolboxCore.framework/Versions/A/AudioToolboxCore
0x0000000000028000 	/System/Library/PrivateFrameworks/caulk.framework/Versions/A/caulk
0x0000000000028000 	/System/Library/PrivateFrameworks/SystemPolicy.framework/Versions/A/SystemPolicy
0x0000000000028000 	/usr/lib/libIOReport.dylib
0x0000000000028000 	/usr/lib/libSMC.dylib
0x0000000000028000 	/usr/lib/libAudioToolboxUtility.dylib
0x0000000000028000 	/usr/lib/libmis.dylib
0x0000000000028000 	/System/Library/Frameworks/OpenGL.framework/Versions/A/Libraries/libGLU.dylib
0x0000000000028000 	/System/Library/Frameworks/OpenGL.framework/Versions/A/Libraries/libGFXShared.dylib
0x0000000000028000 	/System/Library/Frameworks/OpenGL.framework/Versions/A/Libraries/libGL.dylib
0x0000000000028000 	/System/Library/Frameworks/OpenGL.framework/Versions/A/Libraries/libGLImage.dylib
0x0000000000028000 	/System/Library/Frameworks/OpenGL.framework/Versions/A/Libraries/libCVMSPluginSupport.dylib
0x0000000000028000 	/System/Library/Frameworks/OpenGL.framework/Versions/A/Libraries/libCoreVMClient.dylib
0x0000000000028000 	/System/Library/Frameworks/OpenCL.framework/Versions/A/OpenCL
0x0000000000028000 	/System/Library/PrivateFrameworks/GraphVisualizer.framework/Versions/A/GraphVisualizer
0x0000000000028000 	/System/Library/PrivateFrameworks/FaceCore.framework/Versions/A/FaceCore
0x0000000000028000 	/System/Library/PrivateFrameworks/OTSVG.framework/Versions/A/OTSVG
0x0000000000028000 	/System/Library/Frameworks/ApplicationServices.framework/Versions/A/Frameworks/ATS.framework/Versions/A/Resources/libFontRegistry.dylib
0x0000000000028000 	/System/Library/PrivateFrameworks/FontServices.framework/libhvf.dylib
0x0000000000028000 	/System/Library/PrivateFrameworks/AppleVA.framework/Versions/A/AppleVA
0x0000000000028000 	/System/Library/Frameworks/ApplicationServices.framework/Versions/A/Frameworks/ATS.framework/Versions/A/ATS
0x0000000000028000 	/System/Library/Frameworks/ApplicationServices.framework/Versions/A/Frameworks/ColorSyncLegacy.framework/Versions/A/ColorSyncLegacy
0x0000000000028000 	/System/Library/Frameworks/ApplicationServices.framework/Versions/A/Frameworks/HIServices.framework/Versions/A/HIServices
0x0000000000028000 	/System/Library/Frameworks/ApplicationServices.framework/Versions/A/Frameworks/LangAnalysis.framework/Versions/A/LangAnalysis
0x0000000000028000 	/System/Library/Frameworks/ApplicationServices.framework/Versions/A/Frameworks/PrintCore.framework/Versions/A/PrintCore
0x0000000000028000 	/System/Library/Frameworks/ApplicationServices.framework/Versions/A/Frameworks/QD.framework/Versions/A/QD
0x0000000000028000 	/System/Library/Frameworks/ApplicationServices.framework/Versions/A/Frameworks/SpeechSynthesis.framework/Versions/A/SpeechSynthesis
0x0000000000028000 	/System/Library/Frameworks/ApplicationServices.framework/Versions/A/Frameworks/ATSUI.framework/Versions/A/ATSUI
0x0000000000028000 	/usr/lib/libcups.2.dylib
0x0000000000028000 	/System/Library/PrivateFrameworks/NetAuth.framework/Versions/A/NetAuth
0x0000000000028000 	/System/Library/Frameworks/Kerberos.framework/Versions/A/Kerberos
0x0000000000028000 	/System/Library/Frameworks/GSS.framework/Versions/A/GSS
0x0000000000028000 	/usr/lib/libresolv.9.dylib
0x0000000000028000 	/System/Library/PrivateFrameworks/Heimdal.framework/Versions/A/Heimdal
0x0000000000028000 	/System/Library/Frameworks/Kerberos.framework/Versions/A/Libraries/libHeimdalProxy.dylib
0x0000000000028000 	/System/Library/Frameworks/Network.framework/Versions/A/Network
0x0000000000028000 	/usr/lib/libheimdal-asn1.dylib
0x0000000000028000 	/System/Library/PrivateFrameworks/CommonAuth.framework/Versions/A/CommonAuth
0x0000000000028000 	/System/Library/PrivateFrameworks/login.framework/Versions/A/Frameworks/loginsupport.framework/Versions/A/loginsupport
0x0000000000028000 	/System/Library/PrivateFrameworks/AudioSession.framework/Versions/A/AudioSession
0x0000000000028000 	/usr/lib/libAudioStatistics.dylib
0x0000000000028000 	/System/Library/PrivateFrameworks/MediaExperience.framework/Versions/A/MediaExperience
0x0000000000028000 	/System/Library/PrivateFrameworks/AudioSession.framework/libSessionUtility.dylib
0x0000000000028000 	/usr/lib/libperfcheck.dylib
0x0000000000028000 	/System/Library/PrivateFrameworks/AudioResourceArbitration.framework/Versions/A/AudioResourceArbitration
0x0000000000028000 	/System/Library/PrivateFrameworks/IconFoundation.framework/Versions/A/IconFoundation
0x0000000000028000 	/System/Library/PrivateFrameworks/SpeechRecognitionCore.framework/Versions/A/SpeechRecognitionCore
0x0000000107a47000 	/Library/Java/JavaVirtualMachines/jdk1.8.0_111.jdk/Contents/Home/jre/lib/server/libjvm.dylib
0x0000000000028000 	/usr/lib/libstdc++.6.dylib
0x00000001030d2000 	/Library/Java/JavaVirtualMachines/jdk1.8.0_111.jdk/Contents/Home/jre/lib/libverify.dylib
0x00000001030e0000 	/Library/Java/JavaVirtualMachines/jdk1.8.0_111.jdk/Contents/Home/jre/lib/libjava.dylib
0x000000010315f000 	/Library/Java/JavaVirtualMachines/jdk1.8.0_111.jdk/Contents/Home/jre/lib/libzip.dylib
0x0000000000028000 	/System/Library/Frameworks/JavaRuntimeSupport.framework/Versions/A/JavaRuntimeSupport
0x0000000000028000 	/System/Library/Frameworks/Carbon.framework/Versions/A/Carbon
0x0000000000028000 	/System/Library/PrivateFrameworks/CoreSymbolication.framework/Versions/A/CoreSymbolication
0x0000000000028000 	/System/Library/Frameworks/Carbon.framework/Versions/A/Frameworks/CommonPanels.framework/Versions/A/CommonPanels
0x0000000000028000 	/System/Library/Frameworks/Carbon.framework/Versions/A/Frameworks/Help.framework/Versions/A/Help
0x0000000000028000 	/System/Library/Frameworks/Carbon.framework/Versions/A/Frameworks/ImageCapture.framework/Versions/A/ImageCapture
0x0000000000028000 	/System/Library/Frameworks/Carbon.framework/Versions/A/Frameworks/OpenScripting.framework/Versions/A/OpenScripting
0x0000000000028000 	/System/Library/Frameworks/Carbon.framework/Versions/A/Frameworks/Ink.framework/Versions/A/Ink
0x0000000000028000 	/System/Library/Frameworks/Carbon.framework/Versions/A/Frameworks/Print.framework/Versions/A/Print
0x0000000000028000 	/System/Library/Frameworks/Carbon.framework/Versions/A/Frameworks/SecurityHI.framework/Versions/A/SecurityHI
0x0000000000028000 	/System/Library/PrivateFrameworks/DebugSymbols.framework/Versions/A/DebugSymbols
0x0000000107822000 	/private/var/folders/th/b7cvx2bj3ng352d8ll3vk7nr0000gn/T/bluecove_AdriCortellucci_0/libbluecove.jnilib
0x0000000000028000 	/System/Library/Frameworks/JavaVM.framework/Versions/A/JavaVM
0x0000000000028000 	/System/Library/Frameworks/IOBluetooth.framework/Versions/A/IOBluetooth
0x0000000000028000 	/System/Library/Frameworks/CoreWLAN.framework/Versions/A/CoreWLAN
0x0000000000028000 	/System/Library/Frameworks/AudioUnit.framework/Versions/A/AudioUnit
0x0000000000028000 	/System/Library/Frameworks/CoreBluetooth.framework/Versions/A/CoreBluetooth
0x0000000000028000 	/System/Library/PrivateFrameworks/CoreWiFi.framework/Versions/A/CoreWiFi
0x0000000000028000 	/System/Library/PrivateFrameworks/CoreUtils.framework/Versions/A/CoreUtils
0x0000000000028000 	/System/Library/PrivateFrameworks/MobileKeyBag.framework/Versions/A/MobileKeyBag

VM Arguments:
jvm_args: -Dfile.encoding=UTF-8 
java_command: BITalino.BitalinoDemo
java_class_path (initial): /Users/AdriCortellucci/Downloads/bluecove-2.1.2.jar:/Users/AdriCortellucci/Documents/ultimointento/Telemedicine_ambulance_project_2/build/classes
Launcher Type: SUN_STANDARD

Environment Variables:
PATH=/usr/bin:/bin:/usr/sbin:/sbin
LD_LIBRARY_PATH=/Library/Java/JavaVirtualMachines/jdk1.8.0_111.jdk/Contents/Home/jre/lib/amd64:/Library/Java/JavaVirtualMachines/jdk1.8.0_111.jdk/Contents/Home/jre/lib/i386:
SHELL=/bin/bash
DISPLAY=/private/tmp/com.apple.launchd.mA70JC5Vd9/org.macosforge.xquartz:0

Signal Handlers:
SIGSEGV: [libjvm.dylib+0x5b03ed], sa_mask[0]=11111111011111110111111111111111, sa_flags=SA_ONSTACK|SA_RESTART|SA_SIGINFO
SIGBUS: [libjvm.dylib+0x5b03ed], sa_mask[0]=11111111011111110111111111111111, sa_flags=SA_RESTART|SA_SIGINFO
SIGFPE: [libjvm.dylib+0x48711c], sa_mask[0]=11111111011111110111111111111111, sa_flags=SA_RESTART|SA_SIGINFO
SIGPIPE: [libjvm.dylib+0x48711c], sa_mask[0]=11111111011111110111111111111111, sa_flags=SA_RESTART|SA_SIGINFO
SIGXFSZ: [libjvm.dylib+0x48711c], sa_mask[0]=11111111011111110111111111111111, sa_flags=SA_RESTART|SA_SIGINFO
SIGILL: [libjvm.dylib+0x48711c], sa_mask[0]=11111111011111110111111111111111, sa_flags=SA_RESTART|SA_SIGINFO
SIGUSR1: SIG_DFL, sa_mask[0]=00000000000000000000000000000000, sa_flags=none
SIGUSR2: [libjvm.dylib+0x486c3a], sa_mask[0]=00100000000000000000000000000000, sa_flags=SA_RESTART|SA_SIGINFO
SIGHUP: [libjvm.dylib+0x485211], sa_mask[0]=11111111011111110111111111111111, sa_flags=SA_RESTART|SA_SIGINFO
SIGINT: SIG_IGN, sa_mask[0]=00000000000000000000000000000000, sa_flags=none
SIGTERM: [libjvm.dylib+0x485211], sa_mask[0]=11111111011111110111111111111111, sa_flags=SA_RESTART|SA_SIGINFO
SIGQUIT: [libjvm.dylib+0x485211], sa_mask[0]=11111111011111110111111111111111, sa_flags=SA_RESTART|SA_SIGINFO


---------------  S Y S T E M  ---------------

OS:Bsduname:Darwin 20.1.0 Darwin Kernel Version 20.1.0: Sat Oct 31 00:07:11 PDT 2020; root:xnu-7195.50.7~2/RELEASE_X86_64 x86_64
rlimit: STACK 8192k, CORE 0k, NPROC 1392, NOFILE 10240, AS infinity
load average:1.96 2.08 2.13

CPU:total 8 (4 cores per cpu, 2 threads per core) family 6 model 126 stepping 5, cmov, cx8, fxsr, mmx, sse, sse2, sse3, ssse3, sse4.1, sse4.2, popcnt, avx, avx2, aes, clmul, erms, 3dnowpref, lzcnt, ht, tsc, tscinvbit, bmi1, bmi2, adx

Memory: 4k page, physical 8388608k(479788k free)

/proc/meminfo:


vm_info: Java HotSpot(TM) 64-Bit Server VM (25.111-b14) for bsd-amd64 JRE (1.8.0_111-b14), built on Sep 22 2016 15:31:41 by "java_re" with gcc 4.2.1 (Based on Apple Inc. build 5658) (LLVM build 2336.11.00)

time: Tue Dec 15 18:43:39 2020
elapsed time: 7 seconds (0d 0h 0m 7s)

