#
# A fatal error has been detected by the Java Runtime Environment:
#
#  SIGILL (0x4) at pc=0x00007fff201b68c1, pid=18080, tid=0x0000000000000307
#
# JRE version: Java(TM) SE Runtime Environment (8.0_111-b14) (build 1.8.0_111-b14)
# Java VM: Java HotSpot(TM) 64-Bit Server VM (25.111-b14 mixed mode bsd-amd64 compressed oops)
# Problematic frame:
# C  [libdispatch.dylib+0x108c1]  __DISPATCH_WAIT_FOR_QUEUE__+0x186
#
# Failed to write core dump. Core dumps have been disabled. To enable core dumping, try "ulimit -c unlimited" before starting Java again
#
# If you would like to submit a bug report, please visit:
#   http://bugreport.java.com/bugreport/crash.jsp
# The crash happened outside the Java Virtual Machine in native code.
# See problematic frame for where to report the bug.
#

---------------  T H R E A D  ---------------

Current thread (0x00007ffc30878000):  JavaThread "JavaFX Application Thread" [_thread_in_native, id=775, stack(0x00007ffee109c000,0x00007ffee189c000)]

siginfo: si_signo: 4 (SIGILL), si_code: 1 (ILL_ILLOPC), si_addr: 0x00007fff201b68c1

Registers:
RAX=0x001ffe9000000304, RBX=0x00007ffee1893780, RCX=0x001ffe9000000304, RDX=0x00007fff201de787
RSP=0x00007ffee1893750, RBP=0x00007ffee1893770, RSI=0xff80002000000002, RDI=0x0000002000000002
R8 =0x00007fff889afe80, R9 =0x0000000000000013, R10=0x0000003000000000, R11=0x0060000000000002
R12=0x00007ffee1893838, R13=0x00007fff889afe80, R14=0x00007fff889afe80, R15=0x0000000136e97deb
RIP=0x00007fff201b68c1, EFLAGS=0x0000000000010246, ERR=0x0000000000000000
  TRAPNO=0x0000000000000006

Top of Stack: (sp=0x00007ffee1893750)
0x00007ffee1893750:   0000000000000307 00007ffee1893780
0x00007ffee1893760:   0000000000000000 0000000136e97deb
0x00007ffee1893770:   00007ffee1893820 00007fff201b64ac
0x00007ffee1893780:   0000000000000013 00000000100020ff
0x00007ffee1893790:   0000000000000000 0000000000000000
0x00007ffee18937a0:   00007fff201b666d 00007ffee1893780
0x00007ffee18937b0:   0000000000000000 00007fff889afe80
0x00007ffee18937c0:   0000000136e97deb 00007ffee1893838
0x00007ffee18937d0:   0000000000000000 0000000000000000
0x00007ffee18937e0:   0000030700000000 00007ffee1000000
0x00007ffee18937f0:   0000000000000002 00007ffee1893898
0x00007ffee1893800:   0000000000000000 0000000136cbaca0
0x00007ffee1893810:   0000000136ea44be 00007ffc2c4b94c0
0x00007ffee1893820:   00007ffee1893880 0000000136e97db1
0x00007ffee1893830:   0000000000000003 00007fff889b3040
0x00007ffee1893840:   00000000c2000000 0000000136e97deb
0x00007ffee1893850:   0000000136eac360 00007ffc2c4b94c0
0x00007ffee1893860:   00007ffee1893898 00007ffc308781f8
0x00007ffee1893870:   00007ffee1893898 00007fff889b5d70
0x00007ffee1893880:   00007ffee1894400 0000000136e993fb
0x00007ffee1893890:   000000000000009a 0000000136eac460
0x00007ffee18938a0:   000000000bc1aa01 000000000bc2bb02
0x00007ffee18938b0:   0000000136ea4700 00007f0000000000
0x00007ffee18938c0:   00007ffc33a67190 3ff0000000000000
0x00007ffee18938d0:   000000012c047878 0000000000000001
0x00007ffee18938e0:   0000003000000010 00007ffee18940f0
0x00007ffee18938f0:   00007ffee1893820 00000001137d6c21
0x00007ffee1893900:   00007ffee1894090 00007ffc30878000
0x00007ffee1893910:   0000000000000033 0000000000000001
0x00007ffee1893920:   0000003000000010 00007ffee1894130
0x00007ffee1893930:   00007ffee1893860 000000012c047878
0x00007ffee1893940:   00007ffee1893970 0000000000000003 

Instructions: (pc=0x00007fff201b68c1)
0x00007fff201b68a1:   48 89 c1 e9 dd fe ff ff 48 8d 15 d7 7e 02 00 48
0x00007fff201b68b1:   89 c8 48 89 15 ce ab 81 68 48 89 05 f7 ab 81 68
0x00007fff201b68c1:   0f 0b 55 48 89 e5 41 56 53 49 89 f6 48 89 fb 83
0x00007fff201b68d1:   e2 02 d1 ea 4c 39 f3 74 34 f6 c2 01 74 12 48 8b 

Register to memory mapping:

RAX=0x001ffe9000000304 is an unknown value
RBX=0x00007ffee1893780 is pointing into the stack for thread: 0x00007ffc30878000
RCX=0x001ffe9000000304 is an unknown value
RDX=0x00007fff201de787: base64_decode_table+0x1fa7 in /usr/lib/system/libdispatch.dylib at 0x00007fff201a6000
RSP=0x00007ffee1893750 is pointing into the stack for thread: 0x00007ffc30878000
RBP=0x00007ffee1893770 is pointing into the stack for thread: 0x00007ffc30878000
RSI=0xff80002000000002 is an unknown value
RDI=0x0000002000000002 is an unknown value
R8 =0x00007fff889afe80: _dispatch_main_q+0 in /usr/lib/system/libdispatch.dylib at 0x00007fff201a6000
R9 =0x0000000000000013 is an unknown value
R10=0x0000003000000000 is an unknown value
R11=0x0060000000000002 is an unknown value
R12=0x00007ffee1893838 is pointing into the stack for thread: 0x00007ffc30878000
R13=0x00007fff889afe80: _dispatch_main_q+0 in /usr/lib/system/libdispatch.dylib at 0x00007fff201a6000
R14=0x00007fff889afe80: _dispatch_main_q+0 in /usr/lib/system/libdispatch.dylib at 0x00007fff201a6000
R15=0x0000000136e97deb: ___Z22synchronousBTOperationP8Runnable_block_invoke+0 in /private/var/folders/hj/mxh8qfjs3tddfl9n51tkp4cm0000gn/T/bluecove_hecyebesdelpino_0/libbluecove.jnilib at 0x0000000136e94000


Stack: [0x00007ffee109c000,0x00007ffee189c000],  sp=0x00007ffee1893750,  free space=8157k
Native frames: (J=compiled Java code, j=interpreted, Vv=VM code, C=native code)
C  [libdispatch.dylib+0x108c1]  __DISPATCH_WAIT_FOR_QUEUE__+0x186
C  [libdispatch.dylib+0x104ac]  _dispatch_sync_f_slow+0xab
C  [libbluecove.jnilib+0x3db1]  synchronousBTOperation(Runnable*)+0x8b
C  [libbluecove.jnilib+0x53fb]  Java_com_intel_bluetooth_BluetoothStackOSX_getLocalDeviceSupportedSoftwareVersion+0xdd
j  com.intel.bluetooth.BluetoothStackOSX.getLocalDeviceSupportedSoftwareVersion()I+0
j  com.intel.bluetooth.BluetoothStackOSX.initialize()V+101
j  com.intel.bluetooth.BlueCoveImpl.setBluetoothStack(Ljava/lang/String;Lcom/intel/bluetooth/BluetoothStack;)Lcom/intel/bluetooth/BluetoothStack;+290
j  com.intel.bluetooth.BlueCoveImpl.detectStack()Lcom/intel/bluetooth/BluetoothStack;+455
j  com.intel.bluetooth.BlueCoveImpl.access$500(Lcom/intel/bluetooth/BlueCoveImpl;)Lcom/intel/bluetooth/BluetoothStack;+1
j  com.intel.bluetooth.BlueCoveImpl$1.run()Ljava/lang/Object;+4
v  ~StubRoutines::call_stub
V  [libjvm.dylib+0x2ecf8a]  JavaCalls::call_helper(JavaValue*, methodHandle*, JavaCallArguments*, Thread*)+0x6ae
V  [libjvm.dylib+0x34d6c8]  JVM_DoPrivileged+0x4b8
J 430  java.security.AccessController.doPrivileged(Ljava/security/PrivilegedExceptionAction;Ljava/security/AccessControlContext;)Ljava/lang/Object; (0 bytes) @ 0x00000001148d37d5 [0x00000001148d3700+0xd5]
j  com.intel.bluetooth.BlueCoveImpl.detectStackPrivileged()Lcom/intel/bluetooth/BluetoothStack;+15
j  com.intel.bluetooth.BlueCoveImpl.getBluetoothStack()Lcom/intel/bluetooth/BluetoothStack;+63
j  com.intel.bluetooth.MicroeditionConnector.openImpl(Ljava/lang/String;IZZ)Ljavax/microedition/io/Connection;+140
j  com.intel.bluetooth.MicroeditionConnector.open(Ljava/lang/String;I)Ljavax/microedition/io/Connection;+4
j  javax.microedition.io.Connector.open(Ljava/lang/String;I)Ljavax/microedition/io/Connection;+2
j  BITalino.BITalino.open(Ljava/lang/String;I)V+66
j  BITalino.BitalinoDemo.startECGvalues()V+27
j  BITalino.BitalinoDemo.main()V+0
j  Client.BitalinoRecordingDataController.startBitalino(Ljavafx/event/ActionEvent;)V+0
v  ~StubRoutines::call_stub
V  [libjvm.dylib+0x2ecf8a]  JavaCalls::call_helper(JavaValue*, methodHandle*, JavaCallArguments*, Thread*)+0x6ae
V  [libjvm.dylib+0x4d1bb4]  Reflection::invoke(instanceKlassHandle, methodHandle, Handle, bool, objArrayHandle, BasicType, objArrayHandle, bool, Thread*)+0xe12
V  [libjvm.dylib+0x4d20e8]  Reflection::invoke_method(oopDesc*, Handle, objArrayHandle, Thread*)+0x16c
V  [libjvm.dylib+0x345394]  JVM_InvokeMethod+0x166
j  sun.reflect.NativeMethodAccessorImpl.invoke0(Ljava/lang/reflect/Method;Ljava/lang/Object;[Ljava/lang/Object;)Ljava/lang/Object;+0
j  sun.reflect.NativeMethodAccessorImpl.invoke(Ljava/lang/Object;[Ljava/lang/Object;)Ljava/lang/Object;+100
J 1078 C1 sun.reflect.DelegatingMethodAccessorImpl.invoke(Ljava/lang/Object;[Ljava/lang/Object;)Ljava/lang/Object; (10 bytes) @ 0x0000000114a9ce0c [0x0000000114a9cd00+0x10c]
J 1077 C1 java.lang.reflect.Method.invoke(Ljava/lang/Object;[Ljava/lang/Object;)Ljava/lang/Object; (62 bytes) @ 0x0000000114a9bb1c [0x0000000114a9b720+0x3fc]
j  sun.reflect.misc.Trampoline.invoke(Ljava/lang/reflect/Method;Ljava/lang/Object;[Ljava/lang/Object;)Ljava/lang/Object;+7
j  sun.reflect.GeneratedMethodAccessor1.invoke(Ljava/lang/Object;[Ljava/lang/Object;)Ljava/lang/Object;+40
J 1078 C1 sun.reflect.DelegatingMethodAccessorImpl.invoke(Ljava/lang/Object;[Ljava/lang/Object;)Ljava/lang/Object; (10 bytes) @ 0x0000000114a9ce0c [0x0000000114a9cd00+0x10c]
J 1077 C1 java.lang.reflect.Method.invoke(Ljava/lang/Object;[Ljava/lang/Object;)Ljava/lang/Object; (62 bytes) @ 0x0000000114a9bb1c [0x0000000114a9b720+0x3fc]
j  sun.reflect.misc.MethodUtil.invoke(Ljava/lang/reflect/Method;Ljava/lang/Object;[Ljava/lang/Object;)Ljava/lang/Object;+20
j  javafx.fxml.FXMLLoader$MethodHandler.invoke([Ljava/lang/Object;)V+19
j  javafx.fxml.FXMLLoader$ControllerMethodEventHandler.handle(Ljavafx/event/Event;)V+12
j  com.sun.javafx.event.CompositeEventHandler.dispatchBubblingEvent(Ljavafx/event/Event;)V+51
J 1203 C1 com.sun.javafx.event.EventHandlerManager.dispatchBubblingEvent(Ljavafx/event/EventType;Ljavafx/event/Event;)Ljavafx/event/Event; (34 bytes) @ 0x0000000114adf164 [0x0000000114adec00+0x564]
j  com.sun.javafx.event.EventHandlerManager.dispatchBubblingEvent(Ljavafx/event/Event;)Ljavafx/event/Event;+8
j  com.sun.javafx.event.CompositeEventDispatcher.dispatchBubblingEvent(Ljavafx/event/Event;)Ljavafx/event/Event;+11
j  com.sun.javafx.event.BasicEventDispatcher.dispatchEvent(Ljavafx/event/Event;Ljavafx/event/EventDispatchChain;)Ljavafx/event/Event;+29
J 1243 C1 com.sun.javafx.event.EventDispatchChainImpl.dispatchEvent(Ljavafx/event/Event;)Ljavafx/event/Event; (101 bytes) @ 0x0000000114affb14 [0x0000000114aff960+0x1b4]
j  com.sun.javafx.event.BasicEventDispatcher.dispatchEvent(Ljavafx/event/Event;Ljavafx/event/EventDispatchChain;)Ljavafx/event/Event;+17
J 1243 C1 com.sun.javafx.event.EventDispatchChainImpl.dispatchEvent(Ljavafx/event/Event;)Ljavafx/event/Event; (101 bytes) @ 0x0000000114affb14 [0x0000000114aff960+0x1b4]
j  com.sun.javafx.event.BasicEventDispatcher.dispatchEvent(Ljavafx/event/Event;Ljavafx/event/EventDispatchChain;)Ljavafx/event/Event;+17
J 1243 C1 com.sun.javafx.event.EventDispatchChainImpl.dispatchEvent(Ljavafx/event/Event;)Ljavafx/event/Event; (101 bytes) @ 0x0000000114affb14 [0x0000000114aff960+0x1b4]
j  com.sun.javafx.event.EventUtil.fireEventImpl(Ljavafx/event/EventDispatchChain;Ljavafx/event/EventTarget;Ljavafx/event/Event;)Ljavafx/event/Event;+10
j  com.sun.javafx.event.EventUtil.fireEvent(Ljavafx/event/EventTarget;Ljavafx/event/Event;)Ljavafx/event/Event;+37
j  javafx.event.Event.fireEvent(Ljavafx/event/EventTarget;Ljavafx/event/Event;)V+30
j  javafx.scene.Node.fireEvent(Ljavafx/event/Event;)V+86
j  javafx.scene.control.Button.fire()V+15
j  com.sun.javafx.scene.control.behavior.ButtonBehavior.mouseReleased(Ljavafx/scene/input/MouseEvent;)V+23
j  com.sun.javafx.scene.control.skin.BehaviorSkinBase$1.handle(Ljavafx/scene/input/MouseEvent;)V+83
j  com.sun.javafx.scene.control.skin.BehaviorSkinBase$1.handle(Ljavafx/event/Event;)V+5
j  com.sun.javafx.event.CompositeEventHandler$NormalEventHandlerRecord.handleBubblingEvent(Ljavafx/event/Event;)V+5
j  com.sun.javafx.event.CompositeEventHandler.dispatchBubblingEvent(Ljavafx/event/Event;)V+28
J 1203 C1 com.sun.javafx.event.EventHandlerManager.dispatchBubblingEvent(Ljavafx/event/EventType;Ljavafx/event/Event;)Ljavafx/event/Event; (34 bytes) @ 0x0000000114adf164 [0x0000000114adec00+0x564]
j  com.sun.javafx.event.EventHandlerManager.dispatchBubblingEvent(Ljavafx/event/Event;)Ljavafx/event/Event;+8
j  com.sun.javafx.event.CompositeEventDispatcher.dispatchBubblingEvent(Ljavafx/event/Event;)Ljavafx/event/Event;+11
j  com.sun.javafx.event.BasicEventDispatcher.dispatchEvent(Ljavafx/event/Event;Ljavafx/event/EventDispatchChain;)Ljavafx/event/Event;+29
J 1243 C1 com.sun.javafx.event.EventDispatchChainImpl.dispatchEvent(Ljavafx/event/Event;)Ljavafx/event/Event; (101 bytes) @ 0x0000000114affb14 [0x0000000114aff960+0x1b4]
j  com.sun.javafx.event.BasicEventDispatcher.dispatchEvent(Ljavafx/event/Event;Ljavafx/event/EventDispatchChain;)Ljavafx/event/Event;+17
J 1243 C1 com.sun.javafx.event.EventDispatchChainImpl.dispatchEvent(Ljavafx/event/Event;)Ljavafx/event/Event; (101 bytes) @ 0x0000000114affb14 [0x0000000114aff960+0x1b4]
j  com.sun.javafx.event.BasicEventDispatcher.dispatchEvent(Ljavafx/event/Event;Ljavafx/event/EventDispatchChain;)Ljavafx/event/Event;+17
J 1243 C1 com.sun.javafx.event.EventDispatchChainImpl.dispatchEvent(Ljavafx/event/Event;)Ljavafx/event/Event; (101 bytes) @ 0x0000000114affb14 [0x0000000114aff960+0x1b4]
j  com.sun.javafx.event.EventUtil.fireEventImpl(Ljavafx/event/EventDispatchChain;Ljavafx/event/EventTarget;Ljavafx/event/Event;)Ljavafx/event/Event;+10
j  com.sun.javafx.event.EventUtil.fireEvent(Ljavafx/event/EventTarget;Ljavafx/event/Event;)Ljavafx/event/Event;+46
j  javafx.event.Event.fireEvent(Ljavafx/event/EventTarget;Ljavafx/event/Event;)V+30
j  javafx.scene.Scene$MouseHandler.process(Ljavafx/scene/input/MouseEvent;Z)V+491
j  javafx.scene.Scene$MouseHandler.access$1500(Ljavafx/scene/Scene$MouseHandler;Ljavafx/scene/input/MouseEvent;Z)V+3
j  javafx.scene.Scene.impl_processMouseEvent(Ljavafx/scene/input/MouseEvent;)V+6
j  javafx.scene.Scene$ScenePeerListener.mouseEvent(Ljavafx/event/EventType;DDDDLjavafx/scene/input/MouseButton;ZZZZZZZZZ)V+46
j  com.sun.javafx.tk.quantum.GlassViewEventHandler$MouseEventNotification.run()Ljava/lang/Void;+514
j  com.sun.javafx.tk.quantum.GlassViewEventHandler$MouseEventNotification.run()Ljava/lang/Object;+1
v  ~StubRoutines::call_stub
V  [libjvm.dylib+0x2ecf8a]  JavaCalls::call_helper(JavaValue*, methodHandle*, JavaCallArguments*, Thread*)+0x6ae
V  [libjvm.dylib+0x34d6c8]  JVM_DoPrivileged+0x4b8
J 1241  java.security.AccessController.doPrivileged(Ljava/security/PrivilegedAction;Ljava/security/AccessControlContext;)Ljava/lang/Object; (0 bytes) @ 0x0000000114afd6d5 [0x0000000114afd600+0xd5]
j  com.sun.javafx.tk.quantum.GlassViewEventHandler.lambda$handleMouseEvent$354()Ljava/lang/Void;+11
j  com.sun.javafx.tk.quantum.GlassViewEventHandler$$Lambda$159.get()Ljava/lang/Object;+4
J 1249 C1 com.sun.javafx.tk.quantum.QuantumToolkit.runWithoutRenderLock(Ljava/util/function/Supplier;)Ljava/lang/Object; (49 bytes) @ 0x0000000114b059f4 [0x0000000114b054c0+0x534]
j  com.sun.javafx.tk.quantum.GlassViewEventHandler.handleMouseEvent(Lcom/sun/glass/ui/View;JIIIIIIIZZ)V+103
j  com.sun.glass.ui.View.handleMouseEvent(JIIIIIIIZZ)V+30
j  com.sun.glass.ui.View.notifyMouse(IIIIIIIZZ)V+181
v  ~StubRoutines::call_stub
V  [libjvm.dylib+0x2ecf8a]  JavaCalls::call_helper(JavaValue*, methodHandle*, JavaCallArguments*, Thread*)+0x6ae
V  [libjvm.dylib+0x324119]  jni_invoke_nonstatic(JNIEnv_*, JavaValue*, _jobject*, JNICallType, _jmethodID*, JNI_ArgumentPusher*, Thread*)+0x2ec
V  [libjvm.dylib+0x3168e7]  jni_CallVoidMethod+0x16b
C  [libglass.dylib+0x2058c]  -[GlassViewDelegate sendJavaMouseEvent:]+0x86c
C  [AppKit+0x1c90a5]  -[NSWindow(NSEventRouting) _reallySendEvent:isDelayedEvent:]+0xa9f
C  [AppKit+0x1c83ea]  -[NSWindow(NSEventRouting) sendEvent:]+0x15b
C  [libglass.dylib+0x25964]  -[GlassWindow_Normal sendEvent:]+0x74
C  [AppKit+0x1c67d4]  -[NSApplication(NSEvent) sendEvent:]+0x160
C  [AppKit+0x49f36e]  -[NSApplication _handleEvent:]+0x41
C  [AppKit+0x2fb2f]  -[NSApplication run]+0x26f
C  [libglass.dylib+0x654c]  -[GlassApplication runLoop:]+0x72c
C  [Foundation+0x804d9]  __NSThreadPerformPerform+0xcc
...<more frames>...

Java frames: (J=compiled Java code, j=interpreted, Vv=VM code)
j  com.intel.bluetooth.BluetoothStackOSX.getLocalDeviceSupportedSoftwareVersion()I+0
j  com.intel.bluetooth.BluetoothStackOSX.initialize()V+101
j  com.intel.bluetooth.BlueCoveImpl.setBluetoothStack(Ljava/lang/String;Lcom/intel/bluetooth/BluetoothStack;)Lcom/intel/bluetooth/BluetoothStack;+290
j  com.intel.bluetooth.BlueCoveImpl.detectStack()Lcom/intel/bluetooth/BluetoothStack;+455
j  com.intel.bluetooth.BlueCoveImpl.access$500(Lcom/intel/bluetooth/BlueCoveImpl;)Lcom/intel/bluetooth/BluetoothStack;+1
j  com.intel.bluetooth.BlueCoveImpl$1.run()Ljava/lang/Object;+4
v  ~StubRoutines::call_stub
J 430  java.security.AccessController.doPrivileged(Ljava/security/PrivilegedExceptionAction;Ljava/security/AccessControlContext;)Ljava/lang/Object; (0 bytes) @ 0x00000001148d3763 [0x00000001148d3700+0x63]
j  com.intel.bluetooth.BlueCoveImpl.detectStackPrivileged()Lcom/intel/bluetooth/BluetoothStack;+15
j  com.intel.bluetooth.BlueCoveImpl.getBluetoothStack()Lcom/intel/bluetooth/BluetoothStack;+63
j  com.intel.bluetooth.MicroeditionConnector.openImpl(Ljava/lang/String;IZZ)Ljavax/microedition/io/Connection;+140
j  com.intel.bluetooth.MicroeditionConnector.open(Ljava/lang/String;I)Ljavax/microedition/io/Connection;+4
j  javax.microedition.io.Connector.open(Ljava/lang/String;I)Ljavax/microedition/io/Connection;+2
j  BITalino.BITalino.open(Ljava/lang/String;I)V+66
j  BITalino.BitalinoDemo.startECGvalues()V+27
j  BITalino.BitalinoDemo.main()V+0
j  Client.BitalinoRecordingDataController.startBitalino(Ljavafx/event/ActionEvent;)V+0
v  ~StubRoutines::call_stub
j  sun.reflect.NativeMethodAccessorImpl.invoke0(Ljava/lang/reflect/Method;Ljava/lang/Object;[Ljava/lang/Object;)Ljava/lang/Object;+0
j  sun.reflect.NativeMethodAccessorImpl.invoke(Ljava/lang/Object;[Ljava/lang/Object;)Ljava/lang/Object;+100
J 1078 C1 sun.reflect.DelegatingMethodAccessorImpl.invoke(Ljava/lang/Object;[Ljava/lang/Object;)Ljava/lang/Object; (10 bytes) @ 0x0000000114a9ce0c [0x0000000114a9cd00+0x10c]
J 1077 C1 java.lang.reflect.Method.invoke(Ljava/lang/Object;[Ljava/lang/Object;)Ljava/lang/Object; (62 bytes) @ 0x0000000114a9bb1c [0x0000000114a9b720+0x3fc]
j  sun.reflect.misc.Trampoline.invoke(Ljava/lang/reflect/Method;Ljava/lang/Object;[Ljava/lang/Object;)Ljava/lang/Object;+7
j  sun.reflect.GeneratedMethodAccessor1.invoke(Ljava/lang/Object;[Ljava/lang/Object;)Ljava/lang/Object;+40
J 1078 C1 sun.reflect.DelegatingMethodAccessorImpl.invoke(Ljava/lang/Object;[Ljava/lang/Object;)Ljava/lang/Object; (10 bytes) @ 0x0000000114a9ce0c [0x0000000114a9cd00+0x10c]
J 1077 C1 java.lang.reflect.Method.invoke(Ljava/lang/Object;[Ljava/lang/Object;)Ljava/lang/Object; (62 bytes) @ 0x0000000114a9bb1c [0x0000000114a9b720+0x3fc]
j  sun.reflect.misc.MethodUtil.invoke(Ljava/lang/reflect/Method;Ljava/lang/Object;[Ljava/lang/Object;)Ljava/lang/Object;+20
j  javafx.fxml.FXMLLoader$MethodHandler.invoke([Ljava/lang/Object;)V+19
j  javafx.fxml.FXMLLoader$ControllerMethodEventHandler.handle(Ljavafx/event/Event;)V+12
j  com.sun.javafx.event.CompositeEventHandler.dispatchBubblingEvent(Ljavafx/event/Event;)V+51
J 1203 C1 com.sun.javafx.event.EventHandlerManager.dispatchBubblingEvent(Ljavafx/event/EventType;Ljavafx/event/Event;)Ljavafx/event/Event; (34 bytes) @ 0x0000000114adf164 [0x0000000114adec00+0x564]
j  com.sun.javafx.event.EventHandlerManager.dispatchBubblingEvent(Ljavafx/event/Event;)Ljavafx/event/Event;+8
j  com.sun.javafx.event.CompositeEventDispatcher.dispatchBubblingEvent(Ljavafx/event/Event;)Ljavafx/event/Event;+11
j  com.sun.javafx.event.BasicEventDispatcher.dispatchEvent(Ljavafx/event/Event;Ljavafx/event/EventDispatchChain;)Ljavafx/event/Event;+29
J 1243 C1 com.sun.javafx.event.EventDispatchChainImpl.dispatchEvent(Ljavafx/event/Event;)Ljavafx/event/Event; (101 bytes) @ 0x0000000114affb14 [0x0000000114aff960+0x1b4]
j  com.sun.javafx.event.BasicEventDispatcher.dispatchEvent(Ljavafx/event/Event;Ljavafx/event/EventDispatchChain;)Ljavafx/event/Event;+17
J 1243 C1 com.sun.javafx.event.EventDispatchChainImpl.dispatchEvent(Ljavafx/event/Event;)Ljavafx/event/Event; (101 bytes) @ 0x0000000114affb14 [0x0000000114aff960+0x1b4]
j  com.sun.javafx.event.BasicEventDispatcher.dispatchEvent(Ljavafx/event/Event;Ljavafx/event/EventDispatchChain;)Ljavafx/event/Event;+17
J 1243 C1 com.sun.javafx.event.EventDispatchChainImpl.dispatchEvent(Ljavafx/event/Event;)Ljavafx/event/Event; (101 bytes) @ 0x0000000114affb14 [0x0000000114aff960+0x1b4]
j  com.sun.javafx.event.EventUtil.fireEventImpl(Ljavafx/event/EventDispatchChain;Ljavafx/event/EventTarget;Ljavafx/event/Event;)Ljavafx/event/Event;+10
j  com.sun.javafx.event.EventUtil.fireEvent(Ljavafx/event/EventTarget;Ljavafx/event/Event;)Ljavafx/event/Event;+37
j  javafx.event.Event.fireEvent(Ljavafx/event/EventTarget;Ljavafx/event/Event;)V+30
j  javafx.scene.Node.fireEvent(Ljavafx/event/Event;)V+86
j  javafx.scene.control.Button.fire()V+15
j  com.sun.javafx.scene.control.behavior.ButtonBehavior.mouseReleased(Ljavafx/scene/input/MouseEvent;)V+23
j  com.sun.javafx.scene.control.skin.BehaviorSkinBase$1.handle(Ljavafx/scene/input/MouseEvent;)V+83
j  com.sun.javafx.scene.control.skin.BehaviorSkinBase$1.handle(Ljavafx/event/Event;)V+5
j  com.sun.javafx.event.CompositeEventHandler$NormalEventHandlerRecord.handleBubblingEvent(Ljavafx/event/Event;)V+5
j  com.sun.javafx.event.CompositeEventHandler.dispatchBubblingEvent(Ljavafx/event/Event;)V+28
J 1203 C1 com.sun.javafx.event.EventHandlerManager.dispatchBubblingEvent(Ljavafx/event/EventType;Ljavafx/event/Event;)Ljavafx/event/Event; (34 bytes) @ 0x0000000114adf164 [0x0000000114adec00+0x564]
j  com.sun.javafx.event.EventHandlerManager.dispatchBubblingEvent(Ljavafx/event/Event;)Ljavafx/event/Event;+8
j  com.sun.javafx.event.CompositeEventDispatcher.dispatchBubblingEvent(Ljavafx/event/Event;)Ljavafx/event/Event;+11
j  com.sun.javafx.event.BasicEventDispatcher.dispatchEvent(Ljavafx/event/Event;Ljavafx/event/EventDispatchChain;)Ljavafx/event/Event;+29
J 1243 C1 com.sun.javafx.event.EventDispatchChainImpl.dispatchEvent(Ljavafx/event/Event;)Ljavafx/event/Event; (101 bytes) @ 0x0000000114affb14 [0x0000000114aff960+0x1b4]
j  com.sun.javafx.event.BasicEventDispatcher.dispatchEvent(Ljavafx/event/Event;Ljavafx/event/EventDispatchChain;)Ljavafx/event/Event;+17
J 1243 C1 com.sun.javafx.event.EventDispatchChainImpl.dispatchEvent(Ljavafx/event/Event;)Ljavafx/event/Event; (101 bytes) @ 0x0000000114affb14 [0x0000000114aff960+0x1b4]
j  com.sun.javafx.event.BasicEventDispatcher.dispatchEvent(Ljavafx/event/Event;Ljavafx/event/EventDispatchChain;)Ljavafx/event/Event;+17
J 1243 C1 com.sun.javafx.event.EventDispatchChainImpl.dispatchEvent(Ljavafx/event/Event;)Ljavafx/event/Event; (101 bytes) @ 0x0000000114affb14 [0x0000000114aff960+0x1b4]
j  com.sun.javafx.event.EventUtil.fireEventImpl(Ljavafx/event/EventDispatchChain;Ljavafx/event/EventTarget;Ljavafx/event/Event;)Ljavafx/event/Event;+10
j  com.sun.javafx.event.EventUtil.fireEvent(Ljavafx/event/EventTarget;Ljavafx/event/Event;)Ljavafx/event/Event;+46
j  javafx.event.Event.fireEvent(Ljavafx/event/EventTarget;Ljavafx/event/Event;)V+30
j  javafx.scene.Scene$MouseHandler.process(Ljavafx/scene/input/MouseEvent;Z)V+491
j  javafx.scene.Scene$MouseHandler.access$1500(Ljavafx/scene/Scene$MouseHandler;Ljavafx/scene/input/MouseEvent;Z)V+3
j  javafx.scene.Scene.impl_processMouseEvent(Ljavafx/scene/input/MouseEvent;)V+6
j  javafx.scene.Scene$ScenePeerListener.mouseEvent(Ljavafx/event/EventType;DDDDLjavafx/scene/input/MouseButton;ZZZZZZZZZ)V+46
j  com.sun.javafx.tk.quantum.GlassViewEventHandler$MouseEventNotification.run()Ljava/lang/Void;+514
j  com.sun.javafx.tk.quantum.GlassViewEventHandler$MouseEventNotification.run()Ljava/lang/Object;+1
v  ~StubRoutines::call_stub
J 1241  java.security.AccessController.doPrivileged(Ljava/security/PrivilegedAction;Ljava/security/AccessControlContext;)Ljava/lang/Object; (0 bytes) @ 0x0000000114afd663 [0x0000000114afd600+0x63]
j  com.sun.javafx.tk.quantum.GlassViewEventHandler.lambda$handleMouseEvent$354()Ljava/lang/Void;+11
j  com.sun.javafx.tk.quantum.GlassViewEventHandler$$Lambda$159.get()Ljava/lang/Object;+4
J 1249 C1 com.sun.javafx.tk.quantum.QuantumToolkit.runWithoutRenderLock(Ljava/util/function/Supplier;)Ljava/lang/Object; (49 bytes) @ 0x0000000114b059f4 [0x0000000114b054c0+0x534]
j  com.sun.javafx.tk.quantum.GlassViewEventHandler.handleMouseEvent(Lcom/sun/glass/ui/View;JIIIIIIIZZ)V+103
j  com.sun.glass.ui.View.handleMouseEvent(JIIIIIIIZZ)V+30
j  com.sun.glass.ui.View.notifyMouse(IIIIIIIZZ)V+181
v  ~StubRoutines::call_stub

---------------  P R O C E S S  ---------------

Java Threads: ( => current thread )
  0x00007ffc2d94c800 JavaThread "Prism Font Disposer" daemon [_thread_blocked, id=78683, stack(0x0000700002562000,0x0000700002662000)]
  0x00007ffc3089c800 JavaThread "JavaFX-Launcher" [_thread_blocked, id=80903, stack(0x000070000245f000,0x000070000255f000)]
  0x00007ffc3088c000 JavaThread "Thread-3" daemon [_thread_in_native, id=31235, stack(0x0000700002253000,0x00007000022d3000)]
=>0x00007ffc30878000 JavaThread "JavaFX Application Thread" [_thread_in_native, id=775, stack(0x00007ffee109c000,0x00007ffee189c000)]
  0x00007ffc30875800 JavaThread "Thread-1" daemon [_thread_blocked, id=24075, stack(0x0000700002150000,0x0000700002250000)]
  0x00007ffc30871800 JavaThread "QuantumRenderer-0" daemon [_thread_blocked, id=22019, stack(0x000070000204d000,0x000070000214d000)]
  0x00007ffc30809000 JavaThread "Service Thread" daemon [_thread_blocked, id=16387, stack(0x0000700001e47000,0x0000700001f47000)]
  0x00007ffc2d01c800 JavaThread "C1 CompilerThread3" daemon [_thread_blocked, id=16643, stack(0x0000700001d44000,0x0000700001e44000)]
  0x00007ffc2d00b800 JavaThread "C2 CompilerThread2" daemon [_thread_blocked, id=15619, stack(0x0000700001c41000,0x0000700001d41000)]
  0x00007ffc3180b000 JavaThread "C2 CompilerThread1" daemon [_thread_blocked, id=17155, stack(0x0000700001b3e000,0x0000700001c3e000)]
  0x00007ffc2d83d800 JavaThread "C2 CompilerThread0" daemon [_thread_blocked, id=17411, stack(0x0000700001a3b000,0x0000700001b3b000)]
  0x00007ffc2d83c800 JavaThread "Signal Dispatcher" daemon [_thread_blocked, id=17923, stack(0x0000700001938000,0x0000700001a38000)]
  0x00007ffc2c842800 JavaThread "Finalizer" daemon [_thread_blocked, id=19971, stack(0x000070000172f000,0x000070000182f000)]
  0x00007ffc2c840000 JavaThread "Reference Handler" daemon [_thread_blocked, id=12547, stack(0x000070000162c000,0x000070000172c000)]
  0x00007ffc2c80e000 JavaThread "main" [_thread_blocked, id=3331, stack(0x0000700000c0e000,0x0000700000d0e000)]

Other Threads:
  0x00007ffc2c83d800 VMThread [stack: 0x0000700001529000,0x0000700001629000] [id=20739]
  0x00007ffc2d01f000 WatcherThread [stack: 0x0000700001f4a000,0x000070000204a000] [id=43267]

VM state:not at safepoint (normal execution)

VM Mutex/Monitor currently owned by a thread: None

Heap:
 PSYoungGen      total 76288K, used 44286K [0x000000076ab00000, 0x0000000770000000, 0x00000007c0000000)
  eden space 65536K, 67% used [0x000000076ab00000,0x000000076d63f880,0x000000076eb00000)
  from space 10752K, 0% used [0x000000076f580000,0x000000076f580000,0x0000000770000000)
  to   space 10752K, 0% used [0x000000076eb00000,0x000000076eb00000,0x000000076f580000)
 ParOldGen       total 175104K, used 0K [0x00000006c0000000, 0x00000006cab00000, 0x000000076ab00000)
  object space 175104K, 0% used [0x00000006c0000000,0x00000006c0000000,0x00000006cab00000)
 Metaspace       used 16428K, capacity 17142K, committed 17280K, reserved 1064960K
  class space    used 2417K, capacity 2592K, committed 2688K, reserved 1048576K

Card table byte_map: [0x0000000112800000,0x0000000113001000] byte_map_base: 0x000000010f200000

Marking Bits: (ParMarkBitMap*) 0x0000000114025d20
 Begin Bits: [0x00000001236d7000, 0x00000001276d7000)
 End Bits:   [0x00000001276d7000, 0x000000012b6d7000)

Polling page: 0x000000010e3da000

CodeCache: size=245760Kb used=4367Kb max_used=4367Kb free=241392Kb
 bounds [0x00000001146d7000, 0x0000000114b27000, 0x00000001236d7000]
 total_blobs=1958 nmethods=1303 adapters=568
 compilation: enabled

Compilation events (10 events):
Event: 3.124 Thread 0x00007ffc2d01c800 1299       3       java.util.Hashtable$Entry::<init> (26 bytes)
Event: 3.124 Thread 0x00007ffc2d01c800 nmethod 1299 0x0000000114b181d0 code [0x0000000114b18340, 0x0000000114b18530]
Event: 3.131 Thread 0x00007ffc2d01c800 1300       3       java.lang.ClassLoader::checkPackageAccess (122 bytes)
Event: 3.132 Thread 0x00007ffc2d01c800 nmethod 1300 0x0000000114b1a250 code [0x0000000114b1a480, 0x0000000114b1b068]
Event: 3.136 Thread 0x00007ffc2d01c800 1301   !   3       java.util.Collections$SynchronizedCollection::add (25 bytes)
Event: 3.136 Thread 0x00007ffc2d01c800 nmethod 1301 0x0000000114b17b50 code [0x0000000114b17cc0, 0x0000000114b18088]
Event: 3.138 Thread 0x00007ffc2d01c800 1302       3       java.io.UnixFileSystem::prefixLength (25 bytes)
Event: 3.139 Thread 0x00007ffc2d01c800 nmethod 1302 0x0000000114b17310 code [0x0000000114b174a0, 0x0000000114b17968]
Event: 3.144 Thread 0x00007ffc2d01c800 1303   !   3       java.util.zip.Inflater::setInput (74 bytes)
Event: 3.145 Thread 0x00007ffc2d01c800 nmethod 1303 0x0000000114b1b610 code [0x0000000114b1b7a0, 0x0000000114b1bd18]

GC Heap History (0 events):
No events

Deoptimization events (10 events):
Event: 1.325 Thread 0x00007ffc30878000 Uncommon trap: reason=class_check action=maybe_recompile pc=0x000000011491e784 method=java.io.DataInputStream.readShort()S @ 4
Event: 1.326 Thread 0x00007ffc30878000 Uncommon trap: reason=class_check action=maybe_recompile pc=0x000000011491e784 method=java.io.DataInputStream.readShort()S @ 4
Event: 1.326 Thread 0x00007ffc30878000 Uncommon trap: reason=class_check action=maybe_recompile pc=0x000000011491e784 method=java.io.DataInputStream.readShort()S @ 4
Event: 1.329 Thread 0x00007ffc30878000 Uncommon trap: reason=class_check action=maybe_recompile pc=0x00000001147f1c1c method=java.lang.String.equals(Ljava/lang/Object;)Z @ 8
Event: 1.329 Thread 0x00007ffc30878000 Uncommon trap: reason=class_check action=maybe_recompile pc=0x00000001147f1c1c method=java.lang.String.equals(Ljava/lang/Object;)Z @ 8
Event: 1.329 Thread 0x00007ffc30878000 Uncommon trap: reason=class_check action=maybe_recompile pc=0x00000001147f1c1c method=java.lang.String.equals(Ljava/lang/Object;)Z @ 8
Event: 1.330 Thread 0x00007ffc30878000 Uncommon trap: reason=class_check action=maybe_recompile pc=0x00000001147f1c1c method=java.lang.String.equals(Ljava/lang/Object;)Z @ 8
Event: 1.347 Thread 0x00007ffc30878000 Uncommon trap: reason=unstable_if action=reinterpret pc=0x0000000114970afc method=java.util.HashMap.putVal(ILjava/lang/Object;Ljava/lang/Object;ZZ)Ljava/lang/Object; @ 193
Event: 3.024 Thread 0x00007ffc30878000 Uncommon trap: reason=unstable_if action=reinterpret pc=0x0000000114a49b34 method=jdk.internal.org.objectweb.asm.Type.getArgumentsAndReturnSizes(Ljava/lang/String;)I @ 47
Event: 3.146 Thread 0x00007ffc30878000 Uncommon trap: reason=null_assert action=make_not_entrant pc=0x0000000114a35bbc method=java.util.zip.ZipEntry.<init>(Ljava/util/zip/ZipEntry;)V @ 70

Internal exceptions (10 events):
Event: 0.572 Thread 0x00007ffc30878000 Exception <a 'java/lang/NullPointerException'> (0x000000076bae7d98) thrown at [/Users/java_re/workspace/8-2-build-macosx-x86_64/jdk8u111/7883/hotspot/src/share/vm/interpreter/linkResolver.cpp, line 1178]
Event: 0.572 Thread 0x00007ffc30878000 Exception <a 'java/lang/NullPointerException'> (0x000000076bae7d98) thrown at [/Users/java_re/workspace/8-2-build-macosx-x86_64/jdk8u111/7883/hotspot/src/share/vm/prims/jvm.cpp, line 1390]
Event: 0.690 Thread 0x00007ffc30878000 Exception <a 'java/lang/ArrayIndexOutOfBoundsException'> (0x000000076bf6b3d0) thrown at [/Users/java_re/workspace/8-2-build-macosx-x86_64/jdk8u111/7883/hotspot/src/share/vm/runtime/sharedRuntime.cpp, line 605]
Event: 0.690 Thread 0x00007ffc30878000 Exception <a 'java/lang/ArrayIndexOutOfBoundsException'> (0x000000076bf6bee8) thrown at [/Users/java_re/workspace/8-2-build-macosx-x86_64/jdk8u111/7883/hotspot/src/share/vm/runtime/sharedRuntime.cpp, line 605]
Event: 0.690 Thread 0x00007ffc30878000 Exception <a 'java/lang/ArrayIndexOutOfBoundsException'> (0x000000076bf6d290) thrown at [/Users/java_re/workspace/8-2-build-macosx-x86_64/jdk8u111/7883/hotspot/src/share/vm/runtime/sharedRuntime.cpp, line 605]
Event: 1.160 Thread 0x00007ffc30878000 Exception <a 'java/io/FileNotFoundException'> (0x000000076c16dac0) thrown at [/Users/java_re/workspace/8-2-build-macosx-x86_64/jdk8u111/7883/hotspot/src/share/vm/prims/jni.cpp, line 709]
Event: 1.248 Thread 0x00007ffc30878000 Implicit null exception at 0x000000011496d075 to 0x000000011496d2ad
Event: 1.248 Thread 0x00007ffc30878000 Implicit null exception at 0x000000011497529b to 0x0000000114975ce1
Event: 3.134 Thread 0x00007ffc30878000 Exception <a 'java/lang/NoClassDefFoundError': org/apache/log4j/Category> (0x000000076d59c480) thrown at [/Users/java_re/workspace/8-2-build-macosx-x86_64/jdk8u111/7883/hotspot/src/share/vm/classfile/systemDictionary.cpp, line 199]
Event: 3.145 Thread 0x00007ffc30878000 Exception <a 'java/lang/UnsatisfiedLinkError': com.intel.bluetooth.BluetoothStackOSX.isNativeCodeLoaded()Z> (0x000000076d5db678) thrown at [/Users/java_re/workspace/8-2-build-macosx-x86_64/jdk8u111/7883/hotspot/src/share/vm/prims/nativeLookup.cpp, line 37

Events (10 events):
Event: 3.146 loading class java/nio/file/attribute/FileTime done
Event: 3.146 Thread 0x00007ffc30878000 Uncommon trap: trap_request=0xffffffec fr.pc=0x0000000114a35bbc
Event: 3.146 Thread 0x00007ffc30878000 DEOPT PACKING pc=0x0000000114a35bbc sp=0x00007ffee1893530
Event: 3.146 Thread 0x00007ffc30878000 DEOPT UNPACKING pc=0x00000001146dc229 sp=0x00007ffee1893358 mode 2
Event: 3.147 loading class java/io/DeleteOnExitHook
Event: 3.147 loading class java/io/DeleteOnExitHook done
Event: 3.147 loading class java/util/LinkedHashSet
Event: 3.147 loading class java/util/LinkedHashSet done
Event: 3.147 loading class java/io/DeleteOnExitHook$1
Event: 3.147 loading class java/io/DeleteOnExitHook$1 done


Dynamic libraries:
0x0000000000044000 	/System/Library/Frameworks/Cocoa.framework/Versions/A/Cocoa
0x0000000000044000 	/System/Library/Frameworks/Security.framework/Versions/A/Security
0x0000000000044000 	/System/Library/Frameworks/ApplicationServices.framework/Versions/A/ApplicationServices
0x0000000000044000 	/usr/lib/libz.1.dylib
0x0000000000044000 	/usr/lib/libSystem.B.dylib
0x0000000000044000 	/usr/lib/libobjc.A.dylib
0x0000000000044000 	/System/Library/Frameworks/CoreFoundation.framework/Versions/A/CoreFoundation
0x0000000000044000 	/System/Library/Frameworks/Foundation.framework/Versions/C/Foundation
0x0000000000044000 	/System/Library/Frameworks/AppKit.framework/Versions/C/AppKit
0x0000000000044000 	/System/Library/Frameworks/CoreData.framework/Versions/A/CoreData
0x0000000000044000 	/System/Library/PrivateFrameworks/UIFoundation.framework/Versions/A/UIFoundation
0x0000000000044000 	/System/Library/PrivateFrameworks/RemoteViewServices.framework/Versions/A/RemoteViewServices
0x0000000000044000 	/System/Library/PrivateFrameworks/XCTTargetBootstrap.framework/Versions/A/XCTTargetBootstrap
0x0000000000044000 	/usr/lib/libspindump.dylib
0x0000000000044000 	/System/Library/Frameworks/UniformTypeIdentifiers.framework/Versions/A/UniformTypeIdentifiers
0x0000000000044000 	/usr/lib/libapp_launch_measurement.dylib
0x0000000000044000 	/System/Library/PrivateFrameworks/CoreAutoLayout.framework/Versions/A/CoreAutoLayout
0x0000000000044000 	/System/Library/Frameworks/Metal.framework/Versions/A/Metal
0x0000000000044000 	/usr/lib/liblangid.dylib
0x0000000000044000 	/System/Library/PrivateFrameworks/CoreSVG.framework/Versions/A/CoreSVG
0x0000000000044000 	/System/Library/PrivateFrameworks/SkyLight.framework/Versions/A/SkyLight
0x0000000000044000 	/System/Library/Frameworks/CoreGraphics.framework/Versions/A/CoreGraphics
0x0000000000044000 	/System/Library/Frameworks/Accelerate.framework/Versions/A/Accelerate
0x0000000000044000 	/System/Library/PrivateFrameworks/IconServices.framework/Versions/A/IconServices
0x0000000000044000 	/System/Library/Frameworks/IOSurface.framework/Versions/A/IOSurface
0x0000000000044000 	/usr/lib/libDiagnosticMessagesClient.dylib
0x0000000000044000 	/System/Library/PrivateFrameworks/DFRFoundation.framework/Versions/A/DFRFoundation
0x0000000000044000 	/usr/lib/libicucore.A.dylib
0x0000000000044000 	/System/Library/Frameworks/AudioToolbox.framework/Versions/A/AudioToolbox
0x0000000000044000 	/System/Library/PrivateFrameworks/DataDetectorsCore.framework/Versions/A/DataDetectorsCore
0x0000000000044000 	/System/Library/Frameworks/Carbon.framework/Versions/A/Frameworks/HIToolbox.framework/Versions/A/HIToolbox
0x0000000000044000 	/System/Library/Frameworks/QuartzCore.framework/Versions/A/QuartzCore
0x0000000000044000 	/System/Library/Frameworks/Carbon.framework/Versions/A/Frameworks/SpeechRecognition.framework/Versions/A/SpeechRecognition
0x0000000000044000 	/System/Library/PrivateFrameworks/CoreUI.framework/Versions/A/CoreUI
0x0000000000044000 	/System/Library/Frameworks/CoreAudio.framework/Versions/A/CoreAudio
0x0000000000044000 	/System/Library/Frameworks/DiskArbitration.framework/Versions/A/DiskArbitration
0x0000000000044000 	/System/Library/PrivateFrameworks/MultitouchSupport.framework/Versions/A/MultitouchSupport
0x0000000000044000 	/System/Library/PrivateFrameworks/InternationalSupport.framework/Versions/A/InternationalSupport
0x0000000000044000 	/usr/lib/libenergytrace.dylib
0x0000000000044000 	/System/Library/Frameworks/IOKit.framework/Versions/A/IOKit
0x0000000000044000 	/System/Library/Frameworks/CoreServices.framework/Versions/A/CoreServices
0x0000000000044000 	/System/Library/PrivateFrameworks/PerformanceAnalysis.framework/Versions/A/PerformanceAnalysis
0x0000000000044000 	/System/Library/Frameworks/OpenGL.framework/Versions/A/OpenGL
0x0000000000044000 	/System/Library/PrivateFrameworks/UserActivity.framework/Versions/A/UserActivity
0x0000000000044000 	/System/Library/Frameworks/ColorSync.framework/Versions/A/ColorSync
0x0000000000044000 	/System/Library/Frameworks/CoreImage.framework/Versions/A/CoreImage
0x0000000000044000 	/System/Library/Frameworks/CoreText.framework/Versions/A/CoreText
0x0000000000044000 	/System/Library/Frameworks/ImageIO.framework/Versions/A/ImageIO
0x0000000000044000 	/System/Library/PrivateFrameworks/SoftLinking.framework/Versions/A/SoftLinking
0x0000000000044000 	/usr/lib/libxml2.2.dylib
0x0000000000044000 	/usr/lib/libc++.1.dylib
0x0000000000044000 	/usr/lib/libcompression.dylib
0x0000000000044000 	/usr/lib/libMobileGestalt.dylib
0x0000000000044000 	/System/Library/PrivateFrameworks/TextureIO.framework/Versions/A/TextureIO
0x0000000000044000 	/usr/lib/libate.dylib
0x0000000000044000 	/usr/lib/system/libcache.dylib
0x0000000000044000 	/usr/lib/system/libcommonCrypto.dylib
0x0000000000044000 	/usr/lib/system/libcompiler_rt.dylib
0x0000000000044000 	/usr/lib/system/libcopyfile.dylib
0x0000000000044000 	/usr/lib/system/libcorecrypto.dylib
0x0000000000044000 	/usr/lib/system/libdispatch.dylib
0x0000000000044000 	/usr/lib/system/libdyld.dylib
0x0000000000044000 	/usr/lib/system/libkeymgr.dylib
0x0000000000044000 	/usr/lib/system/liblaunch.dylib
0x0000000000044000 	/usr/lib/system/libmacho.dylib
0x0000000000044000 	/usr/lib/system/libquarantine.dylib
0x0000000000044000 	/usr/lib/system/libremovefile.dylib
0x0000000000044000 	/usr/lib/system/libsystem_asl.dylib
0x0000000000044000 	/usr/lib/system/libsystem_blocks.dylib
0x0000000000044000 	/usr/lib/system/libsystem_c.dylib
0x0000000000044000 	/usr/lib/system/libsystem_collections.dylib
0x0000000000044000 	/usr/lib/system/libsystem_configuration.dylib
0x0000000000044000 	/usr/lib/system/libsystem_containermanager.dylib
0x0000000000044000 	/usr/lib/system/libsystem_coreservices.dylib
0x0000000000044000 	/usr/lib/system/libsystem_darwin.dylib
0x0000000000044000 	/usr/lib/system/libsystem_dnssd.dylib
0x0000000000044000 	/usr/lib/system/libsystem_featureflags.dylib
0x0000000000044000 	/usr/lib/system/libsystem_info.dylib
0x0000000000044000 	/usr/lib/system/libsystem_m.dylib
0x0000000000044000 	/usr/lib/system/libsystem_malloc.dylib
0x0000000000044000 	/usr/lib/system/libsystem_networkextension.dylib
0x0000000000044000 	/usr/lib/system/libsystem_notify.dylib
0x0000000000044000 	/usr/lib/system/libsystem_product_info_filter.dylib
0x0000000000044000 	/usr/lib/system/libsystem_sandbox.dylib
0x0000000000044000 	/usr/lib/system/libsystem_secinit.dylib
0x0000000000044000 	/usr/lib/system/libsystem_kernel.dylib
0x0000000000044000 	/usr/lib/system/libsystem_platform.dylib
0x0000000000044000 	/usr/lib/system/libsystem_pthread.dylib
0x0000000000044000 	/usr/lib/system/libsystem_symptoms.dylib
0x0000000000044000 	/usr/lib/system/libsystem_trace.dylib
0x0000000000044000 	/usr/lib/system/libunwind.dylib
0x0000000000044000 	/usr/lib/system/libxpc.dylib
0x0000000000044000 	/usr/lib/libc++abi.dylib
0x0000000000044000 	/usr/lib/liboah.dylib
0x0000000000044000 	/usr/lib/liblzma.5.dylib
0x0000000000044000 	/System/Library/Frameworks/SystemConfiguration.framework/Versions/A/SystemConfiguration
0x0000000000044000 	/usr/lib/libfakelink.dylib
0x0000000000044000 	/System/Library/Frameworks/CFNetwork.framework/Versions/A/CFNetwork
0x0000000000044000 	/usr/lib/libarchive.2.dylib
0x0000000000044000 	/usr/lib/libCRFSuite.dylib
0x0000000000044000 	/usr/lib/libbsm.0.dylib
0x0000000000044000 	/usr/lib/libnetwork.dylib
0x0000000000044000 	/usr/lib/libpcap.A.dylib
0x0000000000044000 	/usr/lib/libdns_services.dylib
0x0000000000044000 	/usr/lib/libcoretls_cfhelpers.dylib
0x0000000000044000 	/usr/lib/libapple_nghttp2.dylib
0x0000000000044000 	/usr/lib/system/libkxld.dylib
0x0000000000044000 	/usr/lib/libsqlite3.dylib
0x0000000000044000 	/System/Library/PrivateFrameworks/AppleFSCompression.framework/Versions/A/AppleFSCompression
0x0000000000044000 	/usr/lib/libcoretls.dylib
0x0000000000044000 	/usr/lib/libpam.2.dylib
0x0000000000044000 	/usr/lib/libxar.1.dylib
0x0000000000044000 	/System/Library/PrivateFrameworks/AppleSystemInfo.framework/Versions/A/AppleSystemInfo
0x0000000000044000 	/System/Library/PrivateFrameworks/IOMobileFramebuffer.framework/Versions/A/IOMobileFramebuffer
0x0000000000044000 	/usr/lib/libbz2.1.0.dylib
0x0000000000044000 	/usr/lib/libiconv.2.dylib
0x0000000000044000 	/usr/lib/libcharset.1.dylib
0x0000000000044000 	/System/Library/Frameworks/CoreServices.framework/Versions/A/Frameworks/FSEvents.framework/Versions/A/FSEvents
0x0000000000044000 	/System/Library/Frameworks/CoreServices.framework/Versions/A/Frameworks/CarbonCore.framework/Versions/A/CarbonCore
0x0000000000044000 	/System/Library/Frameworks/CoreServices.framework/Versions/A/Frameworks/Metadata.framework/Versions/A/Metadata
0x0000000000044000 	/System/Library/Frameworks/CoreServices.framework/Versions/A/Frameworks/OSServices.framework/Versions/A/OSServices
0x0000000000044000 	/System/Library/Frameworks/CoreServices.framework/Versions/A/Frameworks/SearchKit.framework/Versions/A/SearchKit
0x0000000000044000 	/System/Library/Frameworks/CoreServices.framework/Versions/A/Frameworks/AE.framework/Versions/A/AE
0x0000000000044000 	/System/Library/Frameworks/CoreServices.framework/Versions/A/Frameworks/LaunchServices.framework/Versions/A/LaunchServices
0x0000000000044000 	/System/Library/Frameworks/CoreServices.framework/Versions/A/Frameworks/DictionaryServices.framework/Versions/A/DictionaryServices
0x0000000000044000 	/System/Library/Frameworks/CoreServices.framework/Versions/A/Frameworks/SharedFileList.framework/Versions/A/SharedFileList
0x0000000000044000 	/usr/lib/libCheckFix.dylib
0x0000000000044000 	/System/Library/PrivateFrameworks/TCC.framework/Versions/A/TCC
0x0000000000044000 	/System/Library/PrivateFrameworks/CoreNLP.framework/Versions/A/CoreNLP
0x0000000000044000 	/System/Library/PrivateFrameworks/MetadataUtilities.framework/Versions/A/MetadataUtilities
0x0000000000044000 	/usr/lib/libmecabra.dylib
0x0000000000044000 	/System/Library/Frameworks/MLCompute.framework/Versions/A/MLCompute
0x0000000000044000 	/usr/lib/libmecab.dylib
0x0000000000044000 	/usr/lib/libgermantok.dylib
0x0000000000044000 	/usr/lib/libThaiTokenizer.dylib
0x0000000000044000 	/usr/lib/libChineseTokenizer.dylib
0x0000000000044000 	/System/Library/Frameworks/MetalPerformanceShaders.framework/Versions/A/MetalPerformanceShaders
0x0000000000044000 	/System/Library/Frameworks/Accelerate.framework/Versions/A/Frameworks/vImage.framework/Versions/A/vImage
0x0000000000044000 	/System/Library/Frameworks/Accelerate.framework/Versions/A/Frameworks/vecLib.framework/Versions/A/vecLib
0x0000000000044000 	/System/Library/Frameworks/Accelerate.framework/Versions/A/Frameworks/vecLib.framework/Versions/A/libvMisc.dylib
0x0000000000044000 	/System/Library/Frameworks/Accelerate.framework/Versions/A/Frameworks/vecLib.framework/Versions/A/libvDSP.dylib
0x0000000000044000 	/System/Library/Frameworks/Accelerate.framework/Versions/A/Frameworks/vecLib.framework/Versions/A/libBLAS.dylib
0x0000000000044000 	/System/Library/Frameworks/Accelerate.framework/Versions/A/Frameworks/vecLib.framework/Versions/A/libLAPACK.dylib
0x0000000000044000 	/System/Library/Frameworks/Accelerate.framework/Versions/A/Frameworks/vecLib.framework/Versions/A/libLinearAlgebra.dylib
0x0000000000044000 	/System/Library/Frameworks/Accelerate.framework/Versions/A/Frameworks/vecLib.framework/Versions/A/libSparseBLAS.dylib
0x0000000000044000 	/System/Library/Frameworks/Accelerate.framework/Versions/A/Frameworks/vecLib.framework/Versions/A/libQuadrature.dylib
0x0000000000044000 	/System/Library/Frameworks/Accelerate.framework/Versions/A/Frameworks/vecLib.framework/Versions/A/libBNNS.dylib
0x0000000000044000 	/System/Library/Frameworks/Accelerate.framework/Versions/A/Frameworks/vecLib.framework/Versions/A/libSparse.dylib
0x0000000000044000 	/System/Library/Frameworks/MetalPerformanceShaders.framework/Versions/A/Frameworks/MPSCore.framework/Versions/A/MPSCore
0x0000000000044000 	/System/Library/Frameworks/MetalPerformanceShaders.framework/Versions/A/Frameworks/MPSImage.framework/Versions/A/MPSImage
0x0000000000044000 	/System/Library/Frameworks/MetalPerformanceShaders.framework/Versions/A/Frameworks/MPSNeuralNetwork.framework/Versions/A/MPSNeuralNetwork
0x0000000000044000 	/System/Library/Frameworks/MetalPerformanceShaders.framework/Versions/A/Frameworks/MPSMatrix.framework/Versions/A/MPSMatrix
0x0000000000044000 	/System/Library/Frameworks/MetalPerformanceShaders.framework/Versions/A/Frameworks/MPSRayIntersector.framework/Versions/A/MPSRayIntersector
0x0000000000044000 	/System/Library/Frameworks/MetalPerformanceShaders.framework/Versions/A/Frameworks/MPSNDArray.framework/Versions/A/MPSNDArray
0x0000000000044000 	/System/Library/PrivateFrameworks/MetalTools.framework/Versions/A/MetalTools
0x0000000000044000 	/System/Library/PrivateFrameworks/AggregateDictionary.framework/Versions/A/AggregateDictionary
0x0000000000044000 	/System/Library/PrivateFrameworks/CoreAnalytics.framework/Versions/A/CoreAnalytics
0x0000000000044000 	/System/Library/PrivateFrameworks/AppleSauce.framework/Versions/A/AppleSauce
0x0000000000044000 	/System/Library/PrivateFrameworks/IOAccelerator.framework/Versions/A/IOAccelerator
0x0000000000044000 	/System/Library/Frameworks/OpenGL.framework/Versions/A/Libraries/libCoreFSCache.dylib
0x0000000000044000 	/System/Library/PrivateFrameworks/LanguageModeling.framework/Versions/A/LanguageModeling
0x0000000000044000 	/System/Library/PrivateFrameworks/CoreEmoji.framework/Versions/A/CoreEmoji
0x0000000000044000 	/System/Library/PrivateFrameworks/LinguisticData.framework/Versions/A/LinguisticData
0x0000000000044000 	/System/Library/PrivateFrameworks/Lexicon.framework/Versions/A/Lexicon
0x0000000000044000 	/usr/lib/libcmph.dylib
0x0000000000044000 	/System/Library/Frameworks/OpenDirectory.framework/Versions/A/Frameworks/CFOpenDirectory.framework/Versions/A/CFOpenDirectory
0x0000000000044000 	/System/Library/Frameworks/OpenDirectory.framework/Versions/A/OpenDirectory
0x0000000000044000 	/System/Library/PrivateFrameworks/APFS.framework/Versions/A/APFS
0x0000000000044000 	/System/Library/Frameworks/SecurityFoundation.framework/Versions/A/SecurityFoundation
0x0000000000044000 	/usr/lib/libutil.dylib
0x0000000000044000 	/System/Library/PrivateFrameworks/CoreServicesStore.framework/Versions/A/CoreServicesStore
0x0000000000044000 	/System/Library/Frameworks/ServiceManagement.framework/Versions/A/ServiceManagement
0x0000000000044000 	/usr/lib/libxslt.1.dylib
0x0000000000044000 	/System/Library/PrivateFrameworks/BackgroundTaskManagement.framework/Versions/A/BackgroundTaskManagement
0x0000000000044000 	/System/Library/Frameworks/ImageIO.framework/Versions/A/Resources/libRadiance.dylib
0x0000000000044000 	/System/Library/Frameworks/ImageIO.framework/Versions/A/Resources/libJPEG.dylib
0x0000000000044000 	/System/Library/Frameworks/ImageIO.framework/Versions/A/Resources/libPng.dylib
0x0000000000044000 	/System/Library/Frameworks/ImageIO.framework/Versions/A/Resources/libTIFF.dylib
0x0000000000044000 	/System/Library/Frameworks/ImageIO.framework/Versions/A/Resources/libGIF.dylib
0x0000000000044000 	/System/Library/Frameworks/ImageIO.framework/Versions/A/Resources/libJP2.dylib
0x0000000000044000 	/usr/lib/libexpat.1.dylib
0x0000000000044000 	/System/Library/PrivateFrameworks/AppleJPEG.framework/Versions/A/AppleJPEG
0x0000000000044000 	/System/Library/PrivateFrameworks/FontServices.framework/libFontParser.dylib
0x0000000000044000 	/System/Library/PrivateFrameworks/RunningBoardServices.framework/Versions/A/RunningBoardServices
0x0000000000044000 	/System/Library/PrivateFrameworks/WatchdogClient.framework/Versions/A/WatchdogClient
0x0000000000044000 	/System/Library/Frameworks/CoreDisplay.framework/Versions/A/CoreDisplay
0x0000000000044000 	/System/Library/Frameworks/CoreMedia.framework/Versions/A/CoreMedia
0x0000000000044000 	/System/Library/Frameworks/CoreVideo.framework/Versions/A/CoreVideo
0x0000000000044000 	/System/Library/Frameworks/VideoToolbox.framework/Versions/A/VideoToolbox
0x0000000000044000 	/System/Library/PrivateFrameworks/BaseBoard.framework/Versions/A/BaseBoard
0x0000000000044000 	/System/Library/PrivateFrameworks/PersistentConnection.framework/Versions/A/PersistentConnection
0x0000000000044000 	/System/Library/PrivateFrameworks/ProtocolBuffer.framework/Versions/A/ProtocolBuffer
0x0000000000044000 	/System/Library/PrivateFrameworks/CommonUtilities.framework/Versions/A/CommonUtilities
0x0000000000044000 	/System/Library/PrivateFrameworks/Bom.framework/Versions/A/Bom
0x0000000000044000 	/System/Library/PrivateFrameworks/GPUWrangler.framework/Versions/A/GPUWrangler
0x0000000000044000 	/System/Library/PrivateFrameworks/IOPresentment.framework/Versions/A/IOPresentment
0x0000000000044000 	/System/Library/PrivateFrameworks/DSExternalDisplay.framework/Versions/A/DSExternalDisplay
0x0000000000044000 	/System/Library/PrivateFrameworks/CMCaptureCore.framework/Versions/A/CMCaptureCore
0x0000000000044000 	/System/Library/PrivateFrameworks/AppServerSupport.framework/Versions/A/AppServerSupport
0x0000000000044000 	/System/Library/PrivateFrameworks/perfdata.framework/Versions/A/perfdata
0x0000000000044000 	/System/Library/PrivateFrameworks/AssertionServices.framework/Versions/A/AssertionServices
0x0000000000044000 	/System/Library/PrivateFrameworks/AudioToolboxCore.framework/Versions/A/AudioToolboxCore
0x0000000000044000 	/System/Library/PrivateFrameworks/caulk.framework/Versions/A/caulk
0x0000000000044000 	/System/Library/PrivateFrameworks/SystemPolicy.framework/Versions/A/SystemPolicy
0x0000000000044000 	/usr/lib/libIOReport.dylib
0x0000000000044000 	/usr/lib/libSMC.dylib
0x0000000000044000 	/usr/lib/libAudioToolboxUtility.dylib
0x0000000000044000 	/usr/lib/libmis.dylib
0x0000000000044000 	/System/Library/Frameworks/OpenGL.framework/Versions/A/Libraries/libGLU.dylib
0x0000000000044000 	/System/Library/Frameworks/OpenGL.framework/Versions/A/Libraries/libGFXShared.dylib
0x0000000000044000 	/System/Library/Frameworks/OpenGL.framework/Versions/A/Libraries/libGL.dylib
0x0000000000044000 	/System/Library/Frameworks/OpenGL.framework/Versions/A/Libraries/libGLImage.dylib
0x0000000000044000 	/System/Library/Frameworks/OpenGL.framework/Versions/A/Libraries/libCVMSPluginSupport.dylib
0x0000000000044000 	/System/Library/Frameworks/OpenGL.framework/Versions/A/Libraries/libCoreVMClient.dylib
0x0000000000044000 	/System/Library/Frameworks/OpenCL.framework/Versions/A/OpenCL
0x0000000000044000 	/System/Library/PrivateFrameworks/GraphVisualizer.framework/Versions/A/GraphVisualizer
0x0000000000044000 	/System/Library/PrivateFrameworks/FaceCore.framework/Versions/A/FaceCore
0x0000000000044000 	/System/Library/PrivateFrameworks/OTSVG.framework/Versions/A/OTSVG
0x0000000000044000 	/System/Library/Frameworks/ApplicationServices.framework/Versions/A/Frameworks/ATS.framework/Versions/A/Resources/libFontRegistry.dylib
0x0000000000044000 	/System/Library/PrivateFrameworks/FontServices.framework/libhvf.dylib
0x0000000000044000 	/System/Library/PrivateFrameworks/AppleVA.framework/Versions/A/AppleVA
0x0000000000044000 	/System/Library/Frameworks/ApplicationServices.framework/Versions/A/Frameworks/ATS.framework/Versions/A/ATS
0x0000000000044000 	/System/Library/Frameworks/ApplicationServices.framework/Versions/A/Frameworks/ColorSyncLegacy.framework/Versions/A/ColorSyncLegacy
0x0000000000044000 	/System/Library/Frameworks/ApplicationServices.framework/Versions/A/Frameworks/HIServices.framework/Versions/A/HIServices
0x0000000000044000 	/System/Library/Frameworks/ApplicationServices.framework/Versions/A/Frameworks/LangAnalysis.framework/Versions/A/LangAnalysis
0x0000000000044000 	/System/Library/Frameworks/ApplicationServices.framework/Versions/A/Frameworks/PrintCore.framework/Versions/A/PrintCore
0x0000000000044000 	/System/Library/Frameworks/ApplicationServices.framework/Versions/A/Frameworks/QD.framework/Versions/A/QD
0x0000000000044000 	/System/Library/Frameworks/ApplicationServices.framework/Versions/A/Frameworks/SpeechSynthesis.framework/Versions/A/SpeechSynthesis
0x0000000000044000 	/System/Library/Frameworks/ApplicationServices.framework/Versions/A/Frameworks/ATSUI.framework/Versions/A/ATSUI
0x0000000000044000 	/usr/lib/libcups.2.dylib
0x0000000000044000 	/System/Library/PrivateFrameworks/NetAuth.framework/Versions/A/NetAuth
0x0000000000044000 	/System/Library/Frameworks/Kerberos.framework/Versions/A/Kerberos
0x0000000000044000 	/System/Library/Frameworks/GSS.framework/Versions/A/GSS
0x0000000000044000 	/usr/lib/libresolv.9.dylib
0x0000000000044000 	/System/Library/PrivateFrameworks/Heimdal.framework/Versions/A/Heimdal
0x0000000000044000 	/System/Library/Frameworks/Kerberos.framework/Versions/A/Libraries/libHeimdalProxy.dylib
0x0000000000044000 	/System/Library/Frameworks/Network.framework/Versions/A/Network
0x0000000000044000 	/usr/lib/libheimdal-asn1.dylib
0x0000000000044000 	/System/Library/PrivateFrameworks/CommonAuth.framework/Versions/A/CommonAuth
0x0000000000044000 	/System/Library/PrivateFrameworks/login.framework/Versions/A/Frameworks/loginsupport.framework/Versions/A/loginsupport
0x0000000000044000 	/System/Library/PrivateFrameworks/AudioSession.framework/Versions/A/AudioSession
0x0000000000044000 	/usr/lib/libAudioStatistics.dylib
0x0000000000044000 	/System/Library/PrivateFrameworks/MediaExperience.framework/Versions/A/MediaExperience
0x0000000000044000 	/System/Library/PrivateFrameworks/AudioSession.framework/libSessionUtility.dylib
0x0000000000044000 	/usr/lib/libperfcheck.dylib
0x0000000000044000 	/System/Library/PrivateFrameworks/AudioResourceArbitration.framework/Versions/A/AudioResourceArbitration
0x0000000000044000 	/System/Library/PrivateFrameworks/IconFoundation.framework/Versions/A/IconFoundation
0x0000000000044000 	/System/Library/PrivateFrameworks/SpeechRecognitionCore.framework/Versions/A/SpeechRecognitionCore
0x0000000113736000 	/Library/Java/JavaVirtualMachines/jdk1.8.0_111.jdk/Contents/Home/jre/lib/server/libjvm.dylib
0x0000000000044000 	/usr/lib/libstdc++.6.dylib
0x000000010e397000 	/Library/Java/JavaVirtualMachines/jdk1.8.0_111.jdk/Contents/Home/jre/lib/libverify.dylib
0x000000010e3a5000 	/Library/Java/JavaVirtualMachines/jdk1.8.0_111.jdk/Contents/Home/jre/lib/libjava.dylib
0x000000010e424000 	/Library/Java/JavaVirtualMachines/jdk1.8.0_111.jdk/Contents/Home/jre/lib/libzip.dylib
0x0000000000044000 	/System/Library/Frameworks/JavaRuntimeSupport.framework/Versions/A/JavaRuntimeSupport
0x0000000000044000 	/System/Library/Frameworks/Carbon.framework/Versions/A/Carbon
0x0000000000044000 	/System/Library/PrivateFrameworks/CoreSymbolication.framework/Versions/A/CoreSymbolication
0x0000000000044000 	/System/Library/Frameworks/Carbon.framework/Versions/A/Frameworks/CommonPanels.framework/Versions/A/CommonPanels
0x0000000000044000 	/System/Library/Frameworks/Carbon.framework/Versions/A/Frameworks/Help.framework/Versions/A/Help
0x0000000000044000 	/System/Library/Frameworks/Carbon.framework/Versions/A/Frameworks/ImageCapture.framework/Versions/A/ImageCapture
0x0000000000044000 	/System/Library/Frameworks/Carbon.framework/Versions/A/Frameworks/OpenScripting.framework/Versions/A/OpenScripting
0x0000000000044000 	/System/Library/Frameworks/Carbon.framework/Versions/A/Frameworks/Ink.framework/Versions/A/Ink
0x0000000000044000 	/System/Library/Frameworks/Carbon.framework/Versions/A/Frameworks/Print.framework/Versions/A/Print
0x0000000000044000 	/System/Library/Frameworks/Carbon.framework/Versions/A/Frameworks/SecurityHI.framework/Versions/A/SecurityHI
0x0000000000044000 	/System/Library/PrivateFrameworks/DebugSymbols.framework/Versions/A/DebugSymbols
0x00000001135bc000 	/Library/Java/JavaVirtualMachines/jdk1.8.0_111.jdk/Contents/Home/jre/lib/libprism_es2.dylib
0x0000000000044000 	/System/Library/PrivateFrameworks/CoreServicesInternal.framework/Versions/A/CoreServicesInternal
0x0000000000044000 	/System/Library/Frameworks/OpenGL.framework/Versions/A/Resources/GLEngine.bundle/GLEngine
0x0000000000044000 	/System/Library/Frameworks/OpenGL.framework/Versions/A/Libraries/libGLProgrammability.dylib
0x0000000000044000 	/System/Library/Extensions/AppleIntelICLGraphicsGLDriver.bundle/Contents/MacOS/AppleIntelICLGraphicsGLDriver
0x0000000000044000 	/System/Library/PrivateFrameworks/GPUSupport.framework/Versions/A/Libraries/libGPUSupportMercury.dylib
0x0000000000044000 	/System/Library/Frameworks/OpenGL.framework/Versions/A/Resources/GLRendererFloat.bundle/GLRendererFloat
0x000000012eab3000 	/Library/Java/JavaVirtualMachines/jdk1.8.0_111.jdk/Contents/Home/jre/lib/libglass.dylib
0x0000000000044000 	/System/Library/Frameworks/FileProvider.framework/Versions/A/FileProvider
0x0000000000044000 	/System/Library/Frameworks/Accounts.framework/Versions/A/Accounts
0x0000000000044000 	/System/Library/PrivateFrameworks/GenerationalStorage.framework/Versions/A/GenerationalStorage
0x0000000000044000 	/System/Library/PrivateFrameworks/SymptomDiagnosticReporter.framework/Versions/A/SymptomDiagnosticReporter
0x0000000000044000 	/System/Library/PrivateFrameworks/AppContainer.framework/Versions/A/AppContainer
0x0000000000044000 	/System/Library/PrivateFrameworks/DesktopServicesPriv.framework/Versions/A/DesktopServicesPriv
0x0000000000044000 	/usr/lib/libsandbox.1.dylib
0x0000000000044000 	/System/Library/PrivateFrameworks/UserManagement.framework/Versions/A/UserManagement
0x0000000000044000 	/System/Library/PrivateFrameworks/MobileKeyBag.framework/Versions/A/MobileKeyBag
0x0000000000044000 	/System/Library/PrivateFrameworks/ChunkingLibrary.framework/Versions/A/ChunkingLibrary
0x0000000000044000 	/System/Library/PrivateFrameworks/SecCodeWrapper.framework/Versions/A/SecCodeWrapper
0x0000000000044000 	/System/Library/PrivateFrameworks/CrashReporterSupport.framework/Versions/A/CrashReporterSupport
0x0000000000044000 	/System/Library/PrivateFrameworks/OSAnalytics.framework/Versions/A/OSAnalytics
0x0000000000044000 	/usr/lib/libRosetta.dylib
0x0000000000044000 	/System/Library/PrivateFrameworks/RemoteServiceDiscovery.framework/Versions/A/RemoteServiceDiscovery
0x0000000000044000 	/System/Library/PrivateFrameworks/Symbolication.framework/Versions/A/Symbolication
0x0000000000044000 	/System/Library/PrivateFrameworks/RemoteXPC.framework/Versions/A/RemoteXPC
0x0000000000044000 	/System/Library/PrivateFrameworks/OSAServicesClient.framework/Versions/A/OSAServicesClient
0x0000000000044000 	/System/Library/PrivateFrameworks/MallocStackLogging.framework/Versions/A/MallocStackLogging
0x0000000000044000 	/System/Library/PrivateFrameworks/Sharing.framework/Versions/A/Sharing
0x0000000000044000 	/System/Library/PrivateFrameworks/Apple80211.framework/Versions/A/Apple80211
0x0000000000044000 	/System/Library/PrivateFrameworks/AuthKit.framework/Versions/A/AuthKit
0x0000000000044000 	/System/Library/PrivateFrameworks/CoreUtils.framework/Versions/A/CoreUtils
0x0000000000044000 	/System/Library/Frameworks/CoreWLAN.framework/Versions/A/CoreWLAN
0x0000000000044000 	/System/Library/Frameworks/IOBluetooth.framework/Versions/A/IOBluetooth
0x0000000000044000 	/System/Library/PrivateFrameworks/CoreWiFi.framework/Versions/A/CoreWiFi
0x0000000000044000 	/System/Library/PrivateFrameworks/CorePhoneNumbers.framework/Versions/A/CorePhoneNumbers
0x0000000000044000 	/System/Library/PrivateFrameworks/DiskManagement.framework/Versions/A/DiskManagement
0x0000000000044000 	/System/Library/PrivateFrameworks/AppleIDAuthSupport.framework/Versions/A/AppleIDAuthSupport
0x0000000000044000 	/System/Library/PrivateFrameworks/KeychainCircle.framework/Versions/A/KeychainCircle
0x0000000000044000 	/System/Library/PrivateFrameworks/MediaKit.framework/Versions/A/MediaKit
0x0000000000044000 	/System/Library/Frameworks/DiscRecording.framework/Versions/A/DiscRecording
0x0000000000044000 	/usr/lib/libCoreStorage.dylib
0x0000000000044000 	/usr/lib/libcsfde.dylib
0x0000000000044000 	/System/Library/PrivateFrameworks/ProtectedCloudStorage.framework/Versions/A/ProtectedCloudStorage
0x0000000000044000 	/System/Library/PrivateFrameworks/EFILogin.framework/Versions/A/EFILogin
0x0000000000044000 	/System/Library/Frameworks/AudioUnit.framework/Versions/A/AudioUnit
0x0000000000044000 	/System/Library/Frameworks/CoreBluetooth.framework/Versions/A/CoreBluetooth
0x0000000000044000 	/usr/lib/libMatch.1.dylib
0x00000001301d1000 	/usr/lib/libobjc-trampolines.dylib
0x0000000000044000 	/System/Library/Frameworks/Accelerate.framework/Versions/A/Frameworks/vImage.framework/Versions/A/Libraries/libCGInterfaces.dylib
0x0000000000044000 	/System/Library/PrivateFrameworks/FamilyControls.framework/Versions/A/FamilyControls
0x0000000000044000 	/System/Library/PrivateFrameworks/CommerceKit.framework/Versions/A/Frameworks/CommerceCore.framework/Versions/A/CommerceCore
0x0000000000044000 	/System/Library/PrivateFrameworks/SystemAdministration.framework/Versions/A/SystemAdministration
0x0000000000044000 	/System/Library/Frameworks/MediaToolbox.framework/Versions/A/MediaToolbox
0x0000000000044000 	/System/Library/Frameworks/DirectoryService.framework/Versions/A/DirectoryService
0x0000000000044000 	/System/Library/PrivateFrameworks/DiskImages.framework/Versions/A/DiskImages
0x0000000000044000 	/System/Library/PrivateFrameworks/LoginUIKit.framework/Versions/A/Frameworks/LoginUICore.framework/Versions/A/LoginUICore
0x0000000000044000 	/usr/lib/libodfde.dylib
0x0000000000044000 	/System/Library/PrivateFrameworks/CoreAVCHD.framework/Versions/A/CoreAVCHD
0x0000000000044000 	/System/Library/Frameworks/MediaAccessibility.framework/Versions/A/MediaAccessibility
0x0000000000044000 	/System/Library/PrivateFrameworks/Mangrove.framework/Versions/A/Mangrove
0x0000000000044000 	/System/Library/PrivateFrameworks/AlgosScoreFramework.framework/Versions/A/AlgosScoreFramework
0x0000000000044000 	/System/Library/PrivateFrameworks/AppleVPA.framework/Versions/A/AppleVPA
0x0000000000044000 	/System/Library/PrivateFrameworks/CoreAUC.framework/Versions/A/CoreAUC
0x0000000000044000 	/usr/lib/libcurl.4.dylib
0x0000000000044000 	/usr/lib/libcrypto.44.dylib
0x0000000000044000 	/usr/lib/libssl.46.dylib
0x0000000000044000 	/System/Library/Frameworks/LDAP.framework/Versions/A/LDAP
0x0000000000044000 	/System/Library/PrivateFrameworks/TrustEvaluationAgent.framework/Versions/A/TrustEvaluationAgent
0x0000000000044000 	/usr/lib/libsasl2.2.dylib
0x0000000000044000 	/System/Library/PrivateFrameworks/CoreDaemon.framework/Versions/B/CoreDaemon
0x0000000000044000 	/System/Library/PrivateFrameworks/AppleSRP.framework/Versions/A/AppleSRP
0x0000000000044000 	/System/Library/PrivateFrameworks/ViewBridge.framework/Versions/A/ViewBridge
0x0000000000044000 	/System/Library/PrivateFrameworks/login.framework/Versions/A/login
0x0000000132b5b000 	/Library/Java/JavaVirtualMachines/jdk1.8.0_111.jdk/Contents/Home/jre/lib/libjavafx_font.dylib
0x000000013513a000 	/Library/Java/JavaVirtualMachines/jdk1.8.0_111.jdk/Contents/Home/jre/lib/libprism_common.dylib
0x0000000136e94000 	/private/var/folders/hj/mxh8qfjs3tddfl9n51tkp4cm0000gn/T/bluecove_hecyebesdelpino_0/libbluecove.jnilib
0x0000000000044000 	/System/Library/Frameworks/JavaVM.framework/Versions/A/JavaVM

VM Arguments:
jvm_args: -Dfile.encoding=UTF-8 
java_command: Client.choiceBoxTryBitalino
java_class_path (initial): /Users/hecyebesdelpino/NetBeansProjects/AmbulanceProject/ultimointento/Telemedicine_ambulance_project_2/lib/bluecove-2.1.2.jar:/Users/hecyebesdelpino/NetBeansProjects/AmbulanceProject/ultimointento/Telemedicine_ambulance_project_2/Documentacion:/Users/hecyebesdelpino/NetBeansProjects/AmbulanceProject/ultimointento/Telemedicine_ambulance_project_2/build/classes
Launcher Type: SUN_STANDARD

Environment Variables:
PATH=/usr/bin:/bin:/usr/sbin:/sbin
LD_LIBRARY_PATH=/Library/Java/JavaVirtualMachines/jdk1.8.0_111.jdk/Contents/Home/jre/lib/amd64:/Library/Java/JavaVirtualMachines/jdk1.8.0_111.jdk/Contents/Home/jre/lib/i386:
SHELL=/bin/zsh
DISPLAY=/private/tmp/com.apple.launchd.ycg8bDH6fh/org.macosforge.xquartz:0

Signal Handlers:
SIGSEGV: [libjvm.dylib+0x5b03ed], sa_mask[0]=11111111011111110111111111111111, sa_flags=SA_ONSTACK|SA_RESTART|SA_SIGINFO
SIGBUS: [libjvm.dylib+0x5b03ed], sa_mask[0]=11111111011111110111111111111111, sa_flags=SA_RESTART|SA_SIGINFO
SIGFPE: [libjvm.dylib+0x48711c], sa_mask[0]=11111111011111110111111111111111, sa_flags=SA_RESTART|SA_SIGINFO
SIGPIPE: [libjvm.dylib+0x48711c], sa_mask[0]=11111111011111110111111111111111, sa_flags=SA_RESTART|SA_SIGINFO
SIGXFSZ: [libjvm.dylib+0x48711c], sa_mask[0]=11111111011111110111111111111111, sa_flags=SA_RESTART|SA_SIGINFO
SIGILL: [libjvm.dylib+0x48711c], sa_mask[0]=11111111011111110111111111111111, sa_flags=SA_RESTART|SA_SIGINFO
SIGUSR1: SIG_DFL, sa_mask[0]=00000000000000000000000000000000, sa_flags=none
SIGUSR2: [libjvm.dylib+0x486c3a], sa_mask[0]=00100000000000000000000000000000, sa_flags=SA_RESTART|SA_SIGINFO
SIGHUP: [libjvm.dylib+0x485211], sa_mask[0]=11111111011111110111111111111111, sa_flags=SA_RESTART|SA_SIGINFO
SIGINT: SIG_IGN, sa_mask[0]=00000000000000000000000000000000, sa_flags=none
SIGTERM: [libjvm.dylib+0x485211], sa_mask[0]=11111111011111110111111111111111, sa_flags=SA_RESTART|SA_SIGINFO
SIGQUIT: [libjvm.dylib+0x485211], sa_mask[0]=11111111011111110111111111111111, sa_flags=SA_RESTART|SA_SIGINFO


---------------  S Y S T E M  ---------------

OS:Bsduname:Darwin 20.2.0 Darwin Kernel Version 20.2.0: Wed Dec  2 20:39:59 PST 2020; root:xnu-7195.60.75~1/RELEASE_X86_64 x86_64
rlimit: STACK 8192k, CORE 0k, NPROC 2784, NOFILE 10240, AS infinity
load average:2.92 2.64 2.58

CPU:total 8 (4 cores per cpu, 2 threads per core) family 6 model 126 stepping 5, cmov, cx8, fxsr, mmx, sse, sse2, sse3, ssse3, sse4.1, sse4.2, popcnt, avx, avx2, aes, clmul, erms, 3dnowpref, lzcnt, ht, tsc, tscinvbit, bmi1, bmi2, adx

Memory: 4k page, physical 16777216k(2223252k free)

/proc/meminfo:


vm_info: Java HotSpot(TM) 64-Bit Server VM (25.111-b14) for bsd-amd64 JRE (1.8.0_111-b14), built on Sep 22 2016 15:31:41 by "java_re" with gcc 4.2.1 (Based on Apple Inc. build 5658) (LLVM build 2336.11.00)

time: Mon Jan  4 13:21:58 2021
elapsed time: 3 seconds (0d 0h 0m 3s)

